[0.019s] Invoking command in '/home/lorenzo/Two_Wheel/ros_foxy_ws/build/two_wheel_control': AMENT_PREFIX_PATH=/home/lorenzo/Two_Wheel/ros_foxy_ws/install/two_wheel_control_msgs:${AMENT_PREFIX_PATH} CMAKE_PREFIX_PATH=/home/lorenzo/Two_Wheel/ros_foxy_ws/install/two_wheel_control_msgs:/home/lorenzo/Two_Wheel/ros_foxy_ws/install/two_wheel_control:/home/lorenzo/Two_Wheel/ros_foxy_ws/install/two_wheel_sim:/home/lorenzo/Two_Wheel/ros_foxy_ws/install/Two_Wheel_sim:/opt/ros/foxy /usr/bin/cmake --build /home/lorenzo/Two_Wheel/ros_foxy_ws/build/two_wheel_control -- -j4 -l4
[0.052s] -- Found ament_cmake: 0.9.9 (/opt/ros/foxy/share/ament_cmake/cmake)
[0.082s] -- Using PYTHON_EXECUTABLE: /usr/bin/python3
[0.404s] -- Found ros2_control: 0.10.1 (/opt/ros/foxy/share/ros2_control/cmake)
[0.404s] -- Found rclcpp: 2.4.1 (/opt/ros/foxy/share/rclcpp/cmake)
[0.450s] -- Using all available rosidl_typesupport_c: rosidl_typesupport_fastrtps_c;rosidl_typesupport_introspection_c
[0.456s] -- Found rosidl_adapter: 1.2.1 (/opt/ros/foxy/share/rosidl_adapter/cmake)
[0.599s] -- Using all available rosidl_typesupport_cpp: rosidl_typesupport_fastrtps_cpp;rosidl_typesupport_introspection_cpp
[0.732s] -- Found rmw_implementation_cmake: 1.0.3 (/opt/ros/foxy/share/rmw_implementation_cmake/cmake)
[0.735s] -- Using RMW implementation 'rmw_fastrtps_cpp' as default
[0.951s] -- Found ament_lint_auto: 0.9.6 (/opt/ros/foxy/share/ament_lint_auto/cmake)
[1.047s] -- Added test 'copyright' to check source files copyright and LICENSE
[1.048s] -- Added test 'cppcheck' to perform static code analysis on C / C++ code
[1.049s] -- Configured cppcheck include dirs: 
[1.049s] -- Configured cppcheck exclude dirs and/or files: 
[1.050s] -- Added test 'cpplint' to check C / C++ code against the Google style
[1.050s] -- Configured cpplint exclude dirs and/or files: 
[1.051s] -- Added test 'lint_cmake' to check CMake code style
[1.052s] -- Added test 'uncrustify' to check C / C++ code style
[1.052s] -- Configured uncrustify additional arguments: 
[1.052s] -- Added test 'xmllint' to check XML markup files
[1.056s] -- Configuring done
[1.059s] -- Generating done
[1.061s] -- Build files have been written to: /home/lorenzo/Two_Wheel/ros_foxy_ws/build/two_wheel_control
[1.090s] Invoked command in '/home/lorenzo/Two_Wheel/ros_foxy_ws/build/two_wheel_control' returned '0': AMENT_PREFIX_PATH=/home/lorenzo/Two_Wheel/ros_foxy_ws/install/two_wheel_control_msgs:${AMENT_PREFIX_PATH} CMAKE_PREFIX_PATH=/home/lorenzo/Two_Wheel/ros_foxy_ws/install/two_wheel_control_msgs:/home/lorenzo/Two_Wheel/ros_foxy_ws/install/two_wheel_control:/home/lorenzo/Two_Wheel/ros_foxy_ws/install/two_wheel_sim:/home/lorenzo/Two_Wheel/ros_foxy_ws/install/Two_Wheel_sim:/opt/ros/foxy /usr/bin/cmake --build /home/lorenzo/Two_Wheel/ros_foxy_ws/build/two_wheel_control -- -j4 -l4
[1.123s] Invoking command in '/home/lorenzo/Two_Wheel/ros_foxy_ws/build/two_wheel_control': AMENT_PREFIX_PATH=/home/lorenzo/Two_Wheel/ros_foxy_ws/install/two_wheel_control_msgs:${AMENT_PREFIX_PATH} CMAKE_PREFIX_PATH=/home/lorenzo/Two_Wheel/ros_foxy_ws/install/two_wheel_control_msgs:/home/lorenzo/Two_Wheel/ros_foxy_ws/install/two_wheel_control:/home/lorenzo/Two_Wheel/ros_foxy_ws/install/two_wheel_sim:/home/lorenzo/Two_Wheel/ros_foxy_ws/install/Two_Wheel_sim:/opt/ros/foxy /usr/bin/cmake --install /home/lorenzo/Two_Wheel/ros_foxy_ws/build/two_wheel_control
[1.137s] -- Install configuration: ""
[1.138s] -- Installing: /home/lorenzo/Two_Wheel/ros_foxy_ws/install/two_wheel_control/share/ament_index/resource_index/package_run_dependencies/two_wheel_control
[1.138s] -- Installing: /home/lorenzo/Two_Wheel/ros_foxy_ws/install/two_wheel_control/share/ament_index/resource_index/parent_prefix_path/two_wheel_control
[1.138s] -- Up-to-date: /home/lorenzo/Two_Wheel/ros_foxy_ws/install/two_wheel_control/share/two_wheel_control/environment/ament_prefix_path.sh
[1.138s] -- Installing: /home/lorenzo/Two_Wheel/ros_foxy_ws/install/two_wheel_control/share/two_wheel_control/environment/ament_prefix_path.dsv
[1.138s] -- Up-to-date: /home/lorenzo/Two_Wheel/ros_foxy_ws/install/two_wheel_control/share/two_wheel_control/environment/path.sh
[1.139s] -- Installing: /home/lorenzo/Two_Wheel/ros_foxy_ws/install/two_wheel_control/share/two_wheel_control/environment/path.dsv
[1.139s] -- Up-to-date: /home/lorenzo/Two_Wheel/ros_foxy_ws/install/two_wheel_control/share/two_wheel_control/local_setup.bash
[1.139s] -- Up-to-date: /home/lorenzo/Two_Wheel/ros_foxy_ws/install/two_wheel_control/share/two_wheel_control/local_setup.sh
[1.139s] -- Up-to-date: /home/lorenzo/Two_Wheel/ros_foxy_ws/install/two_wheel_control/share/two_wheel_control/local_setup.zsh
[1.139s] -- Installing: /home/lorenzo/Two_Wheel/ros_foxy_ws/install/two_wheel_control/share/two_wheel_control/local_setup.dsv
[1.139s] -- Installing: /home/lorenzo/Two_Wheel/ros_foxy_ws/install/two_wheel_control/share/two_wheel_control/package.dsv
[1.140s] -- Up-to-date: /home/lorenzo/Two_Wheel/ros_foxy_ws/install/two_wheel_control/share/ament_index/resource_index/packages/two_wheel_control
[1.140s] -- Up-to-date: /home/lorenzo/Two_Wheel/ros_foxy_ws/install/two_wheel_control/share/two_wheel_control/cmake/two_wheel_controlConfig.cmake
[1.140s] -- Up-to-date: /home/lorenzo/Two_Wheel/ros_foxy_ws/install/two_wheel_control/share/two_wheel_control/cmake/two_wheel_controlConfig-version.cmake
[1.140s] -- Installing: /home/lorenzo/Two_Wheel/ros_foxy_ws/install/two_wheel_control/share/two_wheel_control/package.xml
[1.147s] Invoked command in '/home/lorenzo/Two_Wheel/ros_foxy_ws/build/two_wheel_control' returned '0': AMENT_PREFIX_PATH=/home/lorenzo/Two_Wheel/ros_foxy_ws/install/two_wheel_control_msgs:${AMENT_PREFIX_PATH} CMAKE_PREFIX_PATH=/home/lorenzo/Two_Wheel/ros_foxy_ws/install/two_wheel_control_msgs:/home/lorenzo/Two_Wheel/ros_foxy_ws/install/two_wheel_control:/home/lorenzo/Two_Wheel/ros_foxy_ws/install/two_wheel_sim:/home/lorenzo/Two_Wheel/ros_foxy_ws/install/Two_Wheel_sim:/opt/ros/foxy /usr/bin/cmake --install /home/lorenzo/Two_Wheel/ros_foxy_ws/build/two_wheel_control
