[0.307s] DEBUG:colcon:Command line arguments: ['/usr/bin/colcon', 'build', '--merge-install', '--packages-select', 'two_wheel_sim']
[0.308s] DEBUG:colcon:Parsed command line arguments: Namespace(allow_overriding=[], ament_cmake_args=None, base_paths=['.'], build_base='build', catkin_cmake_args=None, catkin_skip_building_tests=False, cmake_args=None, cmake_clean_cache=False, cmake_clean_first=False, cmake_force_configure=False, cmake_target=None, cmake_target_skip_unavailable=False, continue_on_error=False, event_handlers=None, executor='parallel', ignore_user_meta=False, install_base='install', log_base=None, log_level=None, main=<bound method BuildVerb.main of <colcon_core.verb.build.BuildVerb object at 0x7f3b79d02e20>>, merge_install=True, metas=['./colcon.meta'], packages_above=None, packages_above_and_dependencies=None, packages_above_depth=None, packages_end=None, packages_ignore=None, packages_ignore_regex=None, packages_select=['two_wheel_sim'], packages_select_build_failed=False, packages_select_by_dep=None, packages_select_regex=None, packages_select_test_failures=False, packages_skip=None, packages_skip_build_finished=False, packages_skip_by_dep=None, packages_skip_regex=None, packages_skip_test_passed=False, packages_skip_up_to=None, packages_start=None, packages_up_to=None, packages_up_to_regex=None, parallel_workers=4, paths=None, symlink_install=False, test_result_base=None, verb_extension=<colcon_core.verb.build.BuildVerb object at 0x7f3b79d02e20>, verb_name='build', verb_parser=<colcon_defaults.argument_parser.defaults.DefaultArgumentsDecorator object at 0x7f3b79d0d3d0>)
[0.365s] Level 1:colcon.colcon_core.package_discovery:discover_packages(colcon_meta) check parameters
[0.365s] Level 1:colcon.colcon_core.package_discovery:discover_packages(recursive) check parameters
[0.365s] Level 1:colcon.colcon_core.package_discovery:discover_packages(ignore) check parameters
[0.365s] Level 1:colcon.colcon_core.package_discovery:discover_packages(path) check parameters
[0.365s] Level 1:colcon.colcon_core.package_discovery:discover_packages(colcon_meta) discover
[0.365s] Level 1:colcon.colcon_core.package_discovery:discover_packages(recursive) discover
[0.365s] INFO:colcon.colcon_core.package_discovery:Crawling recursively for packages in '/home/lorenzo/Two_Wheel/ros_foxy_ws'
[0.366s] Level 1:colcon.colcon_core.package_identification:_identify(.) by extensions ['ignore', 'ignore_ament_install']
[0.366s] Level 1:colcon.colcon_core.package_identification:_identify(.) by extension 'ignore'
[0.366s] Level 1:colcon.colcon_core.package_identification:_identify(.) by extension 'ignore_ament_install'
[0.366s] Level 1:colcon.colcon_core.package_identification:_identify(.) by extensions ['colcon_pkg']
[0.366s] Level 1:colcon.colcon_core.package_identification:_identify(.) by extension 'colcon_pkg'
[0.366s] Level 1:colcon.colcon_core.package_identification:_identify(.) by extensions ['colcon_meta']
[0.366s] Level 1:colcon.colcon_core.package_identification:_identify(.) by extension 'colcon_meta'
[0.366s] Level 1:colcon.colcon_core.package_identification:_identify(.) by extensions ['ros']
[0.366s] Level 1:colcon.colcon_core.package_identification:_identify(.) by extension 'ros'
[0.397s] Level 1:colcon.colcon_core.package_identification:_identify(.) by extensions ['cmake', 'python']
[0.397s] Level 1:colcon.colcon_core.package_identification:_identify(.) by extension 'cmake'
[0.397s] Level 1:colcon.colcon_core.package_identification:_identify(.) by extension 'python'
[0.397s] Level 1:colcon.colcon_core.package_identification:_identify(.) by extensions ['python_setup_py']
[0.397s] Level 1:colcon.colcon_core.package_identification:_identify(.) by extension 'python_setup_py'
[0.398s] Level 1:colcon.colcon_core.package_identification:_identify(build) by extensions ['ignore', 'ignore_ament_install']
[0.398s] Level 1:colcon.colcon_core.package_identification:_identify(build) by extension 'ignore'
[0.398s] Level 1:colcon.colcon_core.package_identification:_identify(build) ignored
[0.398s] Level 1:colcon.colcon_core.package_identification:_identify(install) by extensions ['ignore', 'ignore_ament_install']
[0.398s] Level 1:colcon.colcon_core.package_identification:_identify(install) by extension 'ignore'
[0.398s] Level 1:colcon.colcon_core.package_identification:_identify(install) ignored
[0.399s] Level 1:colcon.colcon_core.package_identification:_identify(log) by extensions ['ignore', 'ignore_ament_install']
[0.399s] Level 1:colcon.colcon_core.package_identification:_identify(log) by extension 'ignore'
[0.399s] Level 1:colcon.colcon_core.package_identification:_identify(log) ignored
[0.399s] Level 1:colcon.colcon_core.package_identification:_identify(src) by extensions ['ignore', 'ignore_ament_install']
[0.399s] Level 1:colcon.colcon_core.package_identification:_identify(src) by extension 'ignore'
[0.399s] Level 1:colcon.colcon_core.package_identification:_identify(src) by extension 'ignore_ament_install'
[0.399s] Level 1:colcon.colcon_core.package_identification:_identify(src) by extensions ['colcon_pkg']
[0.400s] Level 1:colcon.colcon_core.package_identification:_identify(src) by extension 'colcon_pkg'
[0.400s] Level 1:colcon.colcon_core.package_identification:_identify(src) by extensions ['colcon_meta']
[0.400s] Level 1:colcon.colcon_core.package_identification:_identify(src) by extension 'colcon_meta'
[0.400s] Level 1:colcon.colcon_core.package_identification:_identify(src) by extensions ['ros']
[0.400s] Level 1:colcon.colcon_core.package_identification:_identify(src) by extension 'ros'
[0.400s] Level 1:colcon.colcon_core.package_identification:_identify(src) by extensions ['cmake', 'python']
[0.400s] Level 1:colcon.colcon_core.package_identification:_identify(src) by extension 'cmake'
[0.400s] Level 1:colcon.colcon_core.package_identification:_identify(src) by extension 'python'
[0.400s] Level 1:colcon.colcon_core.package_identification:_identify(src) by extensions ['python_setup_py']
[0.400s] Level 1:colcon.colcon_core.package_identification:_identify(src) by extension 'python_setup_py'
[0.400s] Level 1:colcon.colcon_core.package_identification:_identify(src/build) by extensions ['ignore', 'ignore_ament_install']
[0.401s] Level 1:colcon.colcon_core.package_identification:_identify(src/build) by extension 'ignore'
[0.401s] Level 1:colcon.colcon_core.package_identification:_identify(src/build) ignored
[0.401s] Level 1:colcon.colcon_core.package_identification:_identify(src/install) by extensions ['ignore', 'ignore_ament_install']
[0.401s] Level 1:colcon.colcon_core.package_identification:_identify(src/install) by extension 'ignore'
[0.401s] Level 1:colcon.colcon_core.package_identification:_identify(src/install) ignored
[0.401s] Level 1:colcon.colcon_core.package_identification:_identify(src/log) by extensions ['ignore', 'ignore_ament_install']
[0.401s] Level 1:colcon.colcon_core.package_identification:_identify(src/log) by extension 'ignore'
[0.401s] Level 1:colcon.colcon_core.package_identification:_identify(src/log) ignored
[0.402s] Level 1:colcon.colcon_core.package_identification:_identify(src/two_wheel_control) by extensions ['ignore', 'ignore_ament_install']
[0.402s] Level 1:colcon.colcon_core.package_identification:_identify(src/two_wheel_control) by extension 'ignore'
[0.402s] Level 1:colcon.colcon_core.package_identification:_identify(src/two_wheel_control) by extension 'ignore_ament_install'
[0.402s] Level 1:colcon.colcon_core.package_identification:_identify(src/two_wheel_control) by extensions ['colcon_pkg']
[0.402s] Level 1:colcon.colcon_core.package_identification:_identify(src/two_wheel_control) by extension 'colcon_pkg'
[0.402s] Level 1:colcon.colcon_core.package_identification:_identify(src/two_wheel_control) by extensions ['colcon_meta']
[0.402s] Level 1:colcon.colcon_core.package_identification:_identify(src/two_wheel_control) by extension 'colcon_meta'
[0.402s] Level 1:colcon.colcon_core.package_identification:_identify(src/two_wheel_control) by extensions ['ros']
[0.402s] Level 1:colcon.colcon_core.package_identification:_identify(src/two_wheel_control) by extension 'ros'
[0.407s] DEBUG:colcon.colcon_core.package_identification:Package 'src/two_wheel_control' with type 'ros.ament_cmake' and name 'two_wheel_control'
[0.407s] Level 1:colcon.colcon_core.package_identification:_identify(src/two_wheel_control_msgs) by extensions ['ignore', 'ignore_ament_install']
[0.407s] Level 1:colcon.colcon_core.package_identification:_identify(src/two_wheel_control_msgs) by extension 'ignore'
[0.407s] Level 1:colcon.colcon_core.package_identification:_identify(src/two_wheel_control_msgs) by extension 'ignore_ament_install'
[0.407s] Level 1:colcon.colcon_core.package_identification:_identify(src/two_wheel_control_msgs) by extensions ['colcon_pkg']
[0.408s] Level 1:colcon.colcon_core.package_identification:_identify(src/two_wheel_control_msgs) by extension 'colcon_pkg'
[0.408s] Level 1:colcon.colcon_core.package_identification:_identify(src/two_wheel_control_msgs) by extensions ['colcon_meta']
[0.408s] Level 1:colcon.colcon_core.package_identification:_identify(src/two_wheel_control_msgs) by extension 'colcon_meta'
[0.408s] Level 1:colcon.colcon_core.package_identification:_identify(src/two_wheel_control_msgs) by extensions ['ros']
[0.408s] Level 1:colcon.colcon_core.package_identification:_identify(src/two_wheel_control_msgs) by extension 'ros'
[0.409s] DEBUG:colcon.colcon_core.package_identification:Package 'src/two_wheel_control_msgs' with type 'ros.ament_cmake' and name 'two_wheel_control_msgs'
[0.409s] Level 1:colcon.colcon_core.package_identification:_identify(src/two_wheel_sim) by extensions ['ignore', 'ignore_ament_install']
[0.409s] Level 1:colcon.colcon_core.package_identification:_identify(src/two_wheel_sim) by extension 'ignore'
[0.409s] Level 1:colcon.colcon_core.package_identification:_identify(src/two_wheel_sim) by extension 'ignore_ament_install'
[0.409s] Level 1:colcon.colcon_core.package_identification:_identify(src/two_wheel_sim) by extensions ['colcon_pkg']
[0.409s] Level 1:colcon.colcon_core.package_identification:_identify(src/two_wheel_sim) by extension 'colcon_pkg'
[0.409s] Level 1:colcon.colcon_core.package_identification:_identify(src/two_wheel_sim) by extensions ['colcon_meta']
[0.410s] Level 1:colcon.colcon_core.package_identification:_identify(src/two_wheel_sim) by extension 'colcon_meta'
[0.410s] Level 1:colcon.colcon_core.package_identification:_identify(src/two_wheel_sim) by extensions ['ros']
[0.410s] Level 1:colcon.colcon_core.package_identification:_identify(src/two_wheel_sim) by extension 'ros'
[0.410s] DEBUG:colcon.colcon_core.package_identification:Package 'src/two_wheel_sim' with type 'ros.ament_cmake' and name 'two_wheel_sim'
[0.411s] Level 1:colcon.colcon_core.package_discovery:discover_packages(recursive) using defaults
[0.411s] Level 1:colcon.colcon_core.package_discovery:discover_packages(ignore) discover
[0.411s] Level 1:colcon.colcon_core.package_discovery:discover_packages(ignore) using defaults
[0.411s] Level 1:colcon.colcon_core.package_discovery:discover_packages(path) discover
[0.411s] Level 1:colcon.colcon_core.package_discovery:discover_packages(path) using defaults
[0.447s] INFO:colcon.colcon_core.package_selection:Skipping not selected package 'two_wheel_control_msgs' in 'src/two_wheel_control_msgs'
[0.447s] INFO:colcon.colcon_core.package_selection:Skipping not selected package 'two_wheel_control' in 'src/two_wheel_control'
[0.448s] Level 1:colcon.colcon_core.package_discovery:discover_packages(prefix_path) check parameters
[0.448s] Level 1:colcon.colcon_core.package_discovery:discover_packages(prefix_path) discover
[0.451s] WARNING:colcon.colcon_ros.prefix_path.ament:The path '/home/lorenzo/Two_Wheel/ros_foxy_ws/install/two_wheel_control_msgs' in the environment variable AMENT_PREFIX_PATH doesn't exist
[0.451s] WARNING:colcon.colcon_ros.prefix_path.ament:The path '/home/lorenzo/Two_Wheel/ros_foxy_ws/install/two_wheel_control' in the environment variable AMENT_PREFIX_PATH doesn't exist
[0.452s] WARNING:colcon.colcon_ros.prefix_path.ament:The path '/home/lorenzo/Two_Wheel/ros_foxy_ws/install/two_wheel_sim' in the environment variable AMENT_PREFIX_PATH doesn't exist
[0.452s] WARNING:colcon.colcon_ros.prefix_path.ament:The path '/home/lorenzo/Two_Wheel/ros_foxy_ws/install/Two_Wheel_sim' in the environment variable AMENT_PREFIX_PATH doesn't exist
[0.452s] WARNING:colcon.colcon_ros.prefix_path.catkin:The path '/home/lorenzo/Two_Wheel/ros_foxy_ws/install/two_wheel_control_msgs' in the environment variable CMAKE_PREFIX_PATH doesn't exist
[0.452s] WARNING:colcon.colcon_ros.prefix_path.catkin:The path '/home/lorenzo/Two_Wheel/ros_foxy_ws/install/two_wheel_control' in the environment variable CMAKE_PREFIX_PATH doesn't exist
[0.452s] WARNING:colcon.colcon_ros.prefix_path.catkin:The path '/home/lorenzo/Two_Wheel/ros_foxy_ws/install/two_wheel_sim' in the environment variable CMAKE_PREFIX_PATH doesn't exist
[0.452s] WARNING:colcon.colcon_ros.prefix_path.catkin:The path '/home/lorenzo/Two_Wheel/ros_foxy_ws/install/Two_Wheel_sim' in the environment variable CMAKE_PREFIX_PATH doesn't exist
[0.455s] DEBUG:colcon.colcon_installed_package_information.package_discovery:Found 3 installed packages in /home/lorenzo/Two_Wheel/ros_foxy_ws/install
[0.458s] DEBUG:colcon.colcon_installed_package_information.package_discovery:Found 270 installed packages in /opt/ros/foxy
[0.462s] Level 1:colcon.colcon_core.package_discovery:discover_packages(prefix_path) using defaults
[0.606s] Level 5:colcon.colcon_core.verb:set package 'two_wheel_sim' build argument 'cmake_args' from command line to 'None'
[0.606s] Level 5:colcon.colcon_core.verb:set package 'two_wheel_sim' build argument 'cmake_target' from command line to 'None'
[0.606s] Level 5:colcon.colcon_core.verb:set package 'two_wheel_sim' build argument 'cmake_target_skip_unavailable' from command line to 'False'
[0.606s] Level 5:colcon.colcon_core.verb:set package 'two_wheel_sim' build argument 'cmake_clean_cache' from command line to 'False'
[0.606s] Level 5:colcon.colcon_core.verb:set package 'two_wheel_sim' build argument 'cmake_clean_first' from command line to 'False'
[0.606s] Level 5:colcon.colcon_core.verb:set package 'two_wheel_sim' build argument 'cmake_force_configure' from command line to 'False'
[0.606s] Level 5:colcon.colcon_core.verb:set package 'two_wheel_sim' build argument 'ament_cmake_args' from command line to 'None'
[0.606s] Level 5:colcon.colcon_core.verb:set package 'two_wheel_sim' build argument 'catkin_cmake_args' from command line to 'None'
[0.606s] Level 5:colcon.colcon_core.verb:set package 'two_wheel_sim' build argument 'catkin_skip_building_tests' from command line to 'False'
[0.607s] DEBUG:colcon.colcon_core.verb:Building package 'two_wheel_sim' with the following arguments: {'ament_cmake_args': None, 'build_base': '/home/lorenzo/Two_Wheel/ros_foxy_ws/build/two_wheel_sim', 'catkin_cmake_args': None, 'catkin_skip_building_tests': False, 'cmake_args': None, 'cmake_clean_cache': False, 'cmake_clean_first': False, 'cmake_force_configure': False, 'cmake_target': None, 'cmake_target_skip_unavailable': False, 'install_base': '/home/lorenzo/Two_Wheel/ros_foxy_ws/install', 'merge_install': True, 'path': '/home/lorenzo/Two_Wheel/ros_foxy_ws/src/two_wheel_sim', 'symlink_install': False, 'test_result_base': None}
[0.608s] INFO:colcon.colcon_core.executor:Executing jobs using 'parallel' executor
[0.618s] DEBUG:colcon.colcon_parallel_executor.executor.parallel:run_until_complete
[0.618s] INFO:colcon.colcon_ros.task.ament_cmake.build:Building ROS package in '/home/lorenzo/Two_Wheel/ros_foxy_ws/src/two_wheel_sim' with build type 'ament_cmake'
[0.618s] INFO:colcon.colcon_cmake.task.cmake.build:Building CMake package in '/home/lorenzo/Two_Wheel/ros_foxy_ws/src/two_wheel_sim'
[0.631s] INFO:colcon.colcon_core.plugin_system:Skipping extension 'colcon_core.shell.bat': Not used on non-Windows systems
[0.631s] INFO:colcon.colcon_core.shell:Skip shell extension 'powershell' for command environment: Not usable outside of PowerShell
[0.631s] DEBUG:colcon.colcon_core.shell:Skip shell extension 'dsv' for command environment
[0.651s] DEBUG:colcon.colcon_core.event_handler.log_command:Invoking command in '/home/lorenzo/Two_Wheel/ros_foxy_ws/build/two_wheel_sim': CMAKE_PREFIX_PATH=${CMAKE_PREFIX_PATH}:/opt/ros/foxy /usr/bin/cmake --build /home/lorenzo/Two_Wheel/ros_foxy_ws/build/two_wheel_sim -- -j4 -l4
[0.776s] DEBUG:colcon.colcon_core.event_handler.log_command:Invoked command in '/home/lorenzo/Two_Wheel/ros_foxy_ws/build/two_wheel_sim' returned '0': CMAKE_PREFIX_PATH=${CMAKE_PREFIX_PATH}:/opt/ros/foxy /usr/bin/cmake --build /home/lorenzo/Two_Wheel/ros_foxy_ws/build/two_wheel_sim -- -j4 -l4
[0.825s] DEBUG:colcon.colcon_core.event_handler.log_command:Invoking command in '/home/lorenzo/Two_Wheel/ros_foxy_ws/build/two_wheel_sim': CMAKE_PREFIX_PATH=${CMAKE_PREFIX_PATH}:/opt/ros/foxy /usr/bin/cmake --install /home/lorenzo/Two_Wheel/ros_foxy_ws/build/two_wheel_sim
[0.844s] Level 1:colcon.colcon_core.environment:create_environment_scripts_only(two_wheel_sim)
[0.846s] DEBUG:colcon.colcon_core.event_handler.log_command:Invoked command in '/home/lorenzo/Two_Wheel/ros_foxy_ws/build/two_wheel_sim' returned '0': CMAKE_PREFIX_PATH=${CMAKE_PREFIX_PATH}:/opt/ros/foxy /usr/bin/cmake --install /home/lorenzo/Two_Wheel/ros_foxy_ws/build/two_wheel_sim
[0.858s] Level 1:colcon.colcon_core.environment:checking '/home/lorenzo/Two_Wheel/ros_foxy_ws/install' for CMake module files
[0.858s] Level 1:colcon.colcon_core.environment:checking '/home/lorenzo/Two_Wheel/ros_foxy_ws/install' for CMake config files
[0.859s] Level 1:colcon.colcon_core.shell:create_environment_hook('two_wheel_sim', 'cmake_prefix_path')
[0.863s] INFO:colcon.colcon_core.shell:Creating environment hook '/home/lorenzo/Two_Wheel/ros_foxy_ws/install/share/two_wheel_sim/hook/cmake_prefix_path.ps1'
[0.865s] INFO:colcon.colcon_core.shell:Creating environment descriptor '/home/lorenzo/Two_Wheel/ros_foxy_ws/install/share/two_wheel_sim/hook/cmake_prefix_path.dsv'
[0.866s] INFO:colcon.colcon_core.shell:Creating environment hook '/home/lorenzo/Two_Wheel/ros_foxy_ws/install/share/two_wheel_sim/hook/cmake_prefix_path.sh'
[0.868s] Level 1:colcon.colcon_core.environment:checking '/home/lorenzo/Two_Wheel/ros_foxy_ws/install/lib'
[0.869s] Level 1:colcon.colcon_core.shell:create_environment_hook('two_wheel_sim', 'ld_library_path_lib')
[0.874s] INFO:colcon.colcon_core.shell:Creating environment hook '/home/lorenzo/Two_Wheel/ros_foxy_ws/install/share/two_wheel_sim/hook/ld_library_path_lib.ps1'
[0.874s] INFO:colcon.colcon_core.shell:Creating environment descriptor '/home/lorenzo/Two_Wheel/ros_foxy_ws/install/share/two_wheel_sim/hook/ld_library_path_lib.dsv'
[0.875s] INFO:colcon.colcon_core.shell:Creating environment hook '/home/lorenzo/Two_Wheel/ros_foxy_ws/install/share/two_wheel_sim/hook/ld_library_path_lib.sh'
[0.875s] Level 1:colcon.colcon_core.environment:checking '/home/lorenzo/Two_Wheel/ros_foxy_ws/install/bin'
[0.875s] Level 1:colcon.colcon_core.environment:checking '/home/lorenzo/Two_Wheel/ros_foxy_ws/install/lib/pkgconfig/two_wheel_sim.pc'
[0.876s] Level 1:colcon.colcon_core.environment:checking '/home/lorenzo/Two_Wheel/ros_foxy_ws/install/lib/python3.8/site-packages'
[0.876s] Level 1:colcon.colcon_core.shell:create_environment_hook('two_wheel_sim', 'pythonpath')
[0.879s] INFO:colcon.colcon_core.shell:Creating environment hook '/home/lorenzo/Two_Wheel/ros_foxy_ws/install/share/two_wheel_sim/hook/pythonpath.ps1'
[0.880s] INFO:colcon.colcon_core.shell:Creating environment descriptor '/home/lorenzo/Two_Wheel/ros_foxy_ws/install/share/two_wheel_sim/hook/pythonpath.dsv'
[0.880s] INFO:colcon.colcon_core.shell:Creating environment hook '/home/lorenzo/Two_Wheel/ros_foxy_ws/install/share/two_wheel_sim/hook/pythonpath.sh'
[0.881s] Level 1:colcon.colcon_core.environment:checking '/home/lorenzo/Two_Wheel/ros_foxy_ws/install/bin'
[0.885s] INFO:colcon.colcon_core.shell:Creating package script '/home/lorenzo/Two_Wheel/ros_foxy_ws/install/share/two_wheel_sim/package.ps1'
[0.886s] INFO:colcon.colcon_core.shell:Creating package descriptor '/home/lorenzo/Two_Wheel/ros_foxy_ws/install/share/two_wheel_sim/package.dsv'
[0.887s] INFO:colcon.colcon_core.shell:Creating package script '/home/lorenzo/Two_Wheel/ros_foxy_ws/install/share/two_wheel_sim/package.sh'
[0.888s] INFO:colcon.colcon_core.shell:Creating package script '/home/lorenzo/Two_Wheel/ros_foxy_ws/install/share/two_wheel_sim/package.bash'
[0.889s] INFO:colcon.colcon_core.shell:Creating package script '/home/lorenzo/Two_Wheel/ros_foxy_ws/install/share/two_wheel_sim/package.zsh'
[0.891s] Level 1:colcon.colcon_core.environment:create_file_with_runtime_dependencies(/home/lorenzo/Two_Wheel/ros_foxy_ws/install/share/colcon-core/packages/two_wheel_sim)
[0.935s] Level 1:colcon.colcon_core.environment:create_environment_scripts_only(two_wheel_sim)
[0.940s] Level 1:colcon.colcon_core.environment:checking '/home/lorenzo/Two_Wheel/ros_foxy_ws/install' for CMake module files
[0.940s] Level 1:colcon.colcon_core.environment:checking '/home/lorenzo/Two_Wheel/ros_foxy_ws/install' for CMake config files
[0.941s] Level 1:colcon.colcon_core.shell:create_environment_hook('two_wheel_sim', 'cmake_prefix_path')
[0.946s] INFO:colcon.colcon_core.shell:Creating environment hook '/home/lorenzo/Two_Wheel/ros_foxy_ws/install/share/two_wheel_sim/hook/cmake_prefix_path.ps1'
[0.948s] INFO:colcon.colcon_core.shell:Creating environment descriptor '/home/lorenzo/Two_Wheel/ros_foxy_ws/install/share/two_wheel_sim/hook/cmake_prefix_path.dsv'
[0.949s] INFO:colcon.colcon_core.shell:Creating environment hook '/home/lorenzo/Two_Wheel/ros_foxy_ws/install/share/two_wheel_sim/hook/cmake_prefix_path.sh'
[0.950s] Level 1:colcon.colcon_core.environment:checking '/home/lorenzo/Two_Wheel/ros_foxy_ws/install/lib'
[0.950s] Level 1:colcon.colcon_core.shell:create_environment_hook('two_wheel_sim', 'ld_library_path_lib')
[0.954s] INFO:colcon.colcon_core.shell:Creating environment hook '/home/lorenzo/Two_Wheel/ros_foxy_ws/install/share/two_wheel_sim/hook/ld_library_path_lib.ps1'
[0.954s] INFO:colcon.colcon_core.shell:Creating environment descriptor '/home/lorenzo/Two_Wheel/ros_foxy_ws/install/share/two_wheel_sim/hook/ld_library_path_lib.dsv'
[0.955s] INFO:colcon.colcon_core.shell:Creating environment hook '/home/lorenzo/Two_Wheel/ros_foxy_ws/install/share/two_wheel_sim/hook/ld_library_path_lib.sh'
[0.955s] Level 1:colcon.colcon_core.environment:checking '/home/lorenzo/Two_Wheel/ros_foxy_ws/install/bin'
[0.955s] Level 1:colcon.colcon_core.environment:checking '/home/lorenzo/Two_Wheel/ros_foxy_ws/install/lib/pkgconfig/two_wheel_sim.pc'
[0.956s] Level 1:colcon.colcon_core.environment:checking '/home/lorenzo/Two_Wheel/ros_foxy_ws/install/lib/python3.8/site-packages'
[0.956s] Level 1:colcon.colcon_core.shell:create_environment_hook('two_wheel_sim', 'pythonpath')
[0.961s] INFO:colcon.colcon_core.shell:Creating environment hook '/home/lorenzo/Two_Wheel/ros_foxy_ws/install/share/two_wheel_sim/hook/pythonpath.ps1'
[0.961s] INFO:colcon.colcon_core.shell:Creating environment descriptor '/home/lorenzo/Two_Wheel/ros_foxy_ws/install/share/two_wheel_sim/hook/pythonpath.dsv'
[0.962s] INFO:colcon.colcon_core.shell:Creating environment hook '/home/lorenzo/Two_Wheel/ros_foxy_ws/install/share/two_wheel_sim/hook/pythonpath.sh'
[0.964s] Level 1:colcon.colcon_core.environment:checking '/home/lorenzo/Two_Wheel/ros_foxy_ws/install/bin'
[0.968s] INFO:colcon.colcon_core.shell:Creating package script '/home/lorenzo/Two_Wheel/ros_foxy_ws/install/share/two_wheel_sim/package.ps1'
[0.969s] INFO:colcon.colcon_core.shell:Creating package descriptor '/home/lorenzo/Two_Wheel/ros_foxy_ws/install/share/two_wheel_sim/package.dsv'
[0.970s] INFO:colcon.colcon_core.shell:Creating package script '/home/lorenzo/Two_Wheel/ros_foxy_ws/install/share/two_wheel_sim/package.sh'
[0.971s] INFO:colcon.colcon_core.shell:Creating package script '/home/lorenzo/Two_Wheel/ros_foxy_ws/install/share/two_wheel_sim/package.bash'
[0.971s] INFO:colcon.colcon_core.shell:Creating package script '/home/lorenzo/Two_Wheel/ros_foxy_ws/install/share/two_wheel_sim/package.zsh'
[0.972s] Level 1:colcon.colcon_core.environment:create_file_with_runtime_dependencies(/home/lorenzo/Two_Wheel/ros_foxy_ws/install/share/colcon-core/packages/two_wheel_sim)
[0.972s] DEBUG:colcon.colcon_parallel_executor.executor.parallel:closing loop
[0.973s] DEBUG:colcon.colcon_parallel_executor.executor.parallel:loop closed
[0.973s] DEBUG:colcon.colcon_parallel_executor.executor.parallel:run_until_complete finished with '0'
[0.973s] DEBUG:colcon.colcon_core.event_reactor:joining thread
[0.990s] INFO:colcon.colcon_core.plugin_system:Skipping extension 'colcon_notification.desktop_notification.terminal_notifier': Not used on non-Darwin systems
[0.991s] INFO:colcon.colcon_core.plugin_system:Skipping extension 'colcon_notification.desktop_notification.win32': Not used on non-Windows systems
[0.991s] INFO:colcon.colcon_notification.desktop_notification:Sending desktop notification using 'notify2'
[1.016s] DEBUG:colcon.colcon_core.event_reactor:joined thread
[1.019s] INFO:colcon.colcon_core.shell:Creating prefix script '/home/lorenzo/Two_Wheel/ros_foxy_ws/install/local_setup.ps1'
[1.021s] INFO:colcon.colcon_core.shell:Creating prefix util module '/home/lorenzo/Two_Wheel/ros_foxy_ws/install/_local_setup_util_ps1.py'
[1.024s] INFO:colcon.colcon_core.shell:Creating prefix chain script '/home/lorenzo/Two_Wheel/ros_foxy_ws/install/setup.ps1'
[1.027s] INFO:colcon.colcon_core.shell:Creating prefix script '/home/lorenzo/Two_Wheel/ros_foxy_ws/install/local_setup.sh'
[1.029s] INFO:colcon.colcon_core.shell:Creating prefix util module '/home/lorenzo/Two_Wheel/ros_foxy_ws/install/_local_setup_util_sh.py'
[1.030s] INFO:colcon.colcon_core.shell:Creating prefix chain script '/home/lorenzo/Two_Wheel/ros_foxy_ws/install/setup.sh'
[1.032s] INFO:colcon.colcon_core.shell:Creating prefix script '/home/lorenzo/Two_Wheel/ros_foxy_ws/install/local_setup.bash'
[1.033s] INFO:colcon.colcon_core.shell:Creating prefix chain script '/home/lorenzo/Two_Wheel/ros_foxy_ws/install/setup.bash'
[1.036s] INFO:colcon.colcon_core.shell:Creating prefix script '/home/lorenzo/Two_Wheel/ros_foxy_ws/install/local_setup.zsh'
[1.037s] INFO:colcon.colcon_core.shell:Creating prefix chain script '/home/lorenzo/Two_Wheel/ros_foxy_ws/install/setup.zsh'
