[0.304s] DEBUG:colcon:Command line arguments: ['/usr/bin/colcon', 'build', '--merge-install', '--packages-select', 'two_wheel_test']
[0.305s] DEBUG:colcon:Parsed command line arguments: Namespace(allow_overriding=[], ament_cmake_args=None, base_paths=['.'], build_base='build', catkin_cmake_args=None, catkin_skip_building_tests=False, cmake_args=None, cmake_clean_cache=False, cmake_clean_first=False, cmake_force_configure=False, cmake_target=None, cmake_target_skip_unavailable=False, continue_on_error=False, event_handlers=None, executor='parallel', ignore_user_meta=False, install_base='install', log_base=None, log_level=None, main=<bound method BuildVerb.main of <colcon_core.verb.build.BuildVerb object at 0x7fc166e2cd00>>, merge_install=True, metas=['./colcon.meta'], packages_above=None, packages_above_and_dependencies=None, packages_above_depth=None, packages_end=None, packages_ignore=None, packages_ignore_regex=None, packages_select=['two_wheel_test'], packages_select_build_failed=False, packages_select_by_dep=None, packages_select_regex=None, packages_select_test_failures=False, packages_skip=None, packages_skip_build_finished=False, packages_skip_by_dep=None, packages_skip_regex=None, packages_skip_test_passed=False, packages_skip_up_to=None, packages_start=None, packages_up_to=None, packages_up_to_regex=None, parallel_workers=4, paths=None, symlink_install=False, test_result_base=None, verb_extension=<colcon_core.verb.build.BuildVerb object at 0x7fc166e2cd00>, verb_name='build', verb_parser=<colcon_defaults.argument_parser.defaults.DefaultArgumentsDecorator object at 0x7fc166e372b0>)
[0.357s] Level 1:colcon.colcon_core.package_discovery:discover_packages(colcon_meta) check parameters
[0.358s] Level 1:colcon.colcon_core.package_discovery:discover_packages(recursive) check parameters
[0.358s] Level 1:colcon.colcon_core.package_discovery:discover_packages(ignore) check parameters
[0.358s] Level 1:colcon.colcon_core.package_discovery:discover_packages(path) check parameters
[0.358s] Level 1:colcon.colcon_core.package_discovery:discover_packages(colcon_meta) discover
[0.358s] Level 1:colcon.colcon_core.package_discovery:discover_packages(recursive) discover
[0.358s] INFO:colcon.colcon_core.package_discovery:Crawling recursively for packages in '/home/lorenzo/Two_Wheel/ros_foxy_ws'
[0.359s] Level 1:colcon.colcon_core.package_identification:_identify(.) by extensions ['ignore', 'ignore_ament_install']
[0.359s] Level 1:colcon.colcon_core.package_identification:_identify(.) by extension 'ignore'
[0.359s] Level 1:colcon.colcon_core.package_identification:_identify(.) by extension 'ignore_ament_install'
[0.359s] Level 1:colcon.colcon_core.package_identification:_identify(.) by extensions ['colcon_pkg']
[0.359s] Level 1:colcon.colcon_core.package_identification:_identify(.) by extension 'colcon_pkg'
[0.359s] Level 1:colcon.colcon_core.package_identification:_identify(.) by extensions ['colcon_meta']
[0.359s] Level 1:colcon.colcon_core.package_identification:_identify(.) by extension 'colcon_meta'
[0.360s] Level 1:colcon.colcon_core.package_identification:_identify(.) by extensions ['ros']
[0.360s] Level 1:colcon.colcon_core.package_identification:_identify(.) by extension 'ros'
[0.387s] Level 1:colcon.colcon_core.package_identification:_identify(.) by extensions ['cmake', 'python']
[0.387s] Level 1:colcon.colcon_core.package_identification:_identify(.) by extension 'cmake'
[0.387s] Level 1:colcon.colcon_core.package_identification:_identify(.) by extension 'python'
[0.387s] Level 1:colcon.colcon_core.package_identification:_identify(.) by extensions ['python_setup_py']
[0.387s] Level 1:colcon.colcon_core.package_identification:_identify(.) by extension 'python_setup_py'
[0.387s] Level 1:colcon.colcon_core.package_identification:_identify(build) by extensions ['ignore', 'ignore_ament_install']
[0.388s] Level 1:colcon.colcon_core.package_identification:_identify(build) by extension 'ignore'
[0.388s] Level 1:colcon.colcon_core.package_identification:_identify(build) ignored
[0.388s] Level 1:colcon.colcon_core.package_identification:_identify(install) by extensions ['ignore', 'ignore_ament_install']
[0.388s] Level 1:colcon.colcon_core.package_identification:_identify(install) by extension 'ignore'
[0.388s] Level 1:colcon.colcon_core.package_identification:_identify(install) ignored
[0.389s] Level 1:colcon.colcon_core.package_identification:_identify(log) by extensions ['ignore', 'ignore_ament_install']
[0.389s] Level 1:colcon.colcon_core.package_identification:_identify(log) by extension 'ignore'
[0.389s] Level 1:colcon.colcon_core.package_identification:_identify(log) ignored
[0.389s] Level 1:colcon.colcon_core.package_identification:_identify(src) by extensions ['ignore', 'ignore_ament_install']
[0.389s] Level 1:colcon.colcon_core.package_identification:_identify(src) by extension 'ignore'
[0.389s] Level 1:colcon.colcon_core.package_identification:_identify(src) by extension 'ignore_ament_install'
[0.389s] Level 1:colcon.colcon_core.package_identification:_identify(src) by extensions ['colcon_pkg']
[0.389s] Level 1:colcon.colcon_core.package_identification:_identify(src) by extension 'colcon_pkg'
[0.389s] Level 1:colcon.colcon_core.package_identification:_identify(src) by extensions ['colcon_meta']
[0.389s] Level 1:colcon.colcon_core.package_identification:_identify(src) by extension 'colcon_meta'
[0.390s] Level 1:colcon.colcon_core.package_identification:_identify(src) by extensions ['ros']
[0.390s] Level 1:colcon.colcon_core.package_identification:_identify(src) by extension 'ros'
[0.390s] Level 1:colcon.colcon_core.package_identification:_identify(src) by extensions ['cmake', 'python']
[0.390s] Level 1:colcon.colcon_core.package_identification:_identify(src) by extension 'cmake'
[0.390s] Level 1:colcon.colcon_core.package_identification:_identify(src) by extension 'python'
[0.390s] Level 1:colcon.colcon_core.package_identification:_identify(src) by extensions ['python_setup_py']
[0.390s] Level 1:colcon.colcon_core.package_identification:_identify(src) by extension 'python_setup_py'
[0.390s] Level 1:colcon.colcon_core.package_identification:_identify(src/build) by extensions ['ignore', 'ignore_ament_install']
[0.390s] Level 1:colcon.colcon_core.package_identification:_identify(src/build) by extension 'ignore'
[0.390s] Level 1:colcon.colcon_core.package_identification:_identify(src/build) ignored
[0.391s] Level 1:colcon.colcon_core.package_identification:_identify(src/install) by extensions ['ignore', 'ignore_ament_install']
[0.391s] Level 1:colcon.colcon_core.package_identification:_identify(src/install) by extension 'ignore'
[0.391s] Level 1:colcon.colcon_core.package_identification:_identify(src/install) ignored
[0.391s] Level 1:colcon.colcon_core.package_identification:_identify(src/log) by extensions ['ignore', 'ignore_ament_install']
[0.391s] Level 1:colcon.colcon_core.package_identification:_identify(src/log) by extension 'ignore'
[0.391s] Level 1:colcon.colcon_core.package_identification:_identify(src/log) ignored
[0.391s] Level 1:colcon.colcon_core.package_identification:_identify(src/two_wheel_control) by extensions ['ignore', 'ignore_ament_install']
[0.391s] Level 1:colcon.colcon_core.package_identification:_identify(src/two_wheel_control) by extension 'ignore'
[0.391s] Level 1:colcon.colcon_core.package_identification:_identify(src/two_wheel_control) by extension 'ignore_ament_install'
[0.391s] Level 1:colcon.colcon_core.package_identification:_identify(src/two_wheel_control) by extensions ['colcon_pkg']
[0.392s] Level 1:colcon.colcon_core.package_identification:_identify(src/two_wheel_control) by extension 'colcon_pkg'
[0.392s] Level 1:colcon.colcon_core.package_identification:_identify(src/two_wheel_control) by extensions ['colcon_meta']
[0.392s] Level 1:colcon.colcon_core.package_identification:_identify(src/two_wheel_control) by extension 'colcon_meta'
[0.392s] Level 1:colcon.colcon_core.package_identification:_identify(src/two_wheel_control) by extensions ['ros']
[0.392s] Level 1:colcon.colcon_core.package_identification:_identify(src/two_wheel_control) by extension 'ros'
[0.397s] DEBUG:colcon.colcon_core.package_identification:Package 'src/two_wheel_control' with type 'ros.ament_cmake' and name 'two_wheel_control'
[0.397s] Level 1:colcon.colcon_core.package_identification:_identify(src/two_wheel_control_msgs) by extensions ['ignore', 'ignore_ament_install']
[0.397s] Level 1:colcon.colcon_core.package_identification:_identify(src/two_wheel_control_msgs) by extension 'ignore'
[0.397s] Level 1:colcon.colcon_core.package_identification:_identify(src/two_wheel_control_msgs) by extension 'ignore_ament_install'
[0.397s] Level 1:colcon.colcon_core.package_identification:_identify(src/two_wheel_control_msgs) by extensions ['colcon_pkg']
[0.397s] Level 1:colcon.colcon_core.package_identification:_identify(src/two_wheel_control_msgs) by extension 'colcon_pkg'
[0.397s] Level 1:colcon.colcon_core.package_identification:_identify(src/two_wheel_control_msgs) by extensions ['colcon_meta']
[0.397s] Level 1:colcon.colcon_core.package_identification:_identify(src/two_wheel_control_msgs) by extension 'colcon_meta'
[0.397s] Level 1:colcon.colcon_core.package_identification:_identify(src/two_wheel_control_msgs) by extensions ['ros']
[0.398s] Level 1:colcon.colcon_core.package_identification:_identify(src/two_wheel_control_msgs) by extension 'ros'
[0.399s] DEBUG:colcon.colcon_core.package_identification:Package 'src/two_wheel_control_msgs' with type 'ros.ament_cmake' and name 'two_wheel_control_msgs'
[0.399s] Level 1:colcon.colcon_core.package_identification:_identify(src/two_wheel_sim) by extensions ['ignore', 'ignore_ament_install']
[0.399s] Level 1:colcon.colcon_core.package_identification:_identify(src/two_wheel_sim) by extension 'ignore'
[0.399s] Level 1:colcon.colcon_core.package_identification:_identify(src/two_wheel_sim) by extension 'ignore_ament_install'
[0.400s] Level 1:colcon.colcon_core.package_identification:_identify(src/two_wheel_sim) by extensions ['colcon_pkg']
[0.400s] Level 1:colcon.colcon_core.package_identification:_identify(src/two_wheel_sim) by extension 'colcon_pkg'
[0.400s] Level 1:colcon.colcon_core.package_identification:_identify(src/two_wheel_sim) by extensions ['colcon_meta']
[0.400s] Level 1:colcon.colcon_core.package_identification:_identify(src/two_wheel_sim) by extension 'colcon_meta'
[0.400s] Level 1:colcon.colcon_core.package_identification:_identify(src/two_wheel_sim) by extensions ['ros']
[0.400s] Level 1:colcon.colcon_core.package_identification:_identify(src/two_wheel_sim) by extension 'ros'
[0.401s] DEBUG:colcon.colcon_core.package_identification:Package 'src/two_wheel_sim' with type 'ros.ament_cmake' and name 'two_wheel_sim'
[0.401s] Level 1:colcon.colcon_core.package_identification:_identify(src/two_wheel_test) by extensions ['ignore', 'ignore_ament_install']
[0.401s] Level 1:colcon.colcon_core.package_identification:_identify(src/two_wheel_test) by extension 'ignore'
[0.401s] Level 1:colcon.colcon_core.package_identification:_identify(src/two_wheel_test) by extension 'ignore_ament_install'
[0.401s] Level 1:colcon.colcon_core.package_identification:_identify(src/two_wheel_test) by extensions ['colcon_pkg']
[0.401s] Level 1:colcon.colcon_core.package_identification:_identify(src/two_wheel_test) by extension 'colcon_pkg'
[0.401s] Level 1:colcon.colcon_core.package_identification:_identify(src/two_wheel_test) by extensions ['colcon_meta']
[0.402s] Level 1:colcon.colcon_core.package_identification:_identify(src/two_wheel_test) by extension 'colcon_meta'
[0.402s] Level 1:colcon.colcon_core.package_identification:_identify(src/two_wheel_test) by extensions ['ros']
[0.402s] Level 1:colcon.colcon_core.package_identification:_identify(src/two_wheel_test) by extension 'ros'
[0.402s] DEBUG:colcon.colcon_core.package_identification:Package 'src/two_wheel_test' with type 'ros.ament_cmake' and name 'two_wheel_test'
[0.403s] Level 1:colcon.colcon_core.package_discovery:discover_packages(recursive) using defaults
[0.403s] Level 1:colcon.colcon_core.package_discovery:discover_packages(ignore) discover
[0.403s] Level 1:colcon.colcon_core.package_discovery:discover_packages(ignore) using defaults
[0.403s] Level 1:colcon.colcon_core.package_discovery:discover_packages(path) discover
[0.403s] Level 1:colcon.colcon_core.package_discovery:discover_packages(path) using defaults
[0.437s] INFO:colcon.colcon_core.package_selection:Skipping not selected package 'two_wheel_control_msgs' in 'src/two_wheel_control_msgs'
[0.437s] INFO:colcon.colcon_core.package_selection:Skipping not selected package 'two_wheel_sim' in 'src/two_wheel_sim'
[0.437s] INFO:colcon.colcon_core.package_selection:Skipping not selected package 'two_wheel_control' in 'src/two_wheel_control'
[0.439s] Level 1:colcon.colcon_core.package_discovery:discover_packages(prefix_path) check parameters
[0.439s] Level 1:colcon.colcon_core.package_discovery:discover_packages(prefix_path) discover
[0.442s] WARNING:colcon.colcon_ros.prefix_path.ament:The path '/home/lorenzo/Two_Wheel/ros_foxy_ws/install/two_wheel_control_msgs' in the environment variable AMENT_PREFIX_PATH doesn't exist
[0.442s] WARNING:colcon.colcon_ros.prefix_path.ament:The path '/home/lorenzo/Two_Wheel/ros_foxy_ws/install/two_wheel_control' in the environment variable AMENT_PREFIX_PATH doesn't exist
[0.442s] WARNING:colcon.colcon_ros.prefix_path.ament:The path '/home/lorenzo/Two_Wheel/ros_foxy_ws/install/two_wheel_sim' in the environment variable AMENT_PREFIX_PATH doesn't exist
[0.442s] WARNING:colcon.colcon_ros.prefix_path.ament:The path '/home/lorenzo/Two_Wheel/ros_foxy_ws/install/Two_Wheel_sim' in the environment variable AMENT_PREFIX_PATH doesn't exist
[0.443s] WARNING:colcon.colcon_ros.prefix_path.catkin:The path '/home/lorenzo/Two_Wheel/ros_foxy_ws/install/two_wheel_control_msgs' in the environment variable CMAKE_PREFIX_PATH doesn't exist
[0.443s] WARNING:colcon.colcon_ros.prefix_path.catkin:The path '/home/lorenzo/Two_Wheel/ros_foxy_ws/install/two_wheel_control' in the environment variable CMAKE_PREFIX_PATH doesn't exist
[0.443s] WARNING:colcon.colcon_ros.prefix_path.catkin:The path '/home/lorenzo/Two_Wheel/ros_foxy_ws/install/two_wheel_sim' in the environment variable CMAKE_PREFIX_PATH doesn't exist
[0.443s] WARNING:colcon.colcon_ros.prefix_path.catkin:The path '/home/lorenzo/Two_Wheel/ros_foxy_ws/install/Two_Wheel_sim' in the environment variable CMAKE_PREFIX_PATH doesn't exist
[0.446s] DEBUG:colcon.colcon_installed_package_information.package_discovery:Found 3 installed packages in /home/lorenzo/Two_Wheel/ros_foxy_ws/install
[0.449s] DEBUG:colcon.colcon_installed_package_information.package_discovery:Found 270 installed packages in /opt/ros/foxy
[0.452s] Level 1:colcon.colcon_core.package_discovery:discover_packages(prefix_path) using defaults
[0.598s] Level 5:colcon.colcon_core.verb:set package 'two_wheel_test' build argument 'cmake_args' from command line to 'None'
[0.598s] Level 5:colcon.colcon_core.verb:set package 'two_wheel_test' build argument 'cmake_target' from command line to 'None'
[0.598s] Level 5:colcon.colcon_core.verb:set package 'two_wheel_test' build argument 'cmake_target_skip_unavailable' from command line to 'False'
[0.598s] Level 5:colcon.colcon_core.verb:set package 'two_wheel_test' build argument 'cmake_clean_cache' from command line to 'False'
[0.598s] Level 5:colcon.colcon_core.verb:set package 'two_wheel_test' build argument 'cmake_clean_first' from command line to 'False'
[0.598s] Level 5:colcon.colcon_core.verb:set package 'two_wheel_test' build argument 'cmake_force_configure' from command line to 'False'
[0.598s] Level 5:colcon.colcon_core.verb:set package 'two_wheel_test' build argument 'ament_cmake_args' from command line to 'None'
[0.598s] Level 5:colcon.colcon_core.verb:set package 'two_wheel_test' build argument 'catkin_cmake_args' from command line to 'None'
[0.598s] Level 5:colcon.colcon_core.verb:set package 'two_wheel_test' build argument 'catkin_skip_building_tests' from command line to 'False'
[0.598s] DEBUG:colcon.colcon_core.verb:Building package 'two_wheel_test' with the following arguments: {'ament_cmake_args': None, 'build_base': '/home/lorenzo/Two_Wheel/ros_foxy_ws/build/two_wheel_test', 'catkin_cmake_args': None, 'catkin_skip_building_tests': False, 'cmake_args': None, 'cmake_clean_cache': False, 'cmake_clean_first': False, 'cmake_force_configure': False, 'cmake_target': None, 'cmake_target_skip_unavailable': False, 'install_base': '/home/lorenzo/Two_Wheel/ros_foxy_ws/install', 'merge_install': True, 'path': '/home/lorenzo/Two_Wheel/ros_foxy_ws/src/two_wheel_test', 'symlink_install': False, 'test_result_base': None}
[0.600s] INFO:colcon.colcon_core.executor:Executing jobs using 'parallel' executor
[0.610s] DEBUG:colcon.colcon_parallel_executor.executor.parallel:run_until_complete
[0.610s] INFO:colcon.colcon_ros.task.ament_cmake.build:Building ROS package in '/home/lorenzo/Two_Wheel/ros_foxy_ws/src/two_wheel_test' with build type 'ament_cmake'
[0.610s] INFO:colcon.colcon_cmake.task.cmake.build:Building CMake package in '/home/lorenzo/Two_Wheel/ros_foxy_ws/src/two_wheel_test'
[0.623s] INFO:colcon.colcon_core.plugin_system:Skipping extension 'colcon_core.shell.bat': Not used on non-Windows systems
[0.624s] INFO:colcon.colcon_core.shell:Skip shell extension 'powershell' for command environment: Not usable outside of PowerShell
[0.624s] DEBUG:colcon.colcon_core.shell:Skip shell extension 'dsv' for command environment
[0.640s] DEBUG:colcon.colcon_core.event_handler.log_command:Invoking command in '/home/lorenzo/Two_Wheel/ros_foxy_ws/build/two_wheel_test': CMAKE_PREFIX_PATH=${CMAKE_PREFIX_PATH}:/opt/ros/foxy /usr/bin/cmake /home/lorenzo/Two_Wheel/ros_foxy_ws/src/two_wheel_test -DCMAKE_INSTALL_PREFIX=/home/lorenzo/Two_Wheel/ros_foxy_ws/install
[2.866s] DEBUG:colcon.colcon_core.event_handler.log_command:Invoked command in '/home/lorenzo/Two_Wheel/ros_foxy_ws/build/two_wheel_test' returned '0': CMAKE_PREFIX_PATH=${CMAKE_PREFIX_PATH}:/opt/ros/foxy /usr/bin/cmake /home/lorenzo/Two_Wheel/ros_foxy_ws/src/two_wheel_test -DCMAKE_INSTALL_PREFIX=/home/lorenzo/Two_Wheel/ros_foxy_ws/install
[2.872s] DEBUG:colcon.colcon_core.event_handler.log_command:Invoking command in '/home/lorenzo/Two_Wheel/ros_foxy_ws/build/two_wheel_test': CMAKE_PREFIX_PATH=${CMAKE_PREFIX_PATH}:/opt/ros/foxy /usr/bin/cmake --build /home/lorenzo/Two_Wheel/ros_foxy_ws/build/two_wheel_test -- -j4 -l4
[2.936s] DEBUG:colcon.colcon_core.event_handler.log_command:Invoked command in '/home/lorenzo/Two_Wheel/ros_foxy_ws/build/two_wheel_test' returned '0': CMAKE_PREFIX_PATH=${CMAKE_PREFIX_PATH}:/opt/ros/foxy /usr/bin/cmake --build /home/lorenzo/Two_Wheel/ros_foxy_ws/build/two_wheel_test -- -j4 -l4
[2.981s] DEBUG:colcon.colcon_core.event_handler.log_command:Invoking command in '/home/lorenzo/Two_Wheel/ros_foxy_ws/build/two_wheel_test': CMAKE_PREFIX_PATH=${CMAKE_PREFIX_PATH}:/opt/ros/foxy /usr/bin/cmake --install /home/lorenzo/Two_Wheel/ros_foxy_ws/build/two_wheel_test
[3.000s] Level 1:colcon.colcon_core.environment:create_environment_scripts_only(two_wheel_test)
[3.002s] DEBUG:colcon.colcon_core.event_handler.log_command:Invoked command in '/home/lorenzo/Two_Wheel/ros_foxy_ws/build/two_wheel_test' returned '0': CMAKE_PREFIX_PATH=${CMAKE_PREFIX_PATH}:/opt/ros/foxy /usr/bin/cmake --install /home/lorenzo/Two_Wheel/ros_foxy_ws/build/two_wheel_test
[3.015s] Level 1:colcon.colcon_core.environment:checking '/home/lorenzo/Two_Wheel/ros_foxy_ws/install' for CMake module files
[3.016s] Level 1:colcon.colcon_core.environment:checking '/home/lorenzo/Two_Wheel/ros_foxy_ws/install' for CMake config files
[3.016s] Level 1:colcon.colcon_core.shell:create_environment_hook('two_wheel_test', 'cmake_prefix_path')
[3.019s] INFO:colcon.colcon_core.shell:Creating environment hook '/home/lorenzo/Two_Wheel/ros_foxy_ws/install/share/two_wheel_test/hook/cmake_prefix_path.ps1'
[3.021s] INFO:colcon.colcon_core.shell:Creating environment descriptor '/home/lorenzo/Two_Wheel/ros_foxy_ws/install/share/two_wheel_test/hook/cmake_prefix_path.dsv'
[3.022s] INFO:colcon.colcon_core.shell:Creating environment hook '/home/lorenzo/Two_Wheel/ros_foxy_ws/install/share/two_wheel_test/hook/cmake_prefix_path.sh'
[3.023s] Level 1:colcon.colcon_core.environment:checking '/home/lorenzo/Two_Wheel/ros_foxy_ws/install/lib'
[3.024s] Level 1:colcon.colcon_core.shell:create_environment_hook('two_wheel_test', 'ld_library_path_lib')
[3.027s] INFO:colcon.colcon_core.shell:Creating environment hook '/home/lorenzo/Two_Wheel/ros_foxy_ws/install/share/two_wheel_test/hook/ld_library_path_lib.ps1'
[3.028s] INFO:colcon.colcon_core.shell:Creating environment descriptor '/home/lorenzo/Two_Wheel/ros_foxy_ws/install/share/two_wheel_test/hook/ld_library_path_lib.dsv'
[3.029s] INFO:colcon.colcon_core.shell:Creating environment hook '/home/lorenzo/Two_Wheel/ros_foxy_ws/install/share/two_wheel_test/hook/ld_library_path_lib.sh'
[3.030s] Level 1:colcon.colcon_core.environment:checking '/home/lorenzo/Two_Wheel/ros_foxy_ws/install/bin'
[3.030s] Level 1:colcon.colcon_core.environment:checking '/home/lorenzo/Two_Wheel/ros_foxy_ws/install/lib/pkgconfig/two_wheel_test.pc'
[3.030s] Level 1:colcon.colcon_core.environment:checking '/home/lorenzo/Two_Wheel/ros_foxy_ws/install/lib/python3.8/site-packages'
[3.030s] Level 1:colcon.colcon_core.shell:create_environment_hook('two_wheel_test', 'pythonpath')
[3.034s] INFO:colcon.colcon_core.shell:Creating environment hook '/home/lorenzo/Two_Wheel/ros_foxy_ws/install/share/two_wheel_test/hook/pythonpath.ps1'
[3.035s] INFO:colcon.colcon_core.shell:Creating environment descriptor '/home/lorenzo/Two_Wheel/ros_foxy_ws/install/share/two_wheel_test/hook/pythonpath.dsv'
[3.035s] INFO:colcon.colcon_core.shell:Creating environment hook '/home/lorenzo/Two_Wheel/ros_foxy_ws/install/share/two_wheel_test/hook/pythonpath.sh'
[3.036s] Level 1:colcon.colcon_core.environment:checking '/home/lorenzo/Two_Wheel/ros_foxy_ws/install/bin'
[3.041s] INFO:colcon.colcon_core.shell:Creating package script '/home/lorenzo/Two_Wheel/ros_foxy_ws/install/share/two_wheel_test/package.ps1'
[3.042s] INFO:colcon.colcon_core.shell:Creating package descriptor '/home/lorenzo/Two_Wheel/ros_foxy_ws/install/share/two_wheel_test/package.dsv'
[3.043s] INFO:colcon.colcon_core.shell:Creating package script '/home/lorenzo/Two_Wheel/ros_foxy_ws/install/share/two_wheel_test/package.sh'
[3.045s] INFO:colcon.colcon_core.shell:Creating package script '/home/lorenzo/Two_Wheel/ros_foxy_ws/install/share/two_wheel_test/package.bash'
[3.047s] INFO:colcon.colcon_core.shell:Creating package script '/home/lorenzo/Two_Wheel/ros_foxy_ws/install/share/two_wheel_test/package.zsh'
[3.049s] Level 1:colcon.colcon_core.environment:create_file_with_runtime_dependencies(/home/lorenzo/Two_Wheel/ros_foxy_ws/install/share/colcon-core/packages/two_wheel_test)
[3.087s] Level 1:colcon.colcon_core.environment:create_environment_scripts_only(two_wheel_test)
[3.094s] Level 1:colcon.colcon_core.environment:checking '/home/lorenzo/Two_Wheel/ros_foxy_ws/install' for CMake module files
[3.095s] Level 1:colcon.colcon_core.environment:checking '/home/lorenzo/Two_Wheel/ros_foxy_ws/install' for CMake config files
[3.095s] Level 1:colcon.colcon_core.shell:create_environment_hook('two_wheel_test', 'cmake_prefix_path')
[3.099s] INFO:colcon.colcon_core.shell:Creating environment hook '/home/lorenzo/Two_Wheel/ros_foxy_ws/install/share/two_wheel_test/hook/cmake_prefix_path.ps1'
[3.100s] INFO:colcon.colcon_core.shell:Creating environment descriptor '/home/lorenzo/Two_Wheel/ros_foxy_ws/install/share/two_wheel_test/hook/cmake_prefix_path.dsv'
[3.100s] INFO:colcon.colcon_core.shell:Creating environment hook '/home/lorenzo/Two_Wheel/ros_foxy_ws/install/share/two_wheel_test/hook/cmake_prefix_path.sh'
[3.101s] Level 1:colcon.colcon_core.environment:checking '/home/lorenzo/Two_Wheel/ros_foxy_ws/install/lib'
[3.102s] Level 1:colcon.colcon_core.shell:create_environment_hook('two_wheel_test', 'ld_library_path_lib')
[3.105s] INFO:colcon.colcon_core.shell:Creating environment hook '/home/lorenzo/Two_Wheel/ros_foxy_ws/install/share/two_wheel_test/hook/ld_library_path_lib.ps1'
[3.106s] INFO:colcon.colcon_core.shell:Creating environment descriptor '/home/lorenzo/Two_Wheel/ros_foxy_ws/install/share/two_wheel_test/hook/ld_library_path_lib.dsv'
[3.106s] INFO:colcon.colcon_core.shell:Creating environment hook '/home/lorenzo/Two_Wheel/ros_foxy_ws/install/share/two_wheel_test/hook/ld_library_path_lib.sh'
[3.107s] Level 1:colcon.colcon_core.environment:checking '/home/lorenzo/Two_Wheel/ros_foxy_ws/install/bin'
[3.107s] Level 1:colcon.colcon_core.environment:checking '/home/lorenzo/Two_Wheel/ros_foxy_ws/install/lib/pkgconfig/two_wheel_test.pc'
[3.107s] Level 1:colcon.colcon_core.environment:checking '/home/lorenzo/Two_Wheel/ros_foxy_ws/install/lib/python3.8/site-packages'
[3.108s] Level 1:colcon.colcon_core.shell:create_environment_hook('two_wheel_test', 'pythonpath')
[3.111s] INFO:colcon.colcon_core.shell:Creating environment hook '/home/lorenzo/Two_Wheel/ros_foxy_ws/install/share/two_wheel_test/hook/pythonpath.ps1'
[3.112s] INFO:colcon.colcon_core.shell:Creating environment descriptor '/home/lorenzo/Two_Wheel/ros_foxy_ws/install/share/two_wheel_test/hook/pythonpath.dsv'
[3.112s] INFO:colcon.colcon_core.shell:Creating environment hook '/home/lorenzo/Two_Wheel/ros_foxy_ws/install/share/two_wheel_test/hook/pythonpath.sh'
[3.113s] Level 1:colcon.colcon_core.environment:checking '/home/lorenzo/Two_Wheel/ros_foxy_ws/install/bin'
[3.117s] INFO:colcon.colcon_core.shell:Creating package script '/home/lorenzo/Two_Wheel/ros_foxy_ws/install/share/two_wheel_test/package.ps1'
[3.118s] INFO:colcon.colcon_core.shell:Creating package descriptor '/home/lorenzo/Two_Wheel/ros_foxy_ws/install/share/two_wheel_test/package.dsv'
[3.119s] INFO:colcon.colcon_core.shell:Creating package script '/home/lorenzo/Two_Wheel/ros_foxy_ws/install/share/two_wheel_test/package.sh'
[3.120s] INFO:colcon.colcon_core.shell:Creating package script '/home/lorenzo/Two_Wheel/ros_foxy_ws/install/share/two_wheel_test/package.bash'
[3.121s] INFO:colcon.colcon_core.shell:Creating package script '/home/lorenzo/Two_Wheel/ros_foxy_ws/install/share/two_wheel_test/package.zsh'
[3.122s] Level 1:colcon.colcon_core.environment:create_file_with_runtime_dependencies(/home/lorenzo/Two_Wheel/ros_foxy_ws/install/share/colcon-core/packages/two_wheel_test)
[3.122s] DEBUG:colcon.colcon_parallel_executor.executor.parallel:closing loop
[3.123s] DEBUG:colcon.colcon_parallel_executor.executor.parallel:loop closed
[3.123s] DEBUG:colcon.colcon_parallel_executor.executor.parallel:run_until_complete finished with '0'
[3.123s] DEBUG:colcon.colcon_core.event_reactor:joining thread
[3.143s] INFO:colcon.colcon_core.plugin_system:Skipping extension 'colcon_notification.desktop_notification.terminal_notifier': Not used on non-Darwin systems
[3.143s] INFO:colcon.colcon_core.plugin_system:Skipping extension 'colcon_notification.desktop_notification.win32': Not used on non-Windows systems
[3.143s] INFO:colcon.colcon_notification.desktop_notification:Sending desktop notification using 'notify2'
[3.188s] DEBUG:colcon.colcon_core.event_reactor:joined thread
[3.193s] INFO:colcon.colcon_core.shell:Creating prefix script '/home/lorenzo/Two_Wheel/ros_foxy_ws/install/local_setup.ps1'
[3.195s] INFO:colcon.colcon_core.shell:Creating prefix util module '/home/lorenzo/Two_Wheel/ros_foxy_ws/install/_local_setup_util_ps1.py'
[3.199s] INFO:colcon.colcon_core.shell:Creating prefix chain script '/home/lorenzo/Two_Wheel/ros_foxy_ws/install/setup.ps1'
[3.203s] INFO:colcon.colcon_core.shell:Creating prefix script '/home/lorenzo/Two_Wheel/ros_foxy_ws/install/local_setup.sh'
[3.204s] INFO:colcon.colcon_core.shell:Creating prefix util module '/home/lorenzo/Two_Wheel/ros_foxy_ws/install/_local_setup_util_sh.py'
[3.205s] INFO:colcon.colcon_core.shell:Creating prefix chain script '/home/lorenzo/Two_Wheel/ros_foxy_ws/install/setup.sh'
[3.209s] INFO:colcon.colcon_core.shell:Creating prefix script '/home/lorenzo/Two_Wheel/ros_foxy_ws/install/local_setup.bash'
[3.210s] INFO:colcon.colcon_core.shell:Creating prefix chain script '/home/lorenzo/Two_Wheel/ros_foxy_ws/install/setup.bash'
[3.214s] INFO:colcon.colcon_core.shell:Creating prefix script '/home/lorenzo/Two_Wheel/ros_foxy_ws/install/local_setup.zsh'
[3.217s] INFO:colcon.colcon_core.shell:Creating prefix chain script '/home/lorenzo/Two_Wheel/ros_foxy_ws/install/setup.zsh'
