[0.397s] DEBUG:colcon:Command line arguments: ['/usr/bin/colcon', 'build']
[0.397s] DEBUG:colcon:Parsed command line arguments: Namespace(allow_overriding=[], ament_cmake_args=None, base_paths=['.'], build_base='build', catkin_cmake_args=None, catkin_skip_building_tests=False, cmake_args=None, cmake_clean_cache=False, cmake_clean_first=False, cmake_force_configure=False, cmake_target=None, cmake_target_skip_unavailable=False, continue_on_error=False, event_handlers=None, executor='parallel', ignore_user_meta=False, install_base='install', log_base=None, log_level=None, main=<bound method BuildVerb.main of <colcon_core.verb.build.BuildVerb object at 0x7fa4e7ac7040>>, merge_install=False, metas=['./colcon.meta'], packages_above=None, packages_above_and_dependencies=None, packages_above_depth=None, packages_end=None, packages_ignore=None, packages_ignore_regex=None, packages_select=None, packages_select_build_failed=False, packages_select_by_dep=None, packages_select_regex=None, packages_select_test_failures=False, packages_skip=None, packages_skip_build_finished=False, packages_skip_by_dep=None, packages_skip_regex=None, packages_skip_test_passed=False, packages_skip_up_to=None, packages_start=None, packages_up_to=None, packages_up_to_regex=None, parallel_workers=4, paths=None, symlink_install=False, test_result_base=None, verb_extension=<colcon_core.verb.build.BuildVerb object at 0x7fa4e7ac7040>, verb_name='build', verb_parser=<colcon_defaults.argument_parser.defaults.DefaultArgumentsDecorator object at 0x7fa4e7ac7550>)
[0.466s] Level 1:colcon.colcon_core.package_discovery:discover_packages(colcon_meta) check parameters
[0.466s] Level 1:colcon.colcon_core.package_discovery:discover_packages(recursive) check parameters
[0.466s] Level 1:colcon.colcon_core.package_discovery:discover_packages(ignore) check parameters
[0.467s] Level 1:colcon.colcon_core.package_discovery:discover_packages(path) check parameters
[0.467s] Level 1:colcon.colcon_core.package_discovery:discover_packages(colcon_meta) discover
[0.467s] Level 1:colcon.colcon_core.package_discovery:discover_packages(recursive) discover
[0.467s] INFO:colcon.colcon_core.package_discovery:Crawling recursively for packages in '/home/lorenzo/Two_Wheel/ros_foxy_ws'
[0.467s] Level 1:colcon.colcon_core.package_identification:_identify(.) by extensions ['ignore', 'ignore_ament_install']
[0.467s] Level 1:colcon.colcon_core.package_identification:_identify(.) by extension 'ignore'
[0.467s] Level 1:colcon.colcon_core.package_identification:_identify(.) by extension 'ignore_ament_install'
[0.467s] Level 1:colcon.colcon_core.package_identification:_identify(.) by extensions ['colcon_pkg']
[0.468s] Level 1:colcon.colcon_core.package_identification:_identify(.) by extension 'colcon_pkg'
[0.468s] Level 1:colcon.colcon_core.package_identification:_identify(.) by extensions ['colcon_meta']
[0.468s] Level 1:colcon.colcon_core.package_identification:_identify(.) by extension 'colcon_meta'
[0.468s] Level 1:colcon.colcon_core.package_identification:_identify(.) by extensions ['ros']
[0.468s] Level 1:colcon.colcon_core.package_identification:_identify(.) by extension 'ros'
[0.503s] Level 1:colcon.colcon_core.package_identification:_identify(.) by extensions ['cmake', 'python']
[0.503s] Level 1:colcon.colcon_core.package_identification:_identify(.) by extension 'cmake'
[0.503s] Level 1:colcon.colcon_core.package_identification:_identify(.) by extension 'python'
[0.503s] Level 1:colcon.colcon_core.package_identification:_identify(.) by extensions ['python_setup_py']
[0.503s] Level 1:colcon.colcon_core.package_identification:_identify(.) by extension 'python_setup_py'
[0.504s] Level 1:colcon.colcon_core.package_identification:_identify(build) by extensions ['ignore', 'ignore_ament_install']
[0.504s] Level 1:colcon.colcon_core.package_identification:_identify(build) by extension 'ignore'
[0.504s] Level 1:colcon.colcon_core.package_identification:_identify(build) ignored
[0.504s] Level 1:colcon.colcon_core.package_identification:_identify(install) by extensions ['ignore', 'ignore_ament_install']
[0.504s] Level 1:colcon.colcon_core.package_identification:_identify(install) by extension 'ignore'
[0.505s] Level 1:colcon.colcon_core.package_identification:_identify(install) ignored
[0.505s] Level 1:colcon.colcon_core.package_identification:_identify(log) by extensions ['ignore', 'ignore_ament_install']
[0.505s] Level 1:colcon.colcon_core.package_identification:_identify(log) by extension 'ignore'
[0.505s] Level 1:colcon.colcon_core.package_identification:_identify(log) ignored
[0.505s] Level 1:colcon.colcon_core.package_identification:_identify(src) by extensions ['ignore', 'ignore_ament_install']
[0.505s] Level 1:colcon.colcon_core.package_identification:_identify(src) by extension 'ignore'
[0.505s] Level 1:colcon.colcon_core.package_identification:_identify(src) by extension 'ignore_ament_install'
[0.505s] Level 1:colcon.colcon_core.package_identification:_identify(src) by extensions ['colcon_pkg']
[0.505s] Level 1:colcon.colcon_core.package_identification:_identify(src) by extension 'colcon_pkg'
[0.506s] Level 1:colcon.colcon_core.package_identification:_identify(src) by extensions ['colcon_meta']
[0.506s] Level 1:colcon.colcon_core.package_identification:_identify(src) by extension 'colcon_meta'
[0.506s] Level 1:colcon.colcon_core.package_identification:_identify(src) by extensions ['ros']
[0.506s] Level 1:colcon.colcon_core.package_identification:_identify(src) by extension 'ros'
[0.506s] Level 1:colcon.colcon_core.package_identification:_identify(src) by extensions ['cmake', 'python']
[0.506s] Level 1:colcon.colcon_core.package_identification:_identify(src) by extension 'cmake'
[0.506s] Level 1:colcon.colcon_core.package_identification:_identify(src) by extension 'python'
[0.506s] Level 1:colcon.colcon_core.package_identification:_identify(src) by extensions ['python_setup_py']
[0.506s] Level 1:colcon.colcon_core.package_identification:_identify(src) by extension 'python_setup_py'
[0.506s] Level 1:colcon.colcon_core.package_identification:_identify(src/two_wheel_control) by extensions ['ignore', 'ignore_ament_install']
[0.506s] Level 1:colcon.colcon_core.package_identification:_identify(src/two_wheel_control) by extension 'ignore'
[0.506s] Level 1:colcon.colcon_core.package_identification:_identify(src/two_wheel_control) by extension 'ignore_ament_install'
[0.507s] Level 1:colcon.colcon_core.package_identification:_identify(src/two_wheel_control) by extensions ['colcon_pkg']
[0.507s] Level 1:colcon.colcon_core.package_identification:_identify(src/two_wheel_control) by extension 'colcon_pkg'
[0.507s] Level 1:colcon.colcon_core.package_identification:_identify(src/two_wheel_control) by extensions ['colcon_meta']
[0.507s] Level 1:colcon.colcon_core.package_identification:_identify(src/two_wheel_control) by extension 'colcon_meta'
[0.507s] Level 1:colcon.colcon_core.package_identification:_identify(src/two_wheel_control) by extensions ['ros']
[0.507s] Level 1:colcon.colcon_core.package_identification:_identify(src/two_wheel_control) by extension 'ros'
[0.511s] DEBUG:colcon.colcon_core.package_identification:Package 'src/two_wheel_control' with type 'ros.ament_cmake' and name 'two_wheel_control'
[0.511s] Level 1:colcon.colcon_core.package_identification:_identify(src/two_wheel_sim) by extensions ['ignore', 'ignore_ament_install']
[0.511s] Level 1:colcon.colcon_core.package_identification:_identify(src/two_wheel_sim) by extension 'ignore'
[0.511s] Level 1:colcon.colcon_core.package_identification:_identify(src/two_wheel_sim) by extension 'ignore_ament_install'
[0.511s] Level 1:colcon.colcon_core.package_identification:_identify(src/two_wheel_sim) by extensions ['colcon_pkg']
[0.511s] Level 1:colcon.colcon_core.package_identification:_identify(src/two_wheel_sim) by extension 'colcon_pkg'
[0.512s] Level 1:colcon.colcon_core.package_identification:_identify(src/two_wheel_sim) by extensions ['colcon_meta']
[0.512s] Level 1:colcon.colcon_core.package_identification:_identify(src/two_wheel_sim) by extension 'colcon_meta'
[0.512s] Level 1:colcon.colcon_core.package_identification:_identify(src/two_wheel_sim) by extensions ['ros']
[0.512s] Level 1:colcon.colcon_core.package_identification:_identify(src/two_wheel_sim) by extension 'ros'
[0.513s] DEBUG:colcon.colcon_core.package_identification:Package 'src/two_wheel_sim' with type 'ros.ament_cmake' and name 'two_wheel_sim'
[0.513s] Level 1:colcon.colcon_core.package_discovery:discover_packages(recursive) using defaults
[0.513s] Level 1:colcon.colcon_core.package_discovery:discover_packages(ignore) discover
[0.513s] Level 1:colcon.colcon_core.package_discovery:discover_packages(ignore) using defaults
[0.513s] Level 1:colcon.colcon_core.package_discovery:discover_packages(path) discover
[0.513s] Level 1:colcon.colcon_core.package_discovery:discover_packages(path) using defaults
[0.559s] Level 1:colcon.colcon_core.package_discovery:discover_packages(prefix_path) check parameters
[0.559s] Level 1:colcon.colcon_core.package_discovery:discover_packages(prefix_path) discover
[0.562s] WARNING:colcon.colcon_ros.prefix_path.ament:The path '/home/lorenzo/Two_Wheel/ros_foxy_ws/install/Two_Wheel_sim' in the environment variable AMENT_PREFIX_PATH doesn't exist
[0.562s] WARNING:colcon.colcon_ros.prefix_path.catkin:The path '/home/lorenzo/Two_Wheel/ros_foxy_ws/install/Two_Wheel_sim' in the environment variable CMAKE_PREFIX_PATH doesn't exist
[0.566s] DEBUG:colcon.colcon_installed_package_information.package_discovery:Found 2 installed packages in /home/lorenzo/Two_Wheel/ros_foxy_ws/install
[0.570s] DEBUG:colcon.colcon_installed_package_information.package_discovery:Found 270 installed packages in /opt/ros/foxy
[0.572s] Level 1:colcon.colcon_core.package_discovery:discover_packages(prefix_path) using defaults
[0.747s] Level 5:colcon.colcon_core.verb:set package 'two_wheel_control' build argument 'cmake_args' from command line to 'None'
[0.748s] Level 5:colcon.colcon_core.verb:set package 'two_wheel_control' build argument 'cmake_target' from command line to 'None'
[0.748s] Level 5:colcon.colcon_core.verb:set package 'two_wheel_control' build argument 'cmake_target_skip_unavailable' from command line to 'False'
[0.748s] Level 5:colcon.colcon_core.verb:set package 'two_wheel_control' build argument 'cmake_clean_cache' from command line to 'False'
[0.748s] Level 5:colcon.colcon_core.verb:set package 'two_wheel_control' build argument 'cmake_clean_first' from command line to 'False'
[0.748s] Level 5:colcon.colcon_core.verb:set package 'two_wheel_control' build argument 'cmake_force_configure' from command line to 'False'
[0.748s] Level 5:colcon.colcon_core.verb:set package 'two_wheel_control' build argument 'ament_cmake_args' from command line to 'None'
[0.748s] Level 5:colcon.colcon_core.verb:set package 'two_wheel_control' build argument 'catkin_cmake_args' from command line to 'None'
[0.748s] Level 5:colcon.colcon_core.verb:set package 'two_wheel_control' build argument 'catkin_skip_building_tests' from command line to 'False'
[0.748s] DEBUG:colcon.colcon_core.verb:Building package 'two_wheel_control' with the following arguments: {'ament_cmake_args': None, 'build_base': '/home/lorenzo/Two_Wheel/ros_foxy_ws/build/two_wheel_control', 'catkin_cmake_args': None, 'catkin_skip_building_tests': False, 'cmake_args': None, 'cmake_clean_cache': False, 'cmake_clean_first': False, 'cmake_force_configure': False, 'cmake_target': None, 'cmake_target_skip_unavailable': False, 'install_base': '/home/lorenzo/Two_Wheel/ros_foxy_ws/install/two_wheel_control', 'merge_install': False, 'path': '/home/lorenzo/Two_Wheel/ros_foxy_ws/src/two_wheel_control', 'symlink_install': False, 'test_result_base': None}
[0.750s] Level 5:colcon.colcon_core.verb:set package 'two_wheel_sim' build argument 'cmake_args' from command line to 'None'
[0.750s] Level 5:colcon.colcon_core.verb:set package 'two_wheel_sim' build argument 'cmake_target' from command line to 'None'
[0.750s] Level 5:colcon.colcon_core.verb:set package 'two_wheel_sim' build argument 'cmake_target_skip_unavailable' from command line to 'False'
[0.750s] Level 5:colcon.colcon_core.verb:set package 'two_wheel_sim' build argument 'cmake_clean_cache' from command line to 'False'
[0.750s] Level 5:colcon.colcon_core.verb:set package 'two_wheel_sim' build argument 'cmake_clean_first' from command line to 'False'
[0.750s] Level 5:colcon.colcon_core.verb:set package 'two_wheel_sim' build argument 'cmake_force_configure' from command line to 'False'
[0.751s] Level 5:colcon.colcon_core.verb:set package 'two_wheel_sim' build argument 'ament_cmake_args' from command line to 'None'
[0.751s] Level 5:colcon.colcon_core.verb:set package 'two_wheel_sim' build argument 'catkin_cmake_args' from command line to 'None'
[0.751s] Level 5:colcon.colcon_core.verb:set package 'two_wheel_sim' build argument 'catkin_skip_building_tests' from command line to 'False'
[0.751s] DEBUG:colcon.colcon_core.verb:Building package 'two_wheel_sim' with the following arguments: {'ament_cmake_args': None, 'build_base': '/home/lorenzo/Two_Wheel/ros_foxy_ws/build/two_wheel_sim', 'catkin_cmake_args': None, 'catkin_skip_building_tests': False, 'cmake_args': None, 'cmake_clean_cache': False, 'cmake_clean_first': False, 'cmake_force_configure': False, 'cmake_target': None, 'cmake_target_skip_unavailable': False, 'install_base': '/home/lorenzo/Two_Wheel/ros_foxy_ws/install/two_wheel_sim', 'merge_install': False, 'path': '/home/lorenzo/Two_Wheel/ros_foxy_ws/src/two_wheel_sim', 'symlink_install': False, 'test_result_base': None}
[0.752s] INFO:colcon.colcon_core.executor:Executing jobs using 'parallel' executor
[0.762s] DEBUG:colcon.colcon_parallel_executor.executor.parallel:run_until_complete
[0.763s] INFO:colcon.colcon_ros.task.ament_cmake.build:Building ROS package in '/home/lorenzo/Two_Wheel/ros_foxy_ws/src/two_wheel_control' with build type 'ament_cmake'
[0.763s] INFO:colcon.colcon_cmake.task.cmake.build:Building CMake package in '/home/lorenzo/Two_Wheel/ros_foxy_ws/src/two_wheel_control'
[0.778s] INFO:colcon.colcon_core.plugin_system:Skipping extension 'colcon_core.shell.bat': Not used on non-Windows systems
[0.778s] INFO:colcon.colcon_core.shell:Skip shell extension 'powershell' for command environment: Not usable outside of PowerShell
[0.778s] DEBUG:colcon.colcon_core.shell:Skip shell extension 'dsv' for command environment
[0.790s] INFO:colcon.colcon_ros.task.ament_cmake.build:Building ROS package in '/home/lorenzo/Two_Wheel/ros_foxy_ws/src/two_wheel_sim' with build type 'ament_cmake'
[0.791s] INFO:colcon.colcon_cmake.task.cmake.build:Building CMake package in '/home/lorenzo/Two_Wheel/ros_foxy_ws/src/two_wheel_sim'
[0.795s] INFO:colcon.colcon_core.shell:Skip shell extension 'powershell' for command environment: Not usable outside of PowerShell
[0.795s] DEBUG:colcon.colcon_core.shell:Skip shell extension 'dsv' for command environment
[0.814s] DEBUG:colcon.colcon_core.event_handler.log_command:Invoking command in '/home/lorenzo/Two_Wheel/ros_foxy_ws/build/two_wheel_control': CMAKE_PREFIX_PATH=${CMAKE_PREFIX_PATH}:/opt/ros/foxy /usr/bin/cmake /home/lorenzo/Two_Wheel/ros_foxy_ws/src/two_wheel_control -DCMAKE_INSTALL_PREFIX=/home/lorenzo/Two_Wheel/ros_foxy_ws/install/two_wheel_control
[0.834s] DEBUG:colcon.colcon_core.event_handler.log_command:Invoking command in '/home/lorenzo/Two_Wheel/ros_foxy_ws/build/two_wheel_sim': CMAKE_PREFIX_PATH=${CMAKE_PREFIX_PATH}:/opt/ros/foxy /usr/bin/cmake --build /home/lorenzo/Two_Wheel/ros_foxy_ws/build/two_wheel_sim -- -j4 -l4
[0.987s] DEBUG:colcon.colcon_core.event_handler.log_command:Invoked command in '/home/lorenzo/Two_Wheel/ros_foxy_ws/build/two_wheel_sim' returned '0': CMAKE_PREFIX_PATH=${CMAKE_PREFIX_PATH}:/opt/ros/foxy /usr/bin/cmake --build /home/lorenzo/Two_Wheel/ros_foxy_ws/build/two_wheel_sim -- -j4 -l4
[1.077s] DEBUG:colcon.colcon_core.event_handler.log_command:Invoking command in '/home/lorenzo/Two_Wheel/ros_foxy_ws/build/two_wheel_sim': CMAKE_PREFIX_PATH=${CMAKE_PREFIX_PATH}:/opt/ros/foxy /usr/bin/cmake --install /home/lorenzo/Two_Wheel/ros_foxy_ws/build/two_wheel_sim
[1.107s] Level 1:colcon.colcon_core.environment:create_environment_scripts_only(two_wheel_sim)
[1.109s] DEBUG:colcon.colcon_core.event_handler.log_command:Invoked command in '/home/lorenzo/Two_Wheel/ros_foxy_ws/build/two_wheel_sim' returned '0': CMAKE_PREFIX_PATH=${CMAKE_PREFIX_PATH}:/opt/ros/foxy /usr/bin/cmake --install /home/lorenzo/Two_Wheel/ros_foxy_ws/build/two_wheel_sim
[1.136s] Level 1:colcon.colcon_core.environment:checking '/home/lorenzo/Two_Wheel/ros_foxy_ws/install/two_wheel_sim' for CMake module files
[1.138s] Level 1:colcon.colcon_core.environment:checking '/home/lorenzo/Two_Wheel/ros_foxy_ws/install/two_wheel_sim' for CMake config files
[1.139s] Level 1:colcon.colcon_core.shell:create_environment_hook('two_wheel_sim', 'cmake_prefix_path')
[1.143s] INFO:colcon.colcon_core.shell:Creating environment hook '/home/lorenzo/Two_Wheel/ros_foxy_ws/install/two_wheel_sim/share/two_wheel_sim/hook/cmake_prefix_path.ps1'
[1.145s] INFO:colcon.colcon_core.shell:Creating environment descriptor '/home/lorenzo/Two_Wheel/ros_foxy_ws/install/two_wheel_sim/share/two_wheel_sim/hook/cmake_prefix_path.dsv'
[1.146s] INFO:colcon.colcon_core.shell:Creating environment hook '/home/lorenzo/Two_Wheel/ros_foxy_ws/install/two_wheel_sim/share/two_wheel_sim/hook/cmake_prefix_path.sh'
[1.149s] Level 1:colcon.colcon_core.environment:checking '/home/lorenzo/Two_Wheel/ros_foxy_ws/install/two_wheel_sim/bin'
[1.149s] Level 1:colcon.colcon_core.environment:checking '/home/lorenzo/Two_Wheel/ros_foxy_ws/install/two_wheel_sim/lib/pkgconfig/two_wheel_sim.pc'
[1.149s] Level 1:colcon.colcon_core.environment:checking '/home/lorenzo/Two_Wheel/ros_foxy_ws/install/two_wheel_sim/lib/python3.8/site-packages'
[1.150s] Level 1:colcon.colcon_core.environment:checking '/home/lorenzo/Two_Wheel/ros_foxy_ws/install/two_wheel_sim/bin'
[1.156s] INFO:colcon.colcon_core.shell:Creating package script '/home/lorenzo/Two_Wheel/ros_foxy_ws/install/two_wheel_sim/share/two_wheel_sim/package.ps1'
[1.158s] INFO:colcon.colcon_core.shell:Creating package descriptor '/home/lorenzo/Two_Wheel/ros_foxy_ws/install/two_wheel_sim/share/two_wheel_sim/package.dsv'
[1.159s] INFO:colcon.colcon_core.shell:Creating package script '/home/lorenzo/Two_Wheel/ros_foxy_ws/install/two_wheel_sim/share/two_wheel_sim/package.sh'
[1.161s] INFO:colcon.colcon_core.shell:Creating package script '/home/lorenzo/Two_Wheel/ros_foxy_ws/install/two_wheel_sim/share/two_wheel_sim/package.bash'
[1.162s] INFO:colcon.colcon_core.shell:Creating package script '/home/lorenzo/Two_Wheel/ros_foxy_ws/install/two_wheel_sim/share/two_wheel_sim/package.zsh'
[1.166s] Level 1:colcon.colcon_core.environment:create_file_with_runtime_dependencies(/home/lorenzo/Two_Wheel/ros_foxy_ws/install/two_wheel_sim/share/colcon-core/packages/two_wheel_sim)
[1.216s] Level 1:colcon.colcon_core.environment:create_environment_scripts_only(two_wheel_sim)
[1.227s] Level 1:colcon.colcon_core.environment:checking '/home/lorenzo/Two_Wheel/ros_foxy_ws/install/two_wheel_sim' for CMake module files
[1.228s] Level 1:colcon.colcon_core.environment:checking '/home/lorenzo/Two_Wheel/ros_foxy_ws/install/two_wheel_sim' for CMake config files
[1.229s] Level 1:colcon.colcon_core.shell:create_environment_hook('two_wheel_sim', 'cmake_prefix_path')
[1.237s] INFO:colcon.colcon_core.shell:Creating environment hook '/home/lorenzo/Two_Wheel/ros_foxy_ws/install/two_wheel_sim/share/two_wheel_sim/hook/cmake_prefix_path.ps1'
[1.238s] INFO:colcon.colcon_core.shell:Creating environment descriptor '/home/lorenzo/Two_Wheel/ros_foxy_ws/install/two_wheel_sim/share/two_wheel_sim/hook/cmake_prefix_path.dsv'
[1.238s] INFO:colcon.colcon_core.shell:Creating environment hook '/home/lorenzo/Two_Wheel/ros_foxy_ws/install/two_wheel_sim/share/two_wheel_sim/hook/cmake_prefix_path.sh'
[1.239s] Level 1:colcon.colcon_core.environment:checking '/home/lorenzo/Two_Wheel/ros_foxy_ws/install/two_wheel_sim/bin'
[1.240s] Level 1:colcon.colcon_core.environment:checking '/home/lorenzo/Two_Wheel/ros_foxy_ws/install/two_wheel_sim/lib/pkgconfig/two_wheel_sim.pc'
[1.240s] Level 1:colcon.colcon_core.environment:checking '/home/lorenzo/Two_Wheel/ros_foxy_ws/install/two_wheel_sim/lib/python3.8/site-packages'
[1.241s] Level 1:colcon.colcon_core.environment:checking '/home/lorenzo/Two_Wheel/ros_foxy_ws/install/two_wheel_sim/bin'
[1.247s] INFO:colcon.colcon_core.shell:Creating package script '/home/lorenzo/Two_Wheel/ros_foxy_ws/install/two_wheel_sim/share/two_wheel_sim/package.ps1'
[1.249s] INFO:colcon.colcon_core.shell:Creating package descriptor '/home/lorenzo/Two_Wheel/ros_foxy_ws/install/two_wheel_sim/share/two_wheel_sim/package.dsv'
[1.251s] INFO:colcon.colcon_core.shell:Creating package script '/home/lorenzo/Two_Wheel/ros_foxy_ws/install/two_wheel_sim/share/two_wheel_sim/package.sh'
[1.252s] INFO:colcon.colcon_core.shell:Creating package script '/home/lorenzo/Two_Wheel/ros_foxy_ws/install/two_wheel_sim/share/two_wheel_sim/package.bash'
[1.254s] INFO:colcon.colcon_core.shell:Creating package script '/home/lorenzo/Two_Wheel/ros_foxy_ws/install/two_wheel_sim/share/two_wheel_sim/package.zsh'
[1.254s] Level 1:colcon.colcon_core.environment:create_file_with_runtime_dependencies(/home/lorenzo/Two_Wheel/ros_foxy_ws/install/two_wheel_sim/share/colcon-core/packages/two_wheel_sim)
[1.590s] DEBUG:colcon.colcon_core.event_handler.log_command:Invoked command in '/home/lorenzo/Two_Wheel/ros_foxy_ws/build/two_wheel_control' returned '1': CMAKE_PREFIX_PATH=${CMAKE_PREFIX_PATH}:/opt/ros/foxy /usr/bin/cmake /home/lorenzo/Two_Wheel/ros_foxy_ws/src/two_wheel_control -DCMAKE_INSTALL_PREFIX=/home/lorenzo/Two_Wheel/ros_foxy_ws/install/two_wheel_control
[1.610s] Level 1:colcon.colcon_core.environment:create_environment_scripts_only(two_wheel_control)
[1.619s] Level 1:colcon.colcon_core.environment:checking '/home/lorenzo/Two_Wheel/ros_foxy_ws/install/two_wheel_control' for CMake module files
[1.620s] Level 1:colcon.colcon_core.environment:checking '/home/lorenzo/Two_Wheel/ros_foxy_ws/install/two_wheel_control' for CMake config files
[1.621s] Level 1:colcon.colcon_core.environment:checking '/home/lorenzo/Two_Wheel/ros_foxy_ws/install/two_wheel_control/bin'
[1.621s] Level 1:colcon.colcon_core.environment:checking '/home/lorenzo/Two_Wheel/ros_foxy_ws/install/two_wheel_control/lib/pkgconfig/two_wheel_control.pc'
[1.621s] Level 1:colcon.colcon_core.environment:checking '/home/lorenzo/Two_Wheel/ros_foxy_ws/install/two_wheel_control/lib/python3.8/site-packages'
[1.622s] Level 1:colcon.colcon_core.environment:checking '/home/lorenzo/Two_Wheel/ros_foxy_ws/install/two_wheel_control/bin'
[1.625s] INFO:colcon.colcon_core.shell:Creating package script '/home/lorenzo/Two_Wheel/ros_foxy_ws/install/two_wheel_control/share/two_wheel_control/package.ps1'
[1.626s] INFO:colcon.colcon_core.shell:Creating package descriptor '/home/lorenzo/Two_Wheel/ros_foxy_ws/install/two_wheel_control/share/two_wheel_control/package.dsv'
[1.626s] INFO:colcon.colcon_core.shell:Creating package script '/home/lorenzo/Two_Wheel/ros_foxy_ws/install/two_wheel_control/share/two_wheel_control/package.sh'
[1.626s] INFO:colcon.colcon_core.shell:Creating package script '/home/lorenzo/Two_Wheel/ros_foxy_ws/install/two_wheel_control/share/two_wheel_control/package.bash'
[1.627s] INFO:colcon.colcon_core.shell:Creating package script '/home/lorenzo/Two_Wheel/ros_foxy_ws/install/two_wheel_control/share/two_wheel_control/package.zsh'
[1.627s] Level 1:colcon.colcon_core.environment:create_file_with_runtime_dependencies(/home/lorenzo/Two_Wheel/ros_foxy_ws/install/two_wheel_control/share/colcon-core/packages/two_wheel_control)
[1.638s] DEBUG:colcon.colcon_parallel_executor.executor.parallel:closing loop
[1.639s] DEBUG:colcon.colcon_parallel_executor.executor.parallel:loop closed
[1.639s] DEBUG:colcon.colcon_parallel_executor.executor.parallel:run_until_complete finished with '1'
[1.639s] DEBUG:colcon.colcon_core.event_reactor:joining thread
[1.657s] INFO:colcon.colcon_core.plugin_system:Skipping extension 'colcon_notification.desktop_notification.terminal_notifier': Not used on non-Darwin systems
[1.657s] INFO:colcon.colcon_core.plugin_system:Skipping extension 'colcon_notification.desktop_notification.win32': Not used on non-Windows systems
[1.657s] INFO:colcon.colcon_notification.desktop_notification:Sending desktop notification using 'notify2'
[1.687s] DEBUG:colcon.colcon_core.event_reactor:joined thread
[1.691s] INFO:colcon.colcon_core.shell:Creating prefix script '/home/lorenzo/Two_Wheel/ros_foxy_ws/install/local_setup.ps1'
[1.693s] INFO:colcon.colcon_core.shell:Creating prefix util module '/home/lorenzo/Two_Wheel/ros_foxy_ws/install/_local_setup_util_ps1.py'
[1.696s] INFO:colcon.colcon_core.shell:Creating prefix chain script '/home/lorenzo/Two_Wheel/ros_foxy_ws/install/setup.ps1'
[1.700s] INFO:colcon.colcon_core.shell:Creating prefix script '/home/lorenzo/Two_Wheel/ros_foxy_ws/install/local_setup.sh'
[1.702s] INFO:colcon.colcon_core.shell:Creating prefix util module '/home/lorenzo/Two_Wheel/ros_foxy_ws/install/_local_setup_util_sh.py'
[1.703s] INFO:colcon.colcon_core.shell:Creating prefix chain script '/home/lorenzo/Two_Wheel/ros_foxy_ws/install/setup.sh'
[1.706s] INFO:colcon.colcon_core.shell:Creating prefix script '/home/lorenzo/Two_Wheel/ros_foxy_ws/install/local_setup.bash'
[1.707s] INFO:colcon.colcon_core.shell:Creating prefix chain script '/home/lorenzo/Two_Wheel/ros_foxy_ws/install/setup.bash'
[1.709s] INFO:colcon.colcon_core.shell:Creating prefix script '/home/lorenzo/Two_Wheel/ros_foxy_ws/install/local_setup.zsh'
[1.710s] INFO:colcon.colcon_core.shell:Creating prefix chain script '/home/lorenzo/Two_Wheel/ros_foxy_ws/install/setup.zsh'
