[0.040s] Invoking command in '/home/lorenzo/Two_Wheel/ros_foxy_ws/build/two_wheel_control_msgs': CMAKE_PREFIX_PATH=${CMAKE_PREFIX_PATH}:/opt/ros/foxy /usr/bin/cmake --build /home/lorenzo/Two_Wheel/ros_foxy_ws/build/two_wheel_control_msgs -- -j4 -l4
[0.136s] [  9%] Built target two_wheel_control_msgs__rosidl_generator_c
[0.139s] [ 12%] Built target two_wheel_control_msgs__cpp
[0.184s] [ 22%] Built target two_wheel_control_msgs__rosidl_typesupport_introspection_c
[0.186s] [ 32%] Built target two_wheel_control_msgs__rosidl_typesupport_c
[0.197s] [ 41%] Built target two_wheel_control_msgs__rosidl_typesupport_cpp
[0.202s] [ 51%] Built target two_wheel_control_msgs__rosidl_typesupport_fastrtps_cpp
[0.231s] [ 61%] Built target two_wheel_control_msgs__rosidl_typesupport_introspection_cpp
[0.259s] [ 70%] Built target two_wheel_control_msgs__rosidl_typesupport_fastrtps_c
[0.299s] [ 70%] Built target two_wheel_control_msgs
[0.333s] [ 74%] Built target two_wheel_control_msgs__py
[0.385s] [ 80%] Built target two_wheel_control_msgs__python
[0.430s] [ 87%] Built target two_wheel_control_msgs__rosidl_typesupport_c__pyext
[0.432s] [ 93%] Built target two_wheel_control_msgs__rosidl_typesupport_introspection_c__pyext
[0.438s] [100%] Built target two_wheel_control_msgs__rosidl_typesupport_fastrtps_c__pyext
[0.457s] Invoked command in '/home/lorenzo/Two_Wheel/ros_foxy_ws/build/two_wheel_control_msgs' returned '0': CMAKE_PREFIX_PATH=${CMAKE_PREFIX_PATH}:/opt/ros/foxy /usr/bin/cmake --build /home/lorenzo/Two_Wheel/ros_foxy_ws/build/two_wheel_control_msgs -- -j4 -l4
[0.553s] Invoking command in '/home/lorenzo/Two_Wheel/ros_foxy_ws/build/two_wheel_control_msgs': CMAKE_PREFIX_PATH=${CMAKE_PREFIX_PATH}:/opt/ros/foxy /usr/bin/cmake --install /home/lorenzo/Two_Wheel/ros_foxy_ws/build/two_wheel_control_msgs
[0.569s] -- Install configuration: ""
[0.569s] -- Up-to-date: /home/lorenzo/Two_Wheel/ros_foxy_ws/install/share/ament_index/resource_index/rosidl_interfaces/two_wheel_control_msgs
[0.569s] -- Up-to-date: /home/lorenzo/Two_Wheel/ros_foxy_ws/install/include/two_wheel_control_msgs
[0.569s] -- Up-to-date: /home/lorenzo/Two_Wheel/ros_foxy_ws/install/include/two_wheel_control_msgs/msg
[0.570s] -- Up-to-date: /home/lorenzo/Two_Wheel/ros_foxy_ws/install/include/two_wheel_control_msgs/msg/command.h
[0.570s] -- Up-to-date: /home/lorenzo/Two_Wheel/ros_foxy_ws/install/include/two_wheel_control_msgs/msg/rosidl_generator_c__visibility_control.h
[0.570s] -- Up-to-date: /home/lorenzo/Two_Wheel/ros_foxy_ws/install/include/two_wheel_control_msgs/msg/detail
[0.570s] -- Up-to-date: /home/lorenzo/Two_Wheel/ros_foxy_ws/install/include/two_wheel_control_msgs/msg/detail/command__functions.h
[0.570s] -- Up-to-date: /home/lorenzo/Two_Wheel/ros_foxy_ws/install/include/two_wheel_control_msgs/msg/detail/command__functions.c
[0.570s] -- Up-to-date: /home/lorenzo/Two_Wheel/ros_foxy_ws/install/include/two_wheel_control_msgs/msg/detail/command__type_support.h
[0.571s] -- Up-to-date: /home/lorenzo/Two_Wheel/ros_foxy_ws/install/include/two_wheel_control_msgs/msg/detail/command__struct.h
[0.571s] -- Up-to-date: /home/lorenzo/Two_Wheel/ros_foxy_ws/install/share/two_wheel_control_msgs/environment/library_path.sh
[0.571s] -- Up-to-date: /home/lorenzo/Two_Wheel/ros_foxy_ws/install/share/two_wheel_control_msgs/environment/library_path.dsv
[0.571s] -- Up-to-date: /home/lorenzo/Two_Wheel/ros_foxy_ws/install/lib/libtwo_wheel_control_msgs__rosidl_generator_c.so
[0.572s] -- Up-to-date: /home/lorenzo/Two_Wheel/ros_foxy_ws/install/include/two_wheel_control_msgs
[0.572s] -- Up-to-date: /home/lorenzo/Two_Wheel/ros_foxy_ws/install/include/two_wheel_control_msgs/msg
[0.572s] -- Up-to-date: /home/lorenzo/Two_Wheel/ros_foxy_ws/install/include/two_wheel_control_msgs/msg/rosidl_typesupport_fastrtps_c__visibility_control.h
[0.572s] -- Up-to-date: /home/lorenzo/Two_Wheel/ros_foxy_ws/install/include/two_wheel_control_msgs/msg/detail
[0.572s] -- Up-to-date: /home/lorenzo/Two_Wheel/ros_foxy_ws/install/include/two_wheel_control_msgs/msg/detail/command__rosidl_typesupport_fastrtps_c.h
[0.573s] -- Up-to-date: /home/lorenzo/Two_Wheel/ros_foxy_ws/install/lib/libtwo_wheel_control_msgs__rosidl_typesupport_fastrtps_c.so
[0.573s] -- Up-to-date: /home/lorenzo/Two_Wheel/ros_foxy_ws/install/include/two_wheel_control_msgs
[0.573s] -- Up-to-date: /home/lorenzo/Two_Wheel/ros_foxy_ws/install/include/two_wheel_control_msgs/msg
[0.573s] -- Up-to-date: /home/lorenzo/Two_Wheel/ros_foxy_ws/install/include/two_wheel_control_msgs/msg/detail
[0.573s] -- Up-to-date: /home/lorenzo/Two_Wheel/ros_foxy_ws/install/include/two_wheel_control_msgs/msg/detail/command__rosidl_typesupport_fastrtps_cpp.hpp
[0.573s] -- Up-to-date: /home/lorenzo/Two_Wheel/ros_foxy_ws/install/include/two_wheel_control_msgs/msg/detail/dds_fastrtps
[0.573s] -- Up-to-date: /home/lorenzo/Two_Wheel/ros_foxy_ws/install/include/two_wheel_control_msgs/msg/rosidl_typesupport_fastrtps_cpp__visibility_control.h
[0.574s] -- Up-to-date: /home/lorenzo/Two_Wheel/ros_foxy_ws/install/lib/libtwo_wheel_control_msgs__rosidl_typesupport_fastrtps_cpp.so
[0.574s] -- Up-to-date: /home/lorenzo/Two_Wheel/ros_foxy_ws/install/include/two_wheel_control_msgs
[0.574s] -- Up-to-date: /home/lorenzo/Two_Wheel/ros_foxy_ws/install/include/two_wheel_control_msgs/msg
[0.574s] -- Up-to-date: /home/lorenzo/Two_Wheel/ros_foxy_ws/install/include/two_wheel_control_msgs/msg/rosidl_typesupport_introspection_c__visibility_control.h
[0.575s] -- Up-to-date: /home/lorenzo/Two_Wheel/ros_foxy_ws/install/include/two_wheel_control_msgs/msg/detail
[0.575s] -- Up-to-date: /home/lorenzo/Two_Wheel/ros_foxy_ws/install/include/two_wheel_control_msgs/msg/detail/command__type_support.c
[0.575s] -- Up-to-date: /home/lorenzo/Two_Wheel/ros_foxy_ws/install/include/two_wheel_control_msgs/msg/detail/command__rosidl_typesupport_introspection_c.h
[0.575s] -- Up-to-date: /home/lorenzo/Two_Wheel/ros_foxy_ws/install/lib/libtwo_wheel_control_msgs__rosidl_typesupport_introspection_c.so
[0.575s] -- Up-to-date: /home/lorenzo/Two_Wheel/ros_foxy_ws/install/lib/libtwo_wheel_control_msgs__rosidl_typesupport_c.so
[0.575s] -- Up-to-date: /home/lorenzo/Two_Wheel/ros_foxy_ws/install/include/two_wheel_control_msgs
[0.576s] -- Up-to-date: /home/lorenzo/Two_Wheel/ros_foxy_ws/install/include/two_wheel_control_msgs/msg
[0.576s] -- Up-to-date: /home/lorenzo/Two_Wheel/ros_foxy_ws/install/include/two_wheel_control_msgs/msg/command.hpp
[0.576s] -- Up-to-date: /home/lorenzo/Two_Wheel/ros_foxy_ws/install/include/two_wheel_control_msgs/msg/detail
[0.576s] -- Up-to-date: /home/lorenzo/Two_Wheel/ros_foxy_ws/install/include/two_wheel_control_msgs/msg/detail/command__traits.hpp
[0.576s] -- Up-to-date: /home/lorenzo/Two_Wheel/ros_foxy_ws/install/include/two_wheel_control_msgs/msg/detail/command__builder.hpp
[0.576s] -- Up-to-date: /home/lorenzo/Two_Wheel/ros_foxy_ws/install/include/two_wheel_control_msgs/msg/detail/command__struct.hpp
[0.577s] -- Up-to-date: /home/lorenzo/Two_Wheel/ros_foxy_ws/install/include/two_wheel_control_msgs
[0.577s] -- Up-to-date: /home/lorenzo/Two_Wheel/ros_foxy_ws/install/include/two_wheel_control_msgs/msg
[0.577s] -- Up-to-date: /home/lorenzo/Two_Wheel/ros_foxy_ws/install/include/two_wheel_control_msgs/msg/detail
[0.577s] -- Up-to-date: /home/lorenzo/Two_Wheel/ros_foxy_ws/install/include/two_wheel_control_msgs/msg/detail/command__rosidl_typesupport_introspection_cpp.hpp
[0.577s] -- Up-to-date: /home/lorenzo/Two_Wheel/ros_foxy_ws/install/include/two_wheel_control_msgs/msg/detail/command__type_support.cpp
[0.578s] -- Up-to-date: /home/lorenzo/Two_Wheel/ros_foxy_ws/install/lib/libtwo_wheel_control_msgs__rosidl_typesupport_introspection_cpp.so
[0.578s] -- Up-to-date: /home/lorenzo/Two_Wheel/ros_foxy_ws/install/lib/libtwo_wheel_control_msgs__rosidl_typesupport_cpp.so
[0.579s] -- Up-to-date: /home/lorenzo/Two_Wheel/ros_foxy_ws/install/share/two_wheel_control_msgs/environment/pythonpath.sh
[0.579s] -- Up-to-date: /home/lorenzo/Two_Wheel/ros_foxy_ws/install/share/two_wheel_control_msgs/environment/pythonpath.dsv
[0.579s] -- Up-to-date: /home/lorenzo/Two_Wheel/ros_foxy_ws/install/lib/python3.8/site-packages/two_wheel_control_msgs/__init__.py
[0.640s] -- Up-to-date: /home/lorenzo/Two_Wheel/ros_foxy_ws/install/lib/python3.8/site-packages/two_wheel_control_msgs/msg
[0.640s] -- Up-to-date: /home/lorenzo/Two_Wheel/ros_foxy_ws/install/lib/python3.8/site-packages/two_wheel_control_msgs/msg/__init__.py
[0.641s] -- Up-to-date: /home/lorenzo/Two_Wheel/ros_foxy_ws/install/lib/python3.8/site-packages/two_wheel_control_msgs/msg/_command.py
[0.641s] -- Up-to-date: /home/lorenzo/Two_Wheel/ros_foxy_ws/install/lib/python3.8/site-packages/two_wheel_control_msgs/msg/_command_s.c
[0.641s] -- Up-to-date: /home/lorenzo/Two_Wheel/ros_foxy_ws/install/lib/python3.8/site-packages/two_wheel_control_msgs/two_wheel_control_msgs_s__rosidl_typesupport_fastrtps_c.cpython-38-x86_64-linux-gnu.so
[0.643s] -- Up-to-date: /home/lorenzo/Two_Wheel/ros_foxy_ws/install/lib/python3.8/site-packages/two_wheel_control_msgs/two_wheel_control_msgs_s__rosidl_typesupport_introspection_c.cpython-38-x86_64-linux-gnu.so
[0.644s] -- Up-to-date: /home/lorenzo/Two_Wheel/ros_foxy_ws/install/lib/python3.8/site-packages/two_wheel_control_msgs/two_wheel_control_msgs_s__rosidl_typesupport_c.cpython-38-x86_64-linux-gnu.so
[0.645s] -- Up-to-date: /home/lorenzo/Two_Wheel/ros_foxy_ws/install/lib/libtwo_wheel_control_msgs__python.so
[0.645s] -- Up-to-date: /home/lorenzo/Two_Wheel/ros_foxy_ws/install/share/two_wheel_control_msgs/msg/Command.idl
[0.645s] -- Up-to-date: /home/lorenzo/Two_Wheel/ros_foxy_ws/install/share/two_wheel_control_msgs/msg/Command.msg
[0.645s] -- Up-to-date: /home/lorenzo/Two_Wheel/ros_foxy_ws/install/share/ament_index/resource_index/package_run_dependencies/two_wheel_control_msgs
[0.646s] -- Up-to-date: /home/lorenzo/Two_Wheel/ros_foxy_ws/install/share/ament_index/resource_index/parent_prefix_path/two_wheel_control_msgs
[0.646s] -- Up-to-date: /home/lorenzo/Two_Wheel/ros_foxy_ws/install/share/two_wheel_control_msgs/environment/ament_prefix_path.sh
[0.646s] -- Up-to-date: /home/lorenzo/Two_Wheel/ros_foxy_ws/install/share/two_wheel_control_msgs/environment/ament_prefix_path.dsv
[0.646s] -- Up-to-date: /home/lorenzo/Two_Wheel/ros_foxy_ws/install/share/two_wheel_control_msgs/environment/path.sh
[0.646s] -- Up-to-date: /home/lorenzo/Two_Wheel/ros_foxy_ws/install/share/two_wheel_control_msgs/environment/path.dsv
[0.647s] -- Up-to-date: /home/lorenzo/Two_Wheel/ros_foxy_ws/install/share/two_wheel_control_msgs/local_setup.bash
[0.647s] -- Up-to-date: /home/lorenzo/Two_Wheel/ros_foxy_ws/install/share/two_wheel_control_msgs/local_setup.sh
[0.647s] -- Up-to-date: /home/lorenzo/Two_Wheel/ros_foxy_ws/install/share/two_wheel_control_msgs/local_setup.zsh
[0.647s] -- Up-to-date: /home/lorenzo/Two_Wheel/ros_foxy_ws/install/share/two_wheel_control_msgs/local_setup.dsv
[0.647s] -- Installing: /home/lorenzo/Two_Wheel/ros_foxy_ws/install/share/two_wheel_control_msgs/package.dsv
[0.647s] -- Up-to-date: /home/lorenzo/Two_Wheel/ros_foxy_ws/install/share/ament_index/resource_index/packages/two_wheel_control_msgs
[0.648s] -- Up-to-date: /home/lorenzo/Two_Wheel/ros_foxy_ws/install/share/two_wheel_control_msgs/cmake/two_wheel_control_msgs__rosidl_generator_cExport.cmake
[0.648s] -- Up-to-date: /home/lorenzo/Two_Wheel/ros_foxy_ws/install/share/two_wheel_control_msgs/cmake/two_wheel_control_msgs__rosidl_generator_cExport-noconfig.cmake
[0.648s] -- Up-to-date: /home/lorenzo/Two_Wheel/ros_foxy_ws/install/share/two_wheel_control_msgs/cmake/two_wheel_control_msgs__rosidl_typesupport_introspection_cExport.cmake
[0.648s] -- Up-to-date: /home/lorenzo/Two_Wheel/ros_foxy_ws/install/share/two_wheel_control_msgs/cmake/two_wheel_control_msgs__rosidl_typesupport_introspection_cExport-noconfig.cmake
[0.649s] -- Up-to-date: /home/lorenzo/Two_Wheel/ros_foxy_ws/install/share/two_wheel_control_msgs/cmake/two_wheel_control_msgs__rosidl_typesupport_cExport.cmake
[0.649s] -- Up-to-date: /home/lorenzo/Two_Wheel/ros_foxy_ws/install/share/two_wheel_control_msgs/cmake/two_wheel_control_msgs__rosidl_typesupport_cExport-noconfig.cmake
[0.649s] -- Up-to-date: /home/lorenzo/Two_Wheel/ros_foxy_ws/install/share/two_wheel_control_msgs/cmake/two_wheel_control_msgs__rosidl_generator_cppExport.cmake
[0.649s] -- Up-to-date: /home/lorenzo/Two_Wheel/ros_foxy_ws/install/share/two_wheel_control_msgs/cmake/two_wheel_control_msgs__rosidl_typesupport_introspection_cppExport.cmake
[0.649s] -- Up-to-date: /home/lorenzo/Two_Wheel/ros_foxy_ws/install/share/two_wheel_control_msgs/cmake/two_wheel_control_msgs__rosidl_typesupport_introspection_cppExport-noconfig.cmake
[0.650s] -- Up-to-date: /home/lorenzo/Two_Wheel/ros_foxy_ws/install/share/two_wheel_control_msgs/cmake/two_wheel_control_msgs__rosidl_typesupport_cppExport.cmake
[0.650s] -- Up-to-date: /home/lorenzo/Two_Wheel/ros_foxy_ws/install/share/two_wheel_control_msgs/cmake/two_wheel_control_msgs__rosidl_typesupport_cppExport-noconfig.cmake
[0.650s] -- Up-to-date: /home/lorenzo/Two_Wheel/ros_foxy_ws/install/share/two_wheel_control_msgs/cmake/rosidl_cmake-extras.cmake
[0.650s] -- Up-to-date: /home/lorenzo/Two_Wheel/ros_foxy_ws/install/share/two_wheel_control_msgs/cmake/ament_cmake_export_dependencies-extras.cmake
[0.650s] -- Up-to-date: /home/lorenzo/Two_Wheel/ros_foxy_ws/install/share/two_wheel_control_msgs/cmake/ament_cmake_export_libraries-extras.cmake
[0.650s] -- Up-to-date: /home/lorenzo/Two_Wheel/ros_foxy_ws/install/share/two_wheel_control_msgs/cmake/ament_cmake_export_targets-extras.cmake
[0.651s] -- Up-to-date: /home/lorenzo/Two_Wheel/ros_foxy_ws/install/share/two_wheel_control_msgs/cmake/ament_cmake_export_include_directories-extras.cmake
[0.651s] -- Up-to-date: /home/lorenzo/Two_Wheel/ros_foxy_ws/install/share/two_wheel_control_msgs/cmake/rosidl_cmake_export_typesupport_libraries-extras.cmake
[0.651s] -- Up-to-date: /home/lorenzo/Two_Wheel/ros_foxy_ws/install/share/two_wheel_control_msgs/cmake/rosidl_cmake_export_typesupport_targets-extras.cmake
[0.651s] -- Up-to-date: /home/lorenzo/Two_Wheel/ros_foxy_ws/install/share/two_wheel_control_msgs/cmake/two_wheel_control_msgsConfig.cmake
[0.651s] -- Up-to-date: /home/lorenzo/Two_Wheel/ros_foxy_ws/install/share/two_wheel_control_msgs/cmake/two_wheel_control_msgsConfig-version.cmake
[0.651s] -- Up-to-date: /home/lorenzo/Two_Wheel/ros_foxy_ws/install/share/two_wheel_control_msgs/package.xml
[0.658s] Invoked command in '/home/lorenzo/Two_Wheel/ros_foxy_ws/build/two_wheel_control_msgs' returned '0': CMAKE_PREFIX_PATH=${CMAKE_PREFIX_PATH}:/opt/ros/foxy /usr/bin/cmake --install /home/lorenzo/Two_Wheel/ros_foxy_ws/build/two_wheel_control_msgs
