[0.042s] Invoking command in '/home/lorenzo/Two_Wheel/ros_foxy_ws/build/two_wheel_control': CMAKE_PREFIX_PATH=${CMAKE_PREFIX_PATH}:/opt/ros/foxy /usr/bin/cmake /home/lorenzo/Two_Wheel/ros_foxy_ws/src/two_wheel_control -DCMAKE_INSTALL_PREFIX=/home/lorenzo/Two_Wheel/ros_foxy_ws/install/two_wheel_control
[0.215s] -- The C compiler identification is GNU 9.4.0
[0.340s] -- The CXX compiler identification is GNU 9.4.0
[0.353s] -- Check for working C compiler: /usr/bin/cc
[0.445s] -- Check for working C compiler: /usr/bin/cc -- works
[0.447s] -- Detecting C compiler ABI info
[0.544s] -- Detecting C compiler ABI info - done
[0.560s] -- Detecting C compile features
[0.563s] -- Detecting C compile features - done
[0.568s] -- Check for working CXX compiler: /usr/bin/c++
[0.672s] -- Check for working CXX compiler: /usr/bin/c++ -- works
[0.674s] -- Detecting CXX compiler ABI info
[0.782s] -- Detecting CXX compiler ABI info - done
[0.798s] -- Detecting CXX compile features
[0.799s] -- Detecting CXX compile features - done
[0.806s] -- Found ament_cmake: 0.9.9 (/opt/ros/foxy/share/ament_cmake/cmake)
[0.844s] -- Found PythonInterp: /usr/bin/python3 (found suitable version "3.8.10", minimum required is "3") 
[0.844s] -- Using PYTHON_EXECUTABLE: /usr/bin/python3
[1.198s] -- Found ros2_control: 0.10.1 (/opt/ros/foxy/share/ros2_control/cmake)
[1.198s] CMake Error at CMakeLists.txt:21 (find_package):
[1.198s]   find_package called with invalid argument "REQURED"
[1.199s] 
[1.199s] 
[1.200s] -- Found ament_lint_auto: 0.9.6 (/opt/ros/foxy/share/ament_lint_auto/cmake)
[1.326s] -- Added test 'copyright' to check source files copyright and LICENSE
[1.327s] -- Added test 'cppcheck' to perform static code analysis on C / C++ code
[1.328s] -- Configured cppcheck include dirs: 
[1.328s] -- Configured cppcheck exclude dirs and/or files: 
[1.330s] -- Added test 'cpplint' to check C / C++ code against the Google style
[1.330s] -- Configured cpplint exclude dirs and/or files: 
[1.331s] -- Added test 'lint_cmake' to check CMake code style
[1.333s] -- Added test 'uncrustify' to check C / C++ code style
[1.333s] -- Configured uncrustify additional arguments: 
[1.334s] -- Added test 'xmllint' to check XML markup files
[1.338s] -- Configuring incomplete, errors occurred!
[1.338s] See also "/home/lorenzo/Two_Wheel/ros_foxy_ws/build/two_wheel_control/CMakeFiles/CMakeOutput.log".
[1.343s] Invoked command in '/home/lorenzo/Two_Wheel/ros_foxy_ws/build/two_wheel_control' returned '1': CMAKE_PREFIX_PATH=${CMAKE_PREFIX_PATH}:/opt/ros/foxy /usr/bin/cmake /home/lorenzo/Two_Wheel/ros_foxy_ws/src/two_wheel_control -DCMAKE_INSTALL_PREFIX=/home/lorenzo/Two_Wheel/ros_foxy_ws/install/two_wheel_control
