[0.033s] Invoking command in '/home/lorenzo/Two_Wheel/ros_foxy_ws/build/two_wheel_sim': CMAKE_PREFIX_PATH=${CMAKE_PREFIX_PATH}:/opt/ros/foxy /usr/bin/cmake --build /home/lorenzo/Two_Wheel/ros_foxy_ws/build/two_wheel_sim -- -j4 -l4
[0.115s] Invoked command in '/home/lorenzo/Two_Wheel/ros_foxy_ws/build/two_wheel_sim' returned '0': CMAKE_PREFIX_PATH=${CMAKE_PREFIX_PATH}:/opt/ros/foxy /usr/bin/cmake --build /home/lorenzo/Two_Wheel/ros_foxy_ws/build/two_wheel_sim -- -j4 -l4
[0.218s] Invoking command in '/home/lorenzo/Two_Wheel/ros_foxy_ws/build/two_wheel_sim': CMAKE_PREFIX_PATH=${CMAKE_PREFIX_PATH}:/opt/ros/foxy /usr/bin/cmake --install /home/lorenzo/Two_Wheel/ros_foxy_ws/build/two_wheel_sim
[0.239s] -- Install configuration: ""
[0.240s] -- Up-to-date: /home/lorenzo/Two_Wheel/ros_foxy_ws/install/two_wheel_sim/share/two_wheel_sim/urdf
[0.240s] -- Up-to-date: /home/lorenzo/Two_Wheel/ros_foxy_ws/install/two_wheel_sim/share/two_wheel_sim/urdf/two_wheel.xacro.urdf
[0.240s] -- Up-to-date: /home/lorenzo/Two_Wheel/ros_foxy_ws/install/two_wheel_sim/share/two_wheel_sim/launch
[0.241s] -- Installing: /home/lorenzo/Two_Wheel/ros_foxy_ws/install/two_wheel_sim/share/two_wheel_sim/launch/two_wheel_sim.launch.py
[0.241s] -- Up-to-date: /home/lorenzo/Two_Wheel/ros_foxy_ws/install/two_wheel_sim/share/ament_index/resource_index/package_run_dependencies/two_wheel_sim
[0.241s] -- Up-to-date: /home/lorenzo/Two_Wheel/ros_foxy_ws/install/two_wheel_sim/share/ament_index/resource_index/parent_prefix_path/two_wheel_sim
[0.242s] -- Up-to-date: /home/lorenzo/Two_Wheel/ros_foxy_ws/install/two_wheel_sim/share/two_wheel_sim/environment/ament_prefix_path.sh
[0.242s] -- Up-to-date: /home/lorenzo/Two_Wheel/ros_foxy_ws/install/two_wheel_sim/share/two_wheel_sim/environment/ament_prefix_path.dsv
[0.242s] -- Up-to-date: /home/lorenzo/Two_Wheel/ros_foxy_ws/install/two_wheel_sim/share/two_wheel_sim/environment/path.sh
[0.242s] -- Up-to-date: /home/lorenzo/Two_Wheel/ros_foxy_ws/install/two_wheel_sim/share/two_wheel_sim/environment/path.dsv
[0.243s] -- Up-to-date: /home/lorenzo/Two_Wheel/ros_foxy_ws/install/two_wheel_sim/share/two_wheel_sim/local_setup.bash
[0.243s] -- Up-to-date: /home/lorenzo/Two_Wheel/ros_foxy_ws/install/two_wheel_sim/share/two_wheel_sim/local_setup.sh
[0.243s] -- Up-to-date: /home/lorenzo/Two_Wheel/ros_foxy_ws/install/two_wheel_sim/share/two_wheel_sim/local_setup.zsh
[0.245s] -- Up-to-date: /home/lorenzo/Two_Wheel/ros_foxy_ws/install/two_wheel_sim/share/two_wheel_sim/local_setup.dsv
[0.246s] -- Installing: /home/lorenzo/Two_Wheel/ros_foxy_ws/install/two_wheel_sim/share/two_wheel_sim/package.dsv
[0.250s] -- Up-to-date: /home/lorenzo/Two_Wheel/ros_foxy_ws/install/two_wheel_sim/share/ament_index/resource_index/packages/two_wheel_sim
[0.252s] -- Up-to-date: /home/lorenzo/Two_Wheel/ros_foxy_ws/install/two_wheel_sim/share/two_wheel_sim/cmake/two_wheel_simConfig.cmake
[0.252s] -- Up-to-date: /home/lorenzo/Two_Wheel/ros_foxy_ws/install/two_wheel_sim/share/two_wheel_sim/cmake/two_wheel_simConfig-version.cmake
[0.252s] -- Up-to-date: /home/lorenzo/Two_Wheel/ros_foxy_ws/install/two_wheel_sim/share/two_wheel_sim/package.xml
[0.253s] Invoked command in '/home/lorenzo/Two_Wheel/ros_foxy_ws/build/two_wheel_sim' returned '0': CMAKE_PREFIX_PATH=${CMAKE_PREFIX_PATH}:/opt/ros/foxy /usr/bin/cmake --install /home/lorenzo/Two_Wheel/ros_foxy_ws/build/two_wheel_sim
