[0.023s] Invoking command in '/home/lorenzo/Two_Wheel/ros_foxy_ws/build/two_wheel_control_msgs': CMAKE_PREFIX_PATH=${CMAKE_PREFIX_PATH}:/opt/ros/foxy /usr/bin/cmake --build /home/lorenzo/Two_Wheel/ros_foxy_ws/build/two_wheel_control_msgs -- -j4 -l4
[0.059s] -- Found ament_cmake: 0.9.9 (/opt/ros/foxy/share/ament_cmake/cmake)
[0.090s] -- Found PythonInterp: /usr/bin/python3 (found suitable version "3.8.10", minimum required is "3") 
[0.090s] -- Using PYTHON_EXECUTABLE: /usr/bin/python3
[0.411s] -- Found rosidl_default_generators: 1.0.1 (/opt/ros/foxy/share/rosidl_default_generators/cmake)
[0.418s] -- Using all available rosidl_typesupport_c: rosidl_typesupport_fastrtps_c;rosidl_typesupport_introspection_c
[0.425s] -- Found rosidl_adapter: 1.2.1 (/opt/ros/foxy/share/rosidl_adapter/cmake)
[0.605s] -- Using all available rosidl_typesupport_cpp: rosidl_typesupport_fastrtps_cpp;rosidl_typesupport_introspection_cpp
[0.644s] CMake Error at /opt/ros/foxy/share/rosidl_cmake/cmake/rosidl_generate_interfaces.cmake:93 (message):
[0.644s]   rosidl_generate_interfaces() the passed file 'msg/command.msg' doesn't
[0.644s]   exist relative to the CMAKE_CURRENT_SOURCE_DIR
[0.644s]   '/home/lorenzo/Two_Wheel/ros_foxy_ws/src/two_wheel_control_msgs'
[0.645s] Call Stack (most recent call first):
[0.645s]   CMakeLists.txt:21 (rosidl_generate_interfaces)
[0.645s] 
[0.645s] 
[0.646s] -- Configuring incomplete, errors occurred!
[0.646s] See also "/home/lorenzo/Two_Wheel/ros_foxy_ws/build/two_wheel_control_msgs/CMakeFiles/CMakeOutput.log".
[0.651s] make: *** [Makefile:222: cmake_check_build_system] Errore 1
[0.654s] Invoked command in '/home/lorenzo/Two_Wheel/ros_foxy_ws/build/two_wheel_control_msgs' returned '2': CMAKE_PREFIX_PATH=${CMAKE_PREFIX_PATH}:/opt/ros/foxy /usr/bin/cmake --build /home/lorenzo/Two_Wheel/ros_foxy_ws/build/two_wheel_control_msgs -- -j4 -l4
