[0.045s] Invoking command in '/home/lorenzo/Two_Wheel/ros_foxy_ws/build/two_wheel_control_msgs': CMAKE_PREFIX_PATH=${CMAKE_PREFIX_PATH}:/opt/ros/foxy /usr/bin/cmake --build /home/lorenzo/Two_Wheel/ros_foxy_ws/build/two_wheel_control_msgs -- -j4 -l4
[0.283s] [  3%] Built target two_wheel_control_msgs__cpp
[0.303s] [ 12%] Built target two_wheel_control_msgs__rosidl_generator_c
[0.357s] [ 22%] Built target two_wheel_control_msgs__rosidl_typesupport_cpp
[0.371s] [ 32%] Built target two_wheel_control_msgs__rosidl_typesupport_introspection_c
[0.385s] [ 41%] Built target two_wheel_control_msgs__rosidl_typesupport_introspection_cpp
[0.389s] [ 51%] Built target two_wheel_control_msgs__rosidl_typesupport_fastrtps_cpp
[0.417s] [ 61%] Built target two_wheel_control_msgs__rosidl_typesupport_c
[0.445s] [ 70%] Built target two_wheel_control_msgs__rosidl_typesupport_fastrtps_c
[0.485s] [ 70%] Built target two_wheel_control_msgs
[0.520s] [ 74%] Built target two_wheel_control_msgs__py
[0.566s] [ 80%] Built target two_wheel_control_msgs__python
[0.606s] [ 87%] Built target two_wheel_control_msgs__rosidl_typesupport_fastrtps_c__pyext
[0.612s] [ 93%] Built target two_wheel_control_msgs__rosidl_typesupport_c__pyext
[0.616s] [100%] Built target two_wheel_control_msgs__rosidl_typesupport_introspection_c__pyext
[0.631s] Invoked command in '/home/lorenzo/Two_Wheel/ros_foxy_ws/build/two_wheel_control_msgs' returned '0': CMAKE_PREFIX_PATH=${CMAKE_PREFIX_PATH}:/opt/ros/foxy /usr/bin/cmake --build /home/lorenzo/Two_Wheel/ros_foxy_ws/build/two_wheel_control_msgs -- -j4 -l4
[0.720s] Invoking command in '/home/lorenzo/Two_Wheel/ros_foxy_ws/build/two_wheel_control_msgs': CMAKE_PREFIX_PATH=${CMAKE_PREFIX_PATH}:/opt/ros/foxy /usr/bin/cmake --install /home/lorenzo/Two_Wheel/ros_foxy_ws/build/two_wheel_control_msgs
[0.736s] -- Install configuration: ""
[0.736s] -- Up-to-date: /home/lorenzo/Two_Wheel/ros_foxy_ws/install/share/ament_index/resource_index/rosidl_interfaces/two_wheel_control_msgs
[0.736s] -- Up-to-date: /home/lorenzo/Two_Wheel/ros_foxy_ws/install/include/two_wheel_control_msgs
[0.737s] -- Up-to-date: /home/lorenzo/Two_Wheel/ros_foxy_ws/install/include/two_wheel_control_msgs/msg
[0.737s] -- Up-to-date: /home/lorenzo/Two_Wheel/ros_foxy_ws/install/include/two_wheel_control_msgs/msg/command.h
[0.737s] -- Up-to-date: /home/lorenzo/Two_Wheel/ros_foxy_ws/install/include/two_wheel_control_msgs/msg/rosidl_generator_c__visibility_control.h
[0.737s] -- Up-to-date: /home/lorenzo/Two_Wheel/ros_foxy_ws/install/include/two_wheel_control_msgs/msg/detail
[0.738s] -- Up-to-date: /home/lorenzo/Two_Wheel/ros_foxy_ws/install/include/two_wheel_control_msgs/msg/detail/command__functions.h
[0.738s] -- Up-to-date: /home/lorenzo/Two_Wheel/ros_foxy_ws/install/include/two_wheel_control_msgs/msg/detail/command__functions.c
[0.738s] -- Up-to-date: /home/lorenzo/Two_Wheel/ros_foxy_ws/install/include/two_wheel_control_msgs/msg/detail/command__type_support.h
[0.738s] -- Up-to-date: /home/lorenzo/Two_Wheel/ros_foxy_ws/install/include/two_wheel_control_msgs/msg/detail/command__struct.h
[0.738s] -- Up-to-date: /home/lorenzo/Two_Wheel/ros_foxy_ws/install/share/two_wheel_control_msgs/environment/library_path.sh
[0.739s] -- Up-to-date: /home/lorenzo/Two_Wheel/ros_foxy_ws/install/share/two_wheel_control_msgs/environment/library_path.dsv
[0.739s] -- Up-to-date: /home/lorenzo/Two_Wheel/ros_foxy_ws/install/lib/libtwo_wheel_control_msgs__rosidl_generator_c.so
[0.739s] -- Up-to-date: /home/lorenzo/Two_Wheel/ros_foxy_ws/install/include/two_wheel_control_msgs
[0.739s] -- Up-to-date: /home/lorenzo/Two_Wheel/ros_foxy_ws/install/include/two_wheel_control_msgs/msg
[0.740s] -- Up-to-date: /home/lorenzo/Two_Wheel/ros_foxy_ws/install/include/two_wheel_control_msgs/msg/rosidl_typesupport_fastrtps_c__visibility_control.h
[0.740s] -- Up-to-date: /home/lorenzo/Two_Wheel/ros_foxy_ws/install/include/two_wheel_control_msgs/msg/detail
[0.740s] -- Up-to-date: /home/lorenzo/Two_Wheel/ros_foxy_ws/install/include/two_wheel_control_msgs/msg/detail/command__rosidl_typesupport_fastrtps_c.h
[0.740s] -- Up-to-date: /home/lorenzo/Two_Wheel/ros_foxy_ws/install/lib/libtwo_wheel_control_msgs__rosidl_typesupport_fastrtps_c.so
[0.741s] -- Up-to-date: /home/lorenzo/Two_Wheel/ros_foxy_ws/install/include/two_wheel_control_msgs
[0.741s] -- Up-to-date: /home/lorenzo/Two_Wheel/ros_foxy_ws/install/include/two_wheel_control_msgs/msg
[0.741s] -- Up-to-date: /home/lorenzo/Two_Wheel/ros_foxy_ws/install/include/two_wheel_control_msgs/msg/detail
[0.741s] -- Up-to-date: /home/lorenzo/Two_Wheel/ros_foxy_ws/install/include/two_wheel_control_msgs/msg/detail/command__rosidl_typesupport_fastrtps_cpp.hpp
[0.741s] -- Up-to-date: /home/lorenzo/Two_Wheel/ros_foxy_ws/install/include/two_wheel_control_msgs/msg/detail/dds_fastrtps
[0.742s] -- Up-to-date: /home/lorenzo/Two_Wheel/ros_foxy_ws/install/include/two_wheel_control_msgs/msg/rosidl_typesupport_fastrtps_cpp__visibility_control.h
[0.742s] -- Up-to-date: /home/lorenzo/Two_Wheel/ros_foxy_ws/install/lib/libtwo_wheel_control_msgs__rosidl_typesupport_fastrtps_cpp.so
[0.742s] -- Up-to-date: /home/lorenzo/Two_Wheel/ros_foxy_ws/install/include/two_wheel_control_msgs
[0.743s] -- Up-to-date: /home/lorenzo/Two_Wheel/ros_foxy_ws/install/include/two_wheel_control_msgs/msg
[0.744s] -- Up-to-date: /home/lorenzo/Two_Wheel/ros_foxy_ws/install/include/two_wheel_control_msgs/msg/rosidl_typesupport_introspection_c__visibility_control.h
[0.744s] -- Up-to-date: /home/lorenzo/Two_Wheel/ros_foxy_ws/install/include/two_wheel_control_msgs/msg/detail
[0.744s] -- Up-to-date: /home/lorenzo/Two_Wheel/ros_foxy_ws/install/include/two_wheel_control_msgs/msg/detail/command__type_support.c
[0.744s] -- Up-to-date: /home/lorenzo/Two_Wheel/ros_foxy_ws/install/include/two_wheel_control_msgs/msg/detail/command__rosidl_typesupport_introspection_c.h
[0.745s] -- Up-to-date: /home/lorenzo/Two_Wheel/ros_foxy_ws/install/lib/libtwo_wheel_control_msgs__rosidl_typesupport_introspection_c.so
[0.745s] -- Up-to-date: /home/lorenzo/Two_Wheel/ros_foxy_ws/install/lib/libtwo_wheel_control_msgs__rosidl_typesupport_c.so
[0.745s] -- Up-to-date: /home/lorenzo/Two_Wheel/ros_foxy_ws/install/include/two_wheel_control_msgs
[0.745s] -- Up-to-date: /home/lorenzo/Two_Wheel/ros_foxy_ws/install/include/two_wheel_control_msgs/msg
[0.746s] -- Up-to-date: /home/lorenzo/Two_Wheel/ros_foxy_ws/install/include/two_wheel_control_msgs/msg/command.hpp
[0.746s] -- Up-to-date: /home/lorenzo/Two_Wheel/ros_foxy_ws/install/include/two_wheel_control_msgs/msg/detail
[0.746s] -- Up-to-date: /home/lorenzo/Two_Wheel/ros_foxy_ws/install/include/two_wheel_control_msgs/msg/detail/command__traits.hpp
[0.746s] -- Up-to-date: /home/lorenzo/Two_Wheel/ros_foxy_ws/install/include/two_wheel_control_msgs/msg/detail/command__builder.hpp
[0.746s] -- Up-to-date: /home/lorenzo/Two_Wheel/ros_foxy_ws/install/include/two_wheel_control_msgs/msg/detail/command__struct.hpp
[0.747s] -- Up-to-date: /home/lorenzo/Two_Wheel/ros_foxy_ws/install/include/two_wheel_control_msgs
[0.747s] -- Up-to-date: /home/lorenzo/Two_Wheel/ros_foxy_ws/install/include/two_wheel_control_msgs/msg
[0.747s] -- Up-to-date: /home/lorenzo/Two_Wheel/ros_foxy_ws/install/include/two_wheel_control_msgs/msg/detail
[0.747s] -- Up-to-date: /home/lorenzo/Two_Wheel/ros_foxy_ws/install/include/two_wheel_control_msgs/msg/detail/command__rosidl_typesupport_introspection_cpp.hpp
[0.748s] -- Up-to-date: /home/lorenzo/Two_Wheel/ros_foxy_ws/install/include/two_wheel_control_msgs/msg/detail/command__type_support.cpp
[0.748s] -- Up-to-date: /home/lorenzo/Two_Wheel/ros_foxy_ws/install/lib/libtwo_wheel_control_msgs__rosidl_typesupport_introspection_cpp.so
[0.748s] -- Up-to-date: /home/lorenzo/Two_Wheel/ros_foxy_ws/install/lib/libtwo_wheel_control_msgs__rosidl_typesupport_cpp.so
[0.748s] -- Up-to-date: /home/lorenzo/Two_Wheel/ros_foxy_ws/install/share/two_wheel_control_msgs/environment/pythonpath.sh
[0.748s] -- Up-to-date: /home/lorenzo/Two_Wheel/ros_foxy_ws/install/share/two_wheel_control_msgs/environment/pythonpath.dsv
[0.749s] -- Up-to-date: /home/lorenzo/Two_Wheel/ros_foxy_ws/install/lib/python3.8/site-packages/two_wheel_control_msgs/__init__.py
[0.795s] -- Up-to-date: /home/lorenzo/Two_Wheel/ros_foxy_ws/install/lib/python3.8/site-packages/two_wheel_control_msgs/msg
[0.795s] -- Up-to-date: /home/lorenzo/Two_Wheel/ros_foxy_ws/install/lib/python3.8/site-packages/two_wheel_control_msgs/msg/__init__.py
[0.795s] -- Up-to-date: /home/lorenzo/Two_Wheel/ros_foxy_ws/install/lib/python3.8/site-packages/two_wheel_control_msgs/msg/_command.py
[0.795s] -- Up-to-date: /home/lorenzo/Two_Wheel/ros_foxy_ws/install/lib/python3.8/site-packages/two_wheel_control_msgs/msg/_command_s.c
[0.795s] -- Up-to-date: /home/lorenzo/Two_Wheel/ros_foxy_ws/install/lib/python3.8/site-packages/two_wheel_control_msgs/two_wheel_control_msgs_s__rosidl_typesupport_fastrtps_c.cpython-38-x86_64-linux-gnu.so
[0.796s] -- Up-to-date: /home/lorenzo/Two_Wheel/ros_foxy_ws/install/lib/python3.8/site-packages/two_wheel_control_msgs/two_wheel_control_msgs_s__rosidl_typesupport_introspection_c.cpython-38-x86_64-linux-gnu.so
[0.797s] -- Up-to-date: /home/lorenzo/Two_Wheel/ros_foxy_ws/install/lib/python3.8/site-packages/two_wheel_control_msgs/two_wheel_control_msgs_s__rosidl_typesupport_c.cpython-38-x86_64-linux-gnu.so
[0.798s] -- Up-to-date: /home/lorenzo/Two_Wheel/ros_foxy_ws/install/lib/libtwo_wheel_control_msgs__python.so
[0.798s] -- Up-to-date: /home/lorenzo/Two_Wheel/ros_foxy_ws/install/share/two_wheel_control_msgs/msg/Command.idl
[0.799s] -- Up-to-date: /home/lorenzo/Two_Wheel/ros_foxy_ws/install/share/two_wheel_control_msgs/msg/Command.msg
[0.799s] -- Up-to-date: /home/lorenzo/Two_Wheel/ros_foxy_ws/install/share/ament_index/resource_index/package_run_dependencies/two_wheel_control_msgs
[0.799s] -- Up-to-date: /home/lorenzo/Two_Wheel/ros_foxy_ws/install/share/ament_index/resource_index/parent_prefix_path/two_wheel_control_msgs
[0.799s] -- Up-to-date: /home/lorenzo/Two_Wheel/ros_foxy_ws/install/share/two_wheel_control_msgs/environment/ament_prefix_path.sh
[0.800s] -- Up-to-date: /home/lorenzo/Two_Wheel/ros_foxy_ws/install/share/two_wheel_control_msgs/environment/ament_prefix_path.dsv
[0.800s] -- Up-to-date: /home/lorenzo/Two_Wheel/ros_foxy_ws/install/share/two_wheel_control_msgs/environment/path.sh
[0.800s] -- Up-to-date: /home/lorenzo/Two_Wheel/ros_foxy_ws/install/share/two_wheel_control_msgs/environment/path.dsv
[0.800s] -- Up-to-date: /home/lorenzo/Two_Wheel/ros_foxy_ws/install/share/two_wheel_control_msgs/local_setup.bash
[0.800s] -- Up-to-date: /home/lorenzo/Two_Wheel/ros_foxy_ws/install/share/two_wheel_control_msgs/local_setup.sh
[0.800s] -- Up-to-date: /home/lorenzo/Two_Wheel/ros_foxy_ws/install/share/two_wheel_control_msgs/local_setup.zsh
[0.801s] -- Up-to-date: /home/lorenzo/Two_Wheel/ros_foxy_ws/install/share/two_wheel_control_msgs/local_setup.dsv
[0.801s] -- Installing: /home/lorenzo/Two_Wheel/ros_foxy_ws/install/share/two_wheel_control_msgs/package.dsv
[0.801s] -- Up-to-date: /home/lorenzo/Two_Wheel/ros_foxy_ws/install/share/ament_index/resource_index/packages/two_wheel_control_msgs
[0.801s] -- Up-to-date: /home/lorenzo/Two_Wheel/ros_foxy_ws/install/share/two_wheel_control_msgs/cmake/two_wheel_control_msgs__rosidl_generator_cExport.cmake
[0.801s] -- Up-to-date: /home/lorenzo/Two_Wheel/ros_foxy_ws/install/share/two_wheel_control_msgs/cmake/two_wheel_control_msgs__rosidl_generator_cExport-noconfig.cmake
[0.802s] -- Up-to-date: /home/lorenzo/Two_Wheel/ros_foxy_ws/install/share/two_wheel_control_msgs/cmake/two_wheel_control_msgs__rosidl_typesupport_introspection_cExport.cmake
[0.802s] -- Up-to-date: /home/lorenzo/Two_Wheel/ros_foxy_ws/install/share/two_wheel_control_msgs/cmake/two_wheel_control_msgs__rosidl_typesupport_introspection_cExport-noconfig.cmake
[0.802s] -- Up-to-date: /home/lorenzo/Two_Wheel/ros_foxy_ws/install/share/two_wheel_control_msgs/cmake/two_wheel_control_msgs__rosidl_typesupport_cExport.cmake
[0.802s] -- Up-to-date: /home/lorenzo/Two_Wheel/ros_foxy_ws/install/share/two_wheel_control_msgs/cmake/two_wheel_control_msgs__rosidl_typesupport_cExport-noconfig.cmake
[0.802s] -- Up-to-date: /home/lorenzo/Two_Wheel/ros_foxy_ws/install/share/two_wheel_control_msgs/cmake/two_wheel_control_msgs__rosidl_generator_cppExport.cmake
[0.802s] -- Up-to-date: /home/lorenzo/Two_Wheel/ros_foxy_ws/install/share/two_wheel_control_msgs/cmake/two_wheel_control_msgs__rosidl_typesupport_introspection_cppExport.cmake
[0.802s] -- Up-to-date: /home/lorenzo/Two_Wheel/ros_foxy_ws/install/share/two_wheel_control_msgs/cmake/two_wheel_control_msgs__rosidl_typesupport_introspection_cppExport-noconfig.cmake
[0.803s] -- Up-to-date: /home/lorenzo/Two_Wheel/ros_foxy_ws/install/share/two_wheel_control_msgs/cmake/two_wheel_control_msgs__rosidl_typesupport_cppExport.cmake
[0.803s] -- Up-to-date: /home/lorenzo/Two_Wheel/ros_foxy_ws/install/share/two_wheel_control_msgs/cmake/two_wheel_control_msgs__rosidl_typesupport_cppExport-noconfig.cmake
[0.803s] -- Up-to-date: /home/lorenzo/Two_Wheel/ros_foxy_ws/install/share/two_wheel_control_msgs/cmake/rosidl_cmake-extras.cmake
[0.803s] -- Up-to-date: /home/lorenzo/Two_Wheel/ros_foxy_ws/install/share/two_wheel_control_msgs/cmake/ament_cmake_export_dependencies-extras.cmake
[0.803s] -- Up-to-date: /home/lorenzo/Two_Wheel/ros_foxy_ws/install/share/two_wheel_control_msgs/cmake/ament_cmake_export_libraries-extras.cmake
[0.804s] -- Up-to-date: /home/lorenzo/Two_Wheel/ros_foxy_ws/install/share/two_wheel_control_msgs/cmake/ament_cmake_export_targets-extras.cmake
[0.804s] -- Up-to-date: /home/lorenzo/Two_Wheel/ros_foxy_ws/install/share/two_wheel_control_msgs/cmake/ament_cmake_export_include_directories-extras.cmake
[0.804s] -- Up-to-date: /home/lorenzo/Two_Wheel/ros_foxy_ws/install/share/two_wheel_control_msgs/cmake/rosidl_cmake_export_typesupport_libraries-extras.cmake
[0.804s] -- Up-to-date: /home/lorenzo/Two_Wheel/ros_foxy_ws/install/share/two_wheel_control_msgs/cmake/rosidl_cmake_export_typesupport_targets-extras.cmake
[0.804s] -- Up-to-date: /home/lorenzo/Two_Wheel/ros_foxy_ws/install/share/two_wheel_control_msgs/cmake/two_wheel_control_msgsConfig.cmake
[0.804s] -- Up-to-date: /home/lorenzo/Two_Wheel/ros_foxy_ws/install/share/two_wheel_control_msgs/cmake/two_wheel_control_msgsConfig-version.cmake
[0.804s] -- Up-to-date: /home/lorenzo/Two_Wheel/ros_foxy_ws/install/share/two_wheel_control_msgs/package.xml
[0.811s] Invoked command in '/home/lorenzo/Two_Wheel/ros_foxy_ws/build/two_wheel_control_msgs' returned '0': CMAKE_PREFIX_PATH=${CMAKE_PREFIX_PATH}:/opt/ros/foxy /usr/bin/cmake --install /home/lorenzo/Two_Wheel/ros_foxy_ws/build/two_wheel_control_msgs
