[  3%] Built target two_wheel_control_msgs__cpp
[ 12%] Built target two_wheel_control_msgs__rosidl_generator_c
[ 22%] Built target two_wheel_control_msgs__rosidl_typesupport_introspection_cpp
[ 32%] Built target two_wheel_control_msgs__rosidl_typesupport_cpp
[ 41%] Built target two_wheel_control_msgs__rosidl_typesupport_fastrtps_cpp
[ 51%] Built target two_wheel_control_msgs__rosidl_typesupport_introspection_c
[ 61%] Built target two_wheel_control_msgs__rosidl_typesupport_c
[ 70%] Built target two_wheel_control_msgs__rosidl_typesupport_fastrtps_c
[ 70%] Built target two_wheel_control_msgs
[ 74%] Built target two_wheel_control_msgs__py
[ 80%] Built target two_wheel_control_msgs__python
[ 87%] Built target two_wheel_control_msgs__rosidl_typesupport_c__pyext
[ 93%] Built target two_wheel_control_msgs__rosidl_typesupport_introspection_c__pyext
[100%] Built target two_wheel_control_msgs__rosidl_typesupport_fastrtps_c__pyext
-- Install configuration: ""
-- Up-to-date: /home/lorenzo/Two_Wheel/ros_foxy_ws/install/two_wheel_control_msgs/share/ament_index/resource_index/rosidl_interfaces/two_wheel_control_msgs
-- Up-to-date: /home/lorenzo/Two_Wheel/ros_foxy_ws/install/two_wheel_control_msgs/include/two_wheel_control_msgs
-- Up-to-date: /home/lorenzo/Two_Wheel/ros_foxy_ws/install/two_wheel_control_msgs/include/two_wheel_control_msgs/msg
-- Up-to-date: /home/lorenzo/Two_Wheel/ros_foxy_ws/install/two_wheel_control_msgs/include/two_wheel_control_msgs/msg/command.h
-- Up-to-date: /home/lorenzo/Two_Wheel/ros_foxy_ws/install/two_wheel_control_msgs/include/two_wheel_control_msgs/msg/rosidl_generator_c__visibility_control.h
-- Up-to-date: /home/lorenzo/Two_Wheel/ros_foxy_ws/install/two_wheel_control_msgs/include/two_wheel_control_msgs/msg/detail
-- Up-to-date: /home/lorenzo/Two_Wheel/ros_foxy_ws/install/two_wheel_control_msgs/include/two_wheel_control_msgs/msg/detail/command__functions.h
-- Up-to-date: /home/lorenzo/Two_Wheel/ros_foxy_ws/install/two_wheel_control_msgs/include/two_wheel_control_msgs/msg/detail/command__functions.c
-- Up-to-date: /home/lorenzo/Two_Wheel/ros_foxy_ws/install/two_wheel_control_msgs/include/two_wheel_control_msgs/msg/detail/command__type_support.h
-- Up-to-date: /home/lorenzo/Two_Wheel/ros_foxy_ws/install/two_wheel_control_msgs/include/two_wheel_control_msgs/msg/detail/command__struct.h
-- Up-to-date: /home/lorenzo/Two_Wheel/ros_foxy_ws/install/two_wheel_control_msgs/share/two_wheel_control_msgs/environment/library_path.sh
-- Up-to-date: /home/lorenzo/Two_Wheel/ros_foxy_ws/install/two_wheel_control_msgs/share/two_wheel_control_msgs/environment/library_path.dsv
-- Up-to-date: /home/lorenzo/Two_Wheel/ros_foxy_ws/install/two_wheel_control_msgs/lib/libtwo_wheel_control_msgs__rosidl_generator_c.so
-- Up-to-date: /home/lorenzo/Two_Wheel/ros_foxy_ws/install/two_wheel_control_msgs/include/two_wheel_control_msgs
-- Up-to-date: /home/lorenzo/Two_Wheel/ros_foxy_ws/install/two_wheel_control_msgs/include/two_wheel_control_msgs/msg
-- Up-to-date: /home/lorenzo/Two_Wheel/ros_foxy_ws/install/two_wheel_control_msgs/include/two_wheel_control_msgs/msg/rosidl_typesupport_fastrtps_c__visibility_control.h
-- Up-to-date: /home/lorenzo/Two_Wheel/ros_foxy_ws/install/two_wheel_control_msgs/include/two_wheel_control_msgs/msg/detail
-- Up-to-date: /home/lorenzo/Two_Wheel/ros_foxy_ws/install/two_wheel_control_msgs/include/two_wheel_control_msgs/msg/detail/command__rosidl_typesupport_fastrtps_c.h
-- Up-to-date: /home/lorenzo/Two_Wheel/ros_foxy_ws/install/two_wheel_control_msgs/lib/libtwo_wheel_control_msgs__rosidl_typesupport_fastrtps_c.so
-- Up-to-date: /home/lorenzo/Two_Wheel/ros_foxy_ws/install/two_wheel_control_msgs/include/two_wheel_control_msgs
-- Up-to-date: /home/lorenzo/Two_Wheel/ros_foxy_ws/install/two_wheel_control_msgs/include/two_wheel_control_msgs/msg
-- Up-to-date: /home/lorenzo/Two_Wheel/ros_foxy_ws/install/two_wheel_control_msgs/include/two_wheel_control_msgs/msg/detail
-- Up-to-date: /home/lorenzo/Two_Wheel/ros_foxy_ws/install/two_wheel_control_msgs/include/two_wheel_control_msgs/msg/detail/command__rosidl_typesupport_fastrtps_cpp.hpp
-- Up-to-date: /home/lorenzo/Two_Wheel/ros_foxy_ws/install/two_wheel_control_msgs/include/two_wheel_control_msgs/msg/detail/dds_fastrtps
-- Up-to-date: /home/lorenzo/Two_Wheel/ros_foxy_ws/install/two_wheel_control_msgs/include/two_wheel_control_msgs/msg/rosidl_typesupport_fastrtps_cpp__visibility_control.h
-- Up-to-date: /home/lorenzo/Two_Wheel/ros_foxy_ws/install/two_wheel_control_msgs/lib/libtwo_wheel_control_msgs__rosidl_typesupport_fastrtps_cpp.so
-- Up-to-date: /home/lorenzo/Two_Wheel/ros_foxy_ws/install/two_wheel_control_msgs/include/two_wheel_control_msgs
-- Up-to-date: /home/lorenzo/Two_Wheel/ros_foxy_ws/install/two_wheel_control_msgs/include/two_wheel_control_msgs/msg
-- Up-to-date: /home/lorenzo/Two_Wheel/ros_foxy_ws/install/two_wheel_control_msgs/include/two_wheel_control_msgs/msg/rosidl_typesupport_introspection_c__visibility_control.h
-- Up-to-date: /home/lorenzo/Two_Wheel/ros_foxy_ws/install/two_wheel_control_msgs/include/two_wheel_control_msgs/msg/detail
-- Up-to-date: /home/lorenzo/Two_Wheel/ros_foxy_ws/install/two_wheel_control_msgs/include/two_wheel_control_msgs/msg/detail/command__type_support.c
-- Up-to-date: /home/lorenzo/Two_Wheel/ros_foxy_ws/install/two_wheel_control_msgs/include/two_wheel_control_msgs/msg/detail/command__rosidl_typesupport_introspection_c.h
-- Up-to-date: /home/lorenzo/Two_Wheel/ros_foxy_ws/install/two_wheel_control_msgs/lib/libtwo_wheel_control_msgs__rosidl_typesupport_introspection_c.so
-- Up-to-date: /home/lorenzo/Two_Wheel/ros_foxy_ws/install/two_wheel_control_msgs/lib/libtwo_wheel_control_msgs__rosidl_typesupport_c.so
-- Up-to-date: /home/lorenzo/Two_Wheel/ros_foxy_ws/install/two_wheel_control_msgs/include/two_wheel_control_msgs
-- Up-to-date: /home/lorenzo/Two_Wheel/ros_foxy_ws/install/two_wheel_control_msgs/include/two_wheel_control_msgs/msg
-- Up-to-date: /home/lorenzo/Two_Wheel/ros_foxy_ws/install/two_wheel_control_msgs/include/two_wheel_control_msgs/msg/command.hpp
-- Up-to-date: /home/lorenzo/Two_Wheel/ros_foxy_ws/install/two_wheel_control_msgs/include/two_wheel_control_msgs/msg/detail
-- Up-to-date: /home/lorenzo/Two_Wheel/ros_foxy_ws/install/two_wheel_control_msgs/include/two_wheel_control_msgs/msg/detail/command__traits.hpp
-- Up-to-date: /home/lorenzo/Two_Wheel/ros_foxy_ws/install/two_wheel_control_msgs/include/two_wheel_control_msgs/msg/detail/command__builder.hpp
-- Up-to-date: /home/lorenzo/Two_Wheel/ros_foxy_ws/install/two_wheel_control_msgs/include/two_wheel_control_msgs/msg/detail/command__struct.hpp
-- Up-to-date: /home/lorenzo/Two_Wheel/ros_foxy_ws/install/two_wheel_control_msgs/include/two_wheel_control_msgs
-- Up-to-date: /home/lorenzo/Two_Wheel/ros_foxy_ws/install/two_wheel_control_msgs/include/two_wheel_control_msgs/msg
-- Up-to-date: /home/lorenzo/Two_Wheel/ros_foxy_ws/install/two_wheel_control_msgs/include/two_wheel_control_msgs/msg/detail
-- Up-to-date: /home/lorenzo/Two_Wheel/ros_foxy_ws/install/two_wheel_control_msgs/include/two_wheel_control_msgs/msg/detail/command__rosidl_typesupport_introspection_cpp.hpp
-- Up-to-date: /home/lorenzo/Two_Wheel/ros_foxy_ws/install/two_wheel_control_msgs/include/two_wheel_control_msgs/msg/detail/command__type_support.cpp
-- Up-to-date: /home/lorenzo/Two_Wheel/ros_foxy_ws/install/two_wheel_control_msgs/lib/libtwo_wheel_control_msgs__rosidl_typesupport_introspection_cpp.so
-- Up-to-date: /home/lorenzo/Two_Wheel/ros_foxy_ws/install/two_wheel_control_msgs/lib/libtwo_wheel_control_msgs__rosidl_typesupport_cpp.so
-- Up-to-date: /home/lorenzo/Two_Wheel/ros_foxy_ws/install/two_wheel_control_msgs/share/two_wheel_control_msgs/environment/pythonpath.sh
-- Up-to-date: /home/lorenzo/Two_Wheel/ros_foxy_ws/install/two_wheel_control_msgs/share/two_wheel_control_msgs/environment/pythonpath.dsv
-- Up-to-date: /home/lorenzo/Two_Wheel/ros_foxy_ws/install/two_wheel_control_msgs/lib/python3.8/site-packages/two_wheel_control_msgs/__init__.py
-- Up-to-date: /home/lorenzo/Two_Wheel/ros_foxy_ws/install/two_wheel_control_msgs/lib/python3.8/site-packages/two_wheel_control_msgs/msg
-- Up-to-date: /home/lorenzo/Two_Wheel/ros_foxy_ws/install/two_wheel_control_msgs/lib/python3.8/site-packages/two_wheel_control_msgs/msg/__init__.py
-- Up-to-date: /home/lorenzo/Two_Wheel/ros_foxy_ws/install/two_wheel_control_msgs/lib/python3.8/site-packages/two_wheel_control_msgs/msg/_command.py
-- Up-to-date: /home/lorenzo/Two_Wheel/ros_foxy_ws/install/two_wheel_control_msgs/lib/python3.8/site-packages/two_wheel_control_msgs/msg/_command_s.c
-- Up-to-date: /home/lorenzo/Two_Wheel/ros_foxy_ws/install/two_wheel_control_msgs/lib/python3.8/site-packages/two_wheel_control_msgs/two_wheel_control_msgs_s__rosidl_typesupport_fastrtps_c.cpython-38-x86_64-linux-gnu.so
-- Up-to-date: /home/lorenzo/Two_Wheel/ros_foxy_ws/install/two_wheel_control_msgs/lib/python3.8/site-packages/two_wheel_control_msgs/two_wheel_control_msgs_s__rosidl_typesupport_introspection_c.cpython-38-x86_64-linux-gnu.so
-- Up-to-date: /home/lorenzo/Two_Wheel/ros_foxy_ws/install/two_wheel_control_msgs/lib/python3.8/site-packages/two_wheel_control_msgs/two_wheel_control_msgs_s__rosidl_typesupport_c.cpython-38-x86_64-linux-gnu.so
-- Up-to-date: /home/lorenzo/Two_Wheel/ros_foxy_ws/install/two_wheel_control_msgs/lib/libtwo_wheel_control_msgs__python.so
-- Up-to-date: /home/lorenzo/Two_Wheel/ros_foxy_ws/install/two_wheel_control_msgs/share/two_wheel_control_msgs/msg/Command.idl
-- Up-to-date: /home/lorenzo/Two_Wheel/ros_foxy_ws/install/two_wheel_control_msgs/share/two_wheel_control_msgs/msg/Command.msg
-- Up-to-date: /home/lorenzo/Two_Wheel/ros_foxy_ws/install/two_wheel_control_msgs/share/ament_index/resource_index/package_run_dependencies/two_wheel_control_msgs
-- Up-to-date: /home/lorenzo/Two_Wheel/ros_foxy_ws/install/two_wheel_control_msgs/share/ament_index/resource_index/parent_prefix_path/two_wheel_control_msgs
-- Up-to-date: /home/lorenzo/Two_Wheel/ros_foxy_ws/install/two_wheel_control_msgs/share/two_wheel_control_msgs/environment/ament_prefix_path.sh
-- Up-to-date: /home/lorenzo/Two_Wheel/ros_foxy_ws/install/two_wheel_control_msgs/share/two_wheel_control_msgs/environment/ament_prefix_path.dsv
-- Up-to-date: /home/lorenzo/Two_Wheel/ros_foxy_ws/install/two_wheel_control_msgs/share/two_wheel_control_msgs/environment/path.sh
-- Up-to-date: /home/lorenzo/Two_Wheel/ros_foxy_ws/install/two_wheel_control_msgs/share/two_wheel_control_msgs/environment/path.dsv
-- Up-to-date: /home/lorenzo/Two_Wheel/ros_foxy_ws/install/two_wheel_control_msgs/share/two_wheel_control_msgs/local_setup.bash
-- Up-to-date: /home/lorenzo/Two_Wheel/ros_foxy_ws/install/two_wheel_control_msgs/share/two_wheel_control_msgs/local_setup.sh
-- Up-to-date: /home/lorenzo/Two_Wheel/ros_foxy_ws/install/two_wheel_control_msgs/share/two_wheel_control_msgs/local_setup.zsh
-- Up-to-date: /home/lorenzo/Two_Wheel/ros_foxy_ws/install/two_wheel_control_msgs/share/two_wheel_control_msgs/local_setup.dsv
-- Installing: /home/lorenzo/Two_Wheel/ros_foxy_ws/install/two_wheel_control_msgs/share/two_wheel_control_msgs/package.dsv
-- Up-to-date: /home/lorenzo/Two_Wheel/ros_foxy_ws/install/two_wheel_control_msgs/share/ament_index/resource_index/packages/two_wheel_control_msgs
-- Up-to-date: /home/lorenzo/Two_Wheel/ros_foxy_ws/install/two_wheel_control_msgs/share/two_wheel_control_msgs/cmake/two_wheel_control_msgs__rosidl_generator_cExport.cmake
-- Up-to-date: /home/lorenzo/Two_Wheel/ros_foxy_ws/install/two_wheel_control_msgs/share/two_wheel_control_msgs/cmake/two_wheel_control_msgs__rosidl_generator_cExport-noconfig.cmake
-- Up-to-date: /home/lorenzo/Two_Wheel/ros_foxy_ws/install/two_wheel_control_msgs/share/two_wheel_control_msgs/cmake/two_wheel_control_msgs__rosidl_typesupport_introspection_cExport.cmake
-- Up-to-date: /home/lorenzo/Two_Wheel/ros_foxy_ws/install/two_wheel_control_msgs/share/two_wheel_control_msgs/cmake/two_wheel_control_msgs__rosidl_typesupport_introspection_cExport-noconfig.cmake
-- Up-to-date: /home/lorenzo/Two_Wheel/ros_foxy_ws/install/two_wheel_control_msgs/share/two_wheel_control_msgs/cmake/two_wheel_control_msgs__rosidl_typesupport_cExport.cmake
-- Up-to-date: /home/lorenzo/Two_Wheel/ros_foxy_ws/install/two_wheel_control_msgs/share/two_wheel_control_msgs/cmake/two_wheel_control_msgs__rosidl_typesupport_cExport-noconfig.cmake
-- Up-to-date: /home/lorenzo/Two_Wheel/ros_foxy_ws/install/two_wheel_control_msgs/share/two_wheel_control_msgs/cmake/two_wheel_control_msgs__rosidl_generator_cppExport.cmake
-- Up-to-date: /home/lorenzo/Two_Wheel/ros_foxy_ws/install/two_wheel_control_msgs/share/two_wheel_control_msgs/cmake/two_wheel_control_msgs__rosidl_typesupport_introspection_cppExport.cmake
-- Up-to-date: /home/lorenzo/Two_Wheel/ros_foxy_ws/install/two_wheel_control_msgs/share/two_wheel_control_msgs/cmake/two_wheel_control_msgs__rosidl_typesupport_introspection_cppExport-noconfig.cmake
-- Up-to-date: /home/lorenzo/Two_Wheel/ros_foxy_ws/install/two_wheel_control_msgs/share/two_wheel_control_msgs/cmake/two_wheel_control_msgs__rosidl_typesupport_cppExport.cmake
-- Up-to-date: /home/lorenzo/Two_Wheel/ros_foxy_ws/install/two_wheel_control_msgs/share/two_wheel_control_msgs/cmake/two_wheel_control_msgs__rosidl_typesupport_cppExport-noconfig.cmake
-- Up-to-date: /home/lorenzo/Two_Wheel/ros_foxy_ws/install/two_wheel_control_msgs/share/two_wheel_control_msgs/cmake/rosidl_cmake-extras.cmake
-- Up-to-date: /home/lorenzo/Two_Wheel/ros_foxy_ws/install/two_wheel_control_msgs/share/two_wheel_control_msgs/cmake/ament_cmake_export_dependencies-extras.cmake
-- Up-to-date: /home/lorenzo/Two_Wheel/ros_foxy_ws/install/two_wheel_control_msgs/share/two_wheel_control_msgs/cmake/ament_cmake_export_libraries-extras.cmake
-- Up-to-date: /home/lorenzo/Two_Wheel/ros_foxy_ws/install/two_wheel_control_msgs/share/two_wheel_control_msgs/cmake/ament_cmake_export_targets-extras.cmake
-- Up-to-date: /home/lorenzo/Two_Wheel/ros_foxy_ws/install/two_wheel_control_msgs/share/two_wheel_control_msgs/cmake/ament_cmake_export_include_directories-extras.cmake
-- Up-to-date: /home/lorenzo/Two_Wheel/ros_foxy_ws/install/two_wheel_control_msgs/share/two_wheel_control_msgs/cmake/rosidl_cmake_export_typesupport_libraries-extras.cmake
-- Up-to-date: /home/lorenzo/Two_Wheel/ros_foxy_ws/install/two_wheel_control_msgs/share/two_wheel_control_msgs/cmake/rosidl_cmake_export_typesupport_targets-extras.cmake
-- Up-to-date: /home/lorenzo/Two_Wheel/ros_foxy_ws/install/two_wheel_control_msgs/share/two_wheel_control_msgs/cmake/two_wheel_control_msgsConfig.cmake
-- Up-to-date: /home/lorenzo/Two_Wheel/ros_foxy_ws/install/two_wheel_control_msgs/share/two_wheel_control_msgs/cmake/two_wheel_control_msgsConfig-version.cmake
-- Up-to-date: /home/lorenzo/Two_Wheel/ros_foxy_ws/install/two_wheel_control_msgs/share/two_wheel_control_msgs/package.xml
