[0.046s] Invoking command in '/home/lorenzo/Two_Wheel/ros_foxy_ws/build/two_wheel_control_msgs': CMAKE_PREFIX_PATH=${CMAKE_PREFIX_PATH}:/opt/ros/foxy /usr/bin/cmake --build /home/lorenzo/Two_Wheel/ros_foxy_ws/build/two_wheel_control_msgs -- -j4 -l4
[0.143s] [  3%] Built target two_wheel_control_msgs__cpp
[0.155s] [ 12%] Built target two_wheel_control_msgs__rosidl_generator_c
[0.203s] [ 22%] Built target two_wheel_control_msgs__rosidl_typesupport_introspection_cpp
[0.206s] [ 32%] Built target two_wheel_control_msgs__rosidl_typesupport_cpp
[0.221s] [ 41%] Built target two_wheel_control_msgs__rosidl_typesupport_fastrtps_cpp
[0.232s] [ 51%] Built target two_wheel_control_msgs__rosidl_typesupport_introspection_c
[0.275s] [ 61%] Built target two_wheel_control_msgs__rosidl_typesupport_c
[0.309s] [ 70%] Built target two_wheel_control_msgs__rosidl_typesupport_fastrtps_c
[0.349s] [ 70%] Built target two_wheel_control_msgs
[0.410s] [ 74%] Built target two_wheel_control_msgs__py
[0.454s] [ 80%] Built target two_wheel_control_msgs__python
[0.509s] [ 87%] Built target two_wheel_control_msgs__rosidl_typesupport_c__pyext
[0.513s] [ 93%] Built target two_wheel_control_msgs__rosidl_typesupport_introspection_c__pyext
[0.514s] [100%] Built target two_wheel_control_msgs__rosidl_typesupport_fastrtps_c__pyext
[0.528s] Invoked command in '/home/lorenzo/Two_Wheel/ros_foxy_ws/build/two_wheel_control_msgs' returned '0': CMAKE_PREFIX_PATH=${CMAKE_PREFIX_PATH}:/opt/ros/foxy /usr/bin/cmake --build /home/lorenzo/Two_Wheel/ros_foxy_ws/build/two_wheel_control_msgs -- -j4 -l4
[0.606s] Invoking command in '/home/lorenzo/Two_Wheel/ros_foxy_ws/build/two_wheel_control_msgs': CMAKE_PREFIX_PATH=${CMAKE_PREFIX_PATH}:/opt/ros/foxy /usr/bin/cmake --install /home/lorenzo/Two_Wheel/ros_foxy_ws/build/two_wheel_control_msgs
[0.620s] -- Install configuration: ""
[0.621s] -- Up-to-date: /home/lorenzo/Two_Wheel/ros_foxy_ws/install/two_wheel_control_msgs/share/ament_index/resource_index/rosidl_interfaces/two_wheel_control_msgs
[0.621s] -- Up-to-date: /home/lorenzo/Two_Wheel/ros_foxy_ws/install/two_wheel_control_msgs/include/two_wheel_control_msgs
[0.621s] -- Up-to-date: /home/lorenzo/Two_Wheel/ros_foxy_ws/install/two_wheel_control_msgs/include/two_wheel_control_msgs/msg
[0.622s] -- Up-to-date: /home/lorenzo/Two_Wheel/ros_foxy_ws/install/two_wheel_control_msgs/include/two_wheel_control_msgs/msg/command.h
[0.622s] -- Up-to-date: /home/lorenzo/Two_Wheel/ros_foxy_ws/install/two_wheel_control_msgs/include/two_wheel_control_msgs/msg/rosidl_generator_c__visibility_control.h
[0.622s] -- Up-to-date: /home/lorenzo/Two_Wheel/ros_foxy_ws/install/two_wheel_control_msgs/include/two_wheel_control_msgs/msg/detail
[0.623s] -- Up-to-date: /home/lorenzo/Two_Wheel/ros_foxy_ws/install/two_wheel_control_msgs/include/two_wheel_control_msgs/msg/detail/command__functions.h
[0.623s] -- Up-to-date: /home/lorenzo/Two_Wheel/ros_foxy_ws/install/two_wheel_control_msgs/include/two_wheel_control_msgs/msg/detail/command__functions.c
[0.623s] -- Up-to-date: /home/lorenzo/Two_Wheel/ros_foxy_ws/install/two_wheel_control_msgs/include/two_wheel_control_msgs/msg/detail/command__type_support.h
[0.623s] -- Up-to-date: /home/lorenzo/Two_Wheel/ros_foxy_ws/install/two_wheel_control_msgs/include/two_wheel_control_msgs/msg/detail/command__struct.h
[0.624s] -- Up-to-date: /home/lorenzo/Two_Wheel/ros_foxy_ws/install/two_wheel_control_msgs/share/two_wheel_control_msgs/environment/library_path.sh
[0.624s] -- Up-to-date: /home/lorenzo/Two_Wheel/ros_foxy_ws/install/two_wheel_control_msgs/share/two_wheel_control_msgs/environment/library_path.dsv
[0.624s] -- Up-to-date: /home/lorenzo/Two_Wheel/ros_foxy_ws/install/two_wheel_control_msgs/lib/libtwo_wheel_control_msgs__rosidl_generator_c.so
[0.625s] -- Up-to-date: /home/lorenzo/Two_Wheel/ros_foxy_ws/install/two_wheel_control_msgs/include/two_wheel_control_msgs
[0.625s] -- Up-to-date: /home/lorenzo/Two_Wheel/ros_foxy_ws/install/two_wheel_control_msgs/include/two_wheel_control_msgs/msg
[0.625s] -- Up-to-date: /home/lorenzo/Two_Wheel/ros_foxy_ws/install/two_wheel_control_msgs/include/two_wheel_control_msgs/msg/rosidl_typesupport_fastrtps_c__visibility_control.h
[0.625s] -- Up-to-date: /home/lorenzo/Two_Wheel/ros_foxy_ws/install/two_wheel_control_msgs/include/two_wheel_control_msgs/msg/detail
[0.626s] -- Up-to-date: /home/lorenzo/Two_Wheel/ros_foxy_ws/install/two_wheel_control_msgs/include/two_wheel_control_msgs/msg/detail/command__rosidl_typesupport_fastrtps_c.h
[0.626s] -- Up-to-date: /home/lorenzo/Two_Wheel/ros_foxy_ws/install/two_wheel_control_msgs/lib/libtwo_wheel_control_msgs__rosidl_typesupport_fastrtps_c.so
[0.626s] -- Up-to-date: /home/lorenzo/Two_Wheel/ros_foxy_ws/install/two_wheel_control_msgs/include/two_wheel_control_msgs
[0.626s] -- Up-to-date: /home/lorenzo/Two_Wheel/ros_foxy_ws/install/two_wheel_control_msgs/include/two_wheel_control_msgs/msg
[0.626s] -- Up-to-date: /home/lorenzo/Two_Wheel/ros_foxy_ws/install/two_wheel_control_msgs/include/two_wheel_control_msgs/msg/detail
[0.627s] -- Up-to-date: /home/lorenzo/Two_Wheel/ros_foxy_ws/install/two_wheel_control_msgs/include/two_wheel_control_msgs/msg/detail/command__rosidl_typesupport_fastrtps_cpp.hpp
[0.627s] -- Up-to-date: /home/lorenzo/Two_Wheel/ros_foxy_ws/install/two_wheel_control_msgs/include/two_wheel_control_msgs/msg/detail/dds_fastrtps
[0.627s] -- Up-to-date: /home/lorenzo/Two_Wheel/ros_foxy_ws/install/two_wheel_control_msgs/include/two_wheel_control_msgs/msg/rosidl_typesupport_fastrtps_cpp__visibility_control.h
[0.627s] -- Up-to-date: /home/lorenzo/Two_Wheel/ros_foxy_ws/install/two_wheel_control_msgs/lib/libtwo_wheel_control_msgs__rosidl_typesupport_fastrtps_cpp.so
[0.628s] -- Up-to-date: /home/lorenzo/Two_Wheel/ros_foxy_ws/install/two_wheel_control_msgs/include/two_wheel_control_msgs
[0.628s] -- Up-to-date: /home/lorenzo/Two_Wheel/ros_foxy_ws/install/two_wheel_control_msgs/include/two_wheel_control_msgs/msg
[0.628s] -- Up-to-date: /home/lorenzo/Two_Wheel/ros_foxy_ws/install/two_wheel_control_msgs/include/two_wheel_control_msgs/msg/rosidl_typesupport_introspection_c__visibility_control.h
[0.628s] -- Up-to-date: /home/lorenzo/Two_Wheel/ros_foxy_ws/install/two_wheel_control_msgs/include/two_wheel_control_msgs/msg/detail
[0.629s] -- Up-to-date: /home/lorenzo/Two_Wheel/ros_foxy_ws/install/two_wheel_control_msgs/include/two_wheel_control_msgs/msg/detail/command__type_support.c
[0.629s] -- Up-to-date: /home/lorenzo/Two_Wheel/ros_foxy_ws/install/two_wheel_control_msgs/include/two_wheel_control_msgs/msg/detail/command__rosidl_typesupport_introspection_c.h
[0.629s] -- Up-to-date: /home/lorenzo/Two_Wheel/ros_foxy_ws/install/two_wheel_control_msgs/lib/libtwo_wheel_control_msgs__rosidl_typesupport_introspection_c.so
[0.629s] -- Up-to-date: /home/lorenzo/Two_Wheel/ros_foxy_ws/install/two_wheel_control_msgs/lib/libtwo_wheel_control_msgs__rosidl_typesupport_c.so
[0.630s] -- Up-to-date: /home/lorenzo/Two_Wheel/ros_foxy_ws/install/two_wheel_control_msgs/include/two_wheel_control_msgs
[0.630s] -- Up-to-date: /home/lorenzo/Two_Wheel/ros_foxy_ws/install/two_wheel_control_msgs/include/two_wheel_control_msgs/msg
[0.630s] -- Up-to-date: /home/lorenzo/Two_Wheel/ros_foxy_ws/install/two_wheel_control_msgs/include/two_wheel_control_msgs/msg/command.hpp
[0.630s] -- Up-to-date: /home/lorenzo/Two_Wheel/ros_foxy_ws/install/two_wheel_control_msgs/include/two_wheel_control_msgs/msg/detail
[0.631s] -- Up-to-date: /home/lorenzo/Two_Wheel/ros_foxy_ws/install/two_wheel_control_msgs/include/two_wheel_control_msgs/msg/detail/command__traits.hpp
[0.631s] -- Up-to-date: /home/lorenzo/Two_Wheel/ros_foxy_ws/install/two_wheel_control_msgs/include/two_wheel_control_msgs/msg/detail/command__builder.hpp
[0.631s] -- Up-to-date: /home/lorenzo/Two_Wheel/ros_foxy_ws/install/two_wheel_control_msgs/include/two_wheel_control_msgs/msg/detail/command__struct.hpp
[0.631s] -- Up-to-date: /home/lorenzo/Two_Wheel/ros_foxy_ws/install/two_wheel_control_msgs/include/two_wheel_control_msgs
[0.631s] -- Up-to-date: /home/lorenzo/Two_Wheel/ros_foxy_ws/install/two_wheel_control_msgs/include/two_wheel_control_msgs/msg
[0.631s] -- Up-to-date: /home/lorenzo/Two_Wheel/ros_foxy_ws/install/two_wheel_control_msgs/include/two_wheel_control_msgs/msg/detail
[0.631s] -- Up-to-date: /home/lorenzo/Two_Wheel/ros_foxy_ws/install/two_wheel_control_msgs/include/two_wheel_control_msgs/msg/detail/command__rosidl_typesupport_introspection_cpp.hpp
[0.632s] -- Up-to-date: /home/lorenzo/Two_Wheel/ros_foxy_ws/install/two_wheel_control_msgs/include/two_wheel_control_msgs/msg/detail/command__type_support.cpp
[0.632s] -- Up-to-date: /home/lorenzo/Two_Wheel/ros_foxy_ws/install/two_wheel_control_msgs/lib/libtwo_wheel_control_msgs__rosidl_typesupport_introspection_cpp.so
[0.632s] -- Up-to-date: /home/lorenzo/Two_Wheel/ros_foxy_ws/install/two_wheel_control_msgs/lib/libtwo_wheel_control_msgs__rosidl_typesupport_cpp.so
[0.632s] -- Up-to-date: /home/lorenzo/Two_Wheel/ros_foxy_ws/install/two_wheel_control_msgs/share/two_wheel_control_msgs/environment/pythonpath.sh
[0.632s] -- Up-to-date: /home/lorenzo/Two_Wheel/ros_foxy_ws/install/two_wheel_control_msgs/share/two_wheel_control_msgs/environment/pythonpath.dsv
[0.632s] -- Up-to-date: /home/lorenzo/Two_Wheel/ros_foxy_ws/install/two_wheel_control_msgs/lib/python3.8/site-packages/two_wheel_control_msgs/__init__.py
[0.675s] -- Up-to-date: /home/lorenzo/Two_Wheel/ros_foxy_ws/install/two_wheel_control_msgs/lib/python3.8/site-packages/two_wheel_control_msgs/msg
[0.675s] -- Up-to-date: /home/lorenzo/Two_Wheel/ros_foxy_ws/install/two_wheel_control_msgs/lib/python3.8/site-packages/two_wheel_control_msgs/msg/__init__.py
[0.675s] -- Up-to-date: /home/lorenzo/Two_Wheel/ros_foxy_ws/install/two_wheel_control_msgs/lib/python3.8/site-packages/two_wheel_control_msgs/msg/_command.py
[0.675s] -- Up-to-date: /home/lorenzo/Two_Wheel/ros_foxy_ws/install/two_wheel_control_msgs/lib/python3.8/site-packages/two_wheel_control_msgs/msg/_command_s.c
[0.675s] -- Up-to-date: /home/lorenzo/Two_Wheel/ros_foxy_ws/install/two_wheel_control_msgs/lib/python3.8/site-packages/two_wheel_control_msgs/two_wheel_control_msgs_s__rosidl_typesupport_fastrtps_c.cpython-38-x86_64-linux-gnu.so
[0.676s] -- Up-to-date: /home/lorenzo/Two_Wheel/ros_foxy_ws/install/two_wheel_control_msgs/lib/python3.8/site-packages/two_wheel_control_msgs/two_wheel_control_msgs_s__rosidl_typesupport_introspection_c.cpython-38-x86_64-linux-gnu.so
[0.677s] -- Up-to-date: /home/lorenzo/Two_Wheel/ros_foxy_ws/install/two_wheel_control_msgs/lib/python3.8/site-packages/two_wheel_control_msgs/two_wheel_control_msgs_s__rosidl_typesupport_c.cpython-38-x86_64-linux-gnu.so
[0.678s] -- Up-to-date: /home/lorenzo/Two_Wheel/ros_foxy_ws/install/two_wheel_control_msgs/lib/libtwo_wheel_control_msgs__python.so
[0.679s] -- Up-to-date: /home/lorenzo/Two_Wheel/ros_foxy_ws/install/two_wheel_control_msgs/share/two_wheel_control_msgs/msg/Command.idl
[0.679s] -- Up-to-date: /home/lorenzo/Two_Wheel/ros_foxy_ws/install/two_wheel_control_msgs/share/two_wheel_control_msgs/msg/Command.msg
[0.679s] -- Up-to-date: /home/lorenzo/Two_Wheel/ros_foxy_ws/install/two_wheel_control_msgs/share/ament_index/resource_index/package_run_dependencies/two_wheel_control_msgs
[0.680s] -- Up-to-date: /home/lorenzo/Two_Wheel/ros_foxy_ws/install/two_wheel_control_msgs/share/ament_index/resource_index/parent_prefix_path/two_wheel_control_msgs
[0.680s] -- Up-to-date: /home/lorenzo/Two_Wheel/ros_foxy_ws/install/two_wheel_control_msgs/share/two_wheel_control_msgs/environment/ament_prefix_path.sh
[0.680s] -- Up-to-date: /home/lorenzo/Two_Wheel/ros_foxy_ws/install/two_wheel_control_msgs/share/two_wheel_control_msgs/environment/ament_prefix_path.dsv
[0.680s] -- Up-to-date: /home/lorenzo/Two_Wheel/ros_foxy_ws/install/two_wheel_control_msgs/share/two_wheel_control_msgs/environment/path.sh
[0.680s] -- Up-to-date: /home/lorenzo/Two_Wheel/ros_foxy_ws/install/two_wheel_control_msgs/share/two_wheel_control_msgs/environment/path.dsv
[0.680s] -- Up-to-date: /home/lorenzo/Two_Wheel/ros_foxy_ws/install/two_wheel_control_msgs/share/two_wheel_control_msgs/local_setup.bash
[0.681s] -- Up-to-date: /home/lorenzo/Two_Wheel/ros_foxy_ws/install/two_wheel_control_msgs/share/two_wheel_control_msgs/local_setup.sh
[0.681s] -- Up-to-date: /home/lorenzo/Two_Wheel/ros_foxy_ws/install/two_wheel_control_msgs/share/two_wheel_control_msgs/local_setup.zsh
[0.681s] -- Up-to-date: /home/lorenzo/Two_Wheel/ros_foxy_ws/install/two_wheel_control_msgs/share/two_wheel_control_msgs/local_setup.dsv
[0.681s] -- Installing: /home/lorenzo/Two_Wheel/ros_foxy_ws/install/two_wheel_control_msgs/share/two_wheel_control_msgs/package.dsv
[0.681s] -- Up-to-date: /home/lorenzo/Two_Wheel/ros_foxy_ws/install/two_wheel_control_msgs/share/ament_index/resource_index/packages/two_wheel_control_msgs
[0.681s] -- Up-to-date: /home/lorenzo/Two_Wheel/ros_foxy_ws/install/two_wheel_control_msgs/share/two_wheel_control_msgs/cmake/two_wheel_control_msgs__rosidl_generator_cExport.cmake
[0.681s] -- Up-to-date: /home/lorenzo/Two_Wheel/ros_foxy_ws/install/two_wheel_control_msgs/share/two_wheel_control_msgs/cmake/two_wheel_control_msgs__rosidl_generator_cExport-noconfig.cmake
[0.682s] -- Up-to-date: /home/lorenzo/Two_Wheel/ros_foxy_ws/install/two_wheel_control_msgs/share/two_wheel_control_msgs/cmake/two_wheel_control_msgs__rosidl_typesupport_introspection_cExport.cmake
[0.682s] -- Up-to-date: /home/lorenzo/Two_Wheel/ros_foxy_ws/install/two_wheel_control_msgs/share/two_wheel_control_msgs/cmake/two_wheel_control_msgs__rosidl_typesupport_introspection_cExport-noconfig.cmake
[0.683s] -- Up-to-date: /home/lorenzo/Two_Wheel/ros_foxy_ws/install/two_wheel_control_msgs/share/two_wheel_control_msgs/cmake/two_wheel_control_msgs__rosidl_typesupport_cExport.cmake
[0.683s] -- Up-to-date: /home/lorenzo/Two_Wheel/ros_foxy_ws/install/two_wheel_control_msgs/share/two_wheel_control_msgs/cmake/two_wheel_control_msgs__rosidl_typesupport_cExport-noconfig.cmake
[0.683s] -- Up-to-date: /home/lorenzo/Two_Wheel/ros_foxy_ws/install/two_wheel_control_msgs/share/two_wheel_control_msgs/cmake/two_wheel_control_msgs__rosidl_generator_cppExport.cmake
[0.684s] -- Up-to-date: /home/lorenzo/Two_Wheel/ros_foxy_ws/install/two_wheel_control_msgs/share/two_wheel_control_msgs/cmake/two_wheel_control_msgs__rosidl_typesupport_introspection_cppExport.cmake
[0.684s] -- Up-to-date: /home/lorenzo/Two_Wheel/ros_foxy_ws/install/two_wheel_control_msgs/share/two_wheel_control_msgs/cmake/two_wheel_control_msgs__rosidl_typesupport_introspection_cppExport-noconfig.cmake
[0.685s] -- Up-to-date: /home/lorenzo/Two_Wheel/ros_foxy_ws/install/two_wheel_control_msgs/share/two_wheel_control_msgs/cmake/two_wheel_control_msgs__rosidl_typesupport_cppExport.cmake
[0.685s] -- Up-to-date: /home/lorenzo/Two_Wheel/ros_foxy_ws/install/two_wheel_control_msgs/share/two_wheel_control_msgs/cmake/two_wheel_control_msgs__rosidl_typesupport_cppExport-noconfig.cmake
[0.685s] -- Up-to-date: /home/lorenzo/Two_Wheel/ros_foxy_ws/install/two_wheel_control_msgs/share/two_wheel_control_msgs/cmake/rosidl_cmake-extras.cmake
[0.686s] -- Up-to-date: /home/lorenzo/Two_Wheel/ros_foxy_ws/install/two_wheel_control_msgs/share/two_wheel_control_msgs/cmake/ament_cmake_export_dependencies-extras.cmake
[0.686s] -- Up-to-date: /home/lorenzo/Two_Wheel/ros_foxy_ws/install/two_wheel_control_msgs/share/two_wheel_control_msgs/cmake/ament_cmake_export_libraries-extras.cmake
[0.686s] -- Up-to-date: /home/lorenzo/Two_Wheel/ros_foxy_ws/install/two_wheel_control_msgs/share/two_wheel_control_msgs/cmake/ament_cmake_export_targets-extras.cmake
[0.686s] -- Up-to-date: /home/lorenzo/Two_Wheel/ros_foxy_ws/install/two_wheel_control_msgs/share/two_wheel_control_msgs/cmake/ament_cmake_export_include_directories-extras.cmake
[0.687s] -- Up-to-date: /home/lorenzo/Two_Wheel/ros_foxy_ws/install/two_wheel_control_msgs/share/two_wheel_control_msgs/cmake/rosidl_cmake_export_typesupport_libraries-extras.cmake
[0.687s] -- Up-to-date: /home/lorenzo/Two_Wheel/ros_foxy_ws/install/two_wheel_control_msgs/share/two_wheel_control_msgs/cmake/rosidl_cmake_export_typesupport_targets-extras.cmake
[0.687s] -- Up-to-date: /home/lorenzo/Two_Wheel/ros_foxy_ws/install/two_wheel_control_msgs/share/two_wheel_control_msgs/cmake/two_wheel_control_msgsConfig.cmake
[0.687s] -- Up-to-date: /home/lorenzo/Two_Wheel/ros_foxy_ws/install/two_wheel_control_msgs/share/two_wheel_control_msgs/cmake/two_wheel_control_msgsConfig-version.cmake
[0.687s] -- Up-to-date: /home/lorenzo/Two_Wheel/ros_foxy_ws/install/two_wheel_control_msgs/share/two_wheel_control_msgs/package.xml
[0.695s] Invoked command in '/home/lorenzo/Two_Wheel/ros_foxy_ws/build/two_wheel_control_msgs' returned '0': CMAKE_PREFIX_PATH=${CMAKE_PREFIX_PATH}:/opt/ros/foxy /usr/bin/cmake --install /home/lorenzo/Two_Wheel/ros_foxy_ws/build/two_wheel_control_msgs
