[0.543s] DEBUG:colcon:Command line arguments: ['/usr/bin/colcon', 'list', '-p', '--base-paths', '/home/lorenzo/Two_Wheel/ros_foxy_ws']
[0.543s] DEBUG:colcon:Parsed command line arguments: Namespace(allow_overriding=[], base_paths=['/home/lorenzo/Two_Wheel/ros_foxy_ws'], build_base='build', ignore_user_meta=False, log_base=None, log_level=None, main=<bound method ListVerb.main of <colcon_package_information.verb.list.ListVerb object at 0x7f45231cd700>>, metas=['./colcon.meta'], names_only=False, packages_above=None, packages_above_and_dependencies=None, packages_above_depth=None, packages_end=None, packages_ignore=None, packages_ignore_regex=None, packages_select=None, packages_select_build_failed=False, packages_select_by_dep=None, packages_select_regex=None, packages_select_test_failures=False, packages_skip=None, packages_skip_build_finished=False, packages_skip_by_dep=None, packages_skip_regex=None, packages_skip_test_passed=False, packages_skip_up_to=None, packages_start=None, packages_up_to=None, packages_up_to_regex=None, paths=None, paths_only=True, topological_graph=False, topological_graph_density=False, topological_graph_dot=False, topological_graph_dot_cluster=False, topological_graph_dot_include_skipped=False, topological_graph_legend=False, topological_order=False, verb_extension=<colcon_package_information.verb.list.ListVerb object at 0x7f45231cd700>, verb_name='list', verb_parser=<colcon_defaults.argument_parser.defaults.DefaultArgumentsDecorator object at 0x7f4523133490>)
[0.640s] Level 1:colcon.colcon_core.package_discovery:discover_packages(colcon_meta) check parameters
[0.640s] Level 1:colcon.colcon_core.package_discovery:discover_packages(recursive) check parameters
[0.640s] Level 1:colcon.colcon_core.package_discovery:discover_packages(ignore) check parameters
[0.641s] Level 1:colcon.colcon_core.package_discovery:discover_packages(path) check parameters
[0.641s] Level 1:colcon.colcon_core.package_discovery:discover_packages(recursive) discover
[0.641s] INFO:colcon.colcon_core.package_discovery:Crawling recursively for packages in '/home/lorenzo/Two_Wheel/ros_foxy_ws'
[0.641s] Level 1:colcon.colcon_core.package_identification:_identify(/home/lorenzo/Two_Wheel/ros_foxy_ws) by extensions ['ignore', 'ignore_ament_install']
[0.642s] Level 1:colcon.colcon_core.package_identification:_identify(/home/lorenzo/Two_Wheel/ros_foxy_ws) by extension 'ignore'
[0.642s] Level 1:colcon.colcon_core.package_identification:_identify(/home/lorenzo/Two_Wheel/ros_foxy_ws) by extension 'ignore_ament_install'
[0.642s] Level 1:colcon.colcon_core.package_identification:_identify(/home/lorenzo/Two_Wheel/ros_foxy_ws) by extensions ['colcon_pkg']
[0.642s] Level 1:colcon.colcon_core.package_identification:_identify(/home/lorenzo/Two_Wheel/ros_foxy_ws) by extension 'colcon_pkg'
[0.643s] Level 1:colcon.colcon_core.package_identification:_identify(/home/lorenzo/Two_Wheel/ros_foxy_ws) by extensions ['colcon_meta']
[0.643s] Level 1:colcon.colcon_core.package_identification:_identify(/home/lorenzo/Two_Wheel/ros_foxy_ws) by extension 'colcon_meta'
[0.643s] Level 1:colcon.colcon_core.package_identification:_identify(/home/lorenzo/Two_Wheel/ros_foxy_ws) by extensions ['ros']
[0.643s] Level 1:colcon.colcon_core.package_identification:_identify(/home/lorenzo/Two_Wheel/ros_foxy_ws) by extension 'ros'
[0.675s] Level 1:colcon.colcon_core.package_identification:_identify(/home/lorenzo/Two_Wheel/ros_foxy_ws) by extensions ['cmake', 'python']
[0.675s] Level 1:colcon.colcon_core.package_identification:_identify(/home/lorenzo/Two_Wheel/ros_foxy_ws) by extension 'cmake'
[0.675s] Level 1:colcon.colcon_core.package_identification:_identify(/home/lorenzo/Two_Wheel/ros_foxy_ws) by extension 'python'
[0.679s] Level 1:colcon.colcon_core.package_identification:_identify(/home/lorenzo/Two_Wheel/ros_foxy_ws) by extensions ['python_setup_py']
[0.679s] Level 1:colcon.colcon_core.package_identification:_identify(/home/lorenzo/Two_Wheel/ros_foxy_ws) by extension 'python_setup_py'
[0.679s] Level 1:colcon.colcon_core.package_identification:_identify(/home/lorenzo/Two_Wheel/ros_foxy_ws/build) by extensions ['ignore', 'ignore_ament_install']
[0.680s] Level 1:colcon.colcon_core.package_identification:_identify(/home/lorenzo/Two_Wheel/ros_foxy_ws/build) by extension 'ignore'
[0.681s] Level 1:colcon.colcon_core.package_identification:_identify(/home/lorenzo/Two_Wheel/ros_foxy_ws/build) ignored
[0.681s] Level 1:colcon.colcon_core.package_identification:_identify(/home/lorenzo/Two_Wheel/ros_foxy_ws/install) by extensions ['ignore', 'ignore_ament_install']
[0.684s] Level 1:colcon.colcon_core.package_identification:_identify(/home/lorenzo/Two_Wheel/ros_foxy_ws/install) by extension 'ignore'
[0.684s] Level 1:colcon.colcon_core.package_identification:_identify(/home/lorenzo/Two_Wheel/ros_foxy_ws/install) ignored
[0.685s] Level 1:colcon.colcon_core.package_identification:_identify(/home/lorenzo/Two_Wheel/ros_foxy_ws/log) by extensions ['ignore', 'ignore_ament_install']
[0.685s] Level 1:colcon.colcon_core.package_identification:_identify(/home/lorenzo/Two_Wheel/ros_foxy_ws/log) by extension 'ignore'
[0.685s] Level 1:colcon.colcon_core.package_identification:_identify(/home/lorenzo/Two_Wheel/ros_foxy_ws/log) ignored
[0.686s] Level 1:colcon.colcon_core.package_identification:_identify(/home/lorenzo/Two_Wheel/ros_foxy_ws/src) by extensions ['ignore', 'ignore_ament_install']
[0.686s] Level 1:colcon.colcon_core.package_identification:_identify(/home/lorenzo/Two_Wheel/ros_foxy_ws/src) by extension 'ignore'
[0.686s] Level 1:colcon.colcon_core.package_identification:_identify(/home/lorenzo/Two_Wheel/ros_foxy_ws/src) by extension 'ignore_ament_install'
[0.686s] Level 1:colcon.colcon_core.package_identification:_identify(/home/lorenzo/Two_Wheel/ros_foxy_ws/src) by extensions ['colcon_pkg']
[0.687s] Level 1:colcon.colcon_core.package_identification:_identify(/home/lorenzo/Two_Wheel/ros_foxy_ws/src) by extension 'colcon_pkg'
[0.687s] Level 1:colcon.colcon_core.package_identification:_identify(/home/lorenzo/Two_Wheel/ros_foxy_ws/src) by extensions ['colcon_meta']
[0.687s] Level 1:colcon.colcon_core.package_identification:_identify(/home/lorenzo/Two_Wheel/ros_foxy_ws/src) by extension 'colcon_meta'
[0.688s] Level 1:colcon.colcon_core.package_identification:_identify(/home/lorenzo/Two_Wheel/ros_foxy_ws/src) by extensions ['ros']
[0.688s] Level 1:colcon.colcon_core.package_identification:_identify(/home/lorenzo/Two_Wheel/ros_foxy_ws/src) by extension 'ros'
[0.689s] Level 1:colcon.colcon_core.package_identification:_identify(/home/lorenzo/Two_Wheel/ros_foxy_ws/src) by extensions ['cmake', 'python']
[0.689s] Level 1:colcon.colcon_core.package_identification:_identify(/home/lorenzo/Two_Wheel/ros_foxy_ws/src) by extension 'cmake'
[0.689s] Level 1:colcon.colcon_core.package_identification:_identify(/home/lorenzo/Two_Wheel/ros_foxy_ws/src) by extension 'python'
[0.689s] Level 1:colcon.colcon_core.package_identification:_identify(/home/lorenzo/Two_Wheel/ros_foxy_ws/src) by extensions ['python_setup_py']
[0.689s] Level 1:colcon.colcon_core.package_identification:_identify(/home/lorenzo/Two_Wheel/ros_foxy_ws/src) by extension 'python_setup_py'
[0.690s] Level 1:colcon.colcon_core.package_identification:_identify(/home/lorenzo/Two_Wheel/ros_foxy_ws/src/two_wheel_control) by extensions ['ignore', 'ignore_ament_install']
[0.690s] Level 1:colcon.colcon_core.package_identification:_identify(/home/lorenzo/Two_Wheel/ros_foxy_ws/src/two_wheel_control) by extension 'ignore'
[0.690s] Level 1:colcon.colcon_core.package_identification:_identify(/home/lorenzo/Two_Wheel/ros_foxy_ws/src/two_wheel_control) by extension 'ignore_ament_install'
[0.690s] Level 1:colcon.colcon_core.package_identification:_identify(/home/lorenzo/Two_Wheel/ros_foxy_ws/src/two_wheel_control) by extensions ['colcon_pkg']
[0.691s] Level 1:colcon.colcon_core.package_identification:_identify(/home/lorenzo/Two_Wheel/ros_foxy_ws/src/two_wheel_control) by extension 'colcon_pkg'
[0.691s] Level 1:colcon.colcon_core.package_identification:_identify(/home/lorenzo/Two_Wheel/ros_foxy_ws/src/two_wheel_control) by extensions ['colcon_meta']
[0.691s] Level 1:colcon.colcon_core.package_identification:_identify(/home/lorenzo/Two_Wheel/ros_foxy_ws/src/two_wheel_control) by extension 'colcon_meta'
[0.691s] Level 1:colcon.colcon_core.package_identification:_identify(/home/lorenzo/Two_Wheel/ros_foxy_ws/src/two_wheel_control) by extensions ['ros']
[0.691s] Level 1:colcon.colcon_core.package_identification:_identify(/home/lorenzo/Two_Wheel/ros_foxy_ws/src/two_wheel_control) by extension 'ros'
[0.705s] DEBUG:colcon.colcon_core.package_identification:Package '/home/lorenzo/Two_Wheel/ros_foxy_ws/src/two_wheel_control' with type 'ros.ament_cmake' and name 'two_wheel_control'
[0.706s] Level 1:colcon.colcon_core.package_identification:_identify(/home/lorenzo/Two_Wheel/ros_foxy_ws/src/two_wheel_sim) by extensions ['ignore', 'ignore_ament_install']
[0.706s] Level 1:colcon.colcon_core.package_identification:_identify(/home/lorenzo/Two_Wheel/ros_foxy_ws/src/two_wheel_sim) by extension 'ignore'
[0.706s] Level 1:colcon.colcon_core.package_identification:_identify(/home/lorenzo/Two_Wheel/ros_foxy_ws/src/two_wheel_sim) by extension 'ignore_ament_install'
[0.706s] Level 1:colcon.colcon_core.package_identification:_identify(/home/lorenzo/Two_Wheel/ros_foxy_ws/src/two_wheel_sim) by extensions ['colcon_pkg']
[0.706s] Level 1:colcon.colcon_core.package_identification:_identify(/home/lorenzo/Two_Wheel/ros_foxy_ws/src/two_wheel_sim) by extension 'colcon_pkg'
[0.706s] Level 1:colcon.colcon_core.package_identification:_identify(/home/lorenzo/Two_Wheel/ros_foxy_ws/src/two_wheel_sim) by extensions ['colcon_meta']
[0.707s] Level 1:colcon.colcon_core.package_identification:_identify(/home/lorenzo/Two_Wheel/ros_foxy_ws/src/two_wheel_sim) by extension 'colcon_meta'
[0.707s] Level 1:colcon.colcon_core.package_identification:_identify(/home/lorenzo/Two_Wheel/ros_foxy_ws/src/two_wheel_sim) by extensions ['ros']
[0.707s] Level 1:colcon.colcon_core.package_identification:_identify(/home/lorenzo/Two_Wheel/ros_foxy_ws/src/two_wheel_sim) by extension 'ros'
[0.708s] DEBUG:colcon.colcon_core.package_identification:Package '/home/lorenzo/Two_Wheel/ros_foxy_ws/src/two_wheel_sim' with type 'ros.ament_cmake' and name 'two_wheel_sim'
[0.708s] Level 1:colcon.colcon_core.package_discovery:discover_packages(recursive) using defaults
