[0.235s] DEBUG:colcon:Command line arguments: ['/usr/bin/colcon', 'build']
[0.236s] DEBUG:colcon:Parsed command line arguments: Namespace(allow_overriding=[], ament_cmake_args=None, base_paths=['.'], build_base='build', catkin_cmake_args=None, catkin_skip_building_tests=False, cmake_args=None, cmake_clean_cache=False, cmake_clean_first=False, cmake_force_configure=False, cmake_target=None, cmake_target_skip_unavailable=False, continue_on_error=False, event_handlers=None, executor='parallel', ignore_user_meta=False, install_base='install', log_base=None, log_level=None, main=<bound method BuildVerb.main of <colcon_core.verb.build.BuildVerb object at 0x7fbe3c9fd9a0>>, merge_install=False, metas=['./colcon.meta'], packages_above=None, packages_above_and_dependencies=None, packages_above_depth=None, packages_end=None, packages_ignore=None, packages_ignore_regex=None, packages_select=None, packages_select_build_failed=False, packages_select_by_dep=None, packages_select_regex=None, packages_select_test_failures=False, packages_skip=None, packages_skip_build_finished=False, packages_skip_by_dep=None, packages_skip_regex=None, packages_skip_test_passed=False, packages_skip_up_to=None, packages_start=None, packages_up_to=None, packages_up_to_regex=None, parallel_workers=4, paths=None, symlink_install=False, test_result_base=None, verb_extension=<colcon_core.verb.build.BuildVerb object at 0x7fbe3c9fd9a0>, verb_name='build', verb_parser=<colcon_defaults.argument_parser.defaults.DefaultArgumentsDecorator object at 0x7fbe3c9fdf10>)
[0.272s] Level 1:colcon.colcon_core.package_discovery:discover_packages(colcon_meta) check parameters
[0.272s] Level 1:colcon.colcon_core.package_discovery:discover_packages(recursive) check parameters
[0.273s] Level 1:colcon.colcon_core.package_discovery:discover_packages(ignore) check parameters
[0.273s] Level 1:colcon.colcon_core.package_discovery:discover_packages(path) check parameters
[0.273s] Level 1:colcon.colcon_core.package_discovery:discover_packages(colcon_meta) discover
[0.273s] Level 1:colcon.colcon_core.package_discovery:discover_packages(recursive) discover
[0.273s] INFO:colcon.colcon_core.package_discovery:Crawling recursively for packages in '/home/lorenzo/Two_Wheel/ros_foxy_ws'
[0.273s] Level 1:colcon.colcon_core.package_identification:_identify(.) by extensions ['ignore', 'ignore_ament_install']
[0.273s] Level 1:colcon.colcon_core.package_identification:_identify(.) by extension 'ignore'
[0.273s] Level 1:colcon.colcon_core.package_identification:_identify(.) by extension 'ignore_ament_install'
[0.273s] Level 1:colcon.colcon_core.package_identification:_identify(.) by extensions ['colcon_pkg']
[0.273s] Level 1:colcon.colcon_core.package_identification:_identify(.) by extension 'colcon_pkg'
[0.273s] Level 1:colcon.colcon_core.package_identification:_identify(.) by extensions ['colcon_meta']
[0.273s] Level 1:colcon.colcon_core.package_identification:_identify(.) by extension 'colcon_meta'
[0.274s] Level 1:colcon.colcon_core.package_identification:_identify(.) by extensions ['ros']
[0.274s] Level 1:colcon.colcon_core.package_identification:_identify(.) by extension 'ros'
[0.300s] Level 1:colcon.colcon_core.package_identification:_identify(.) by extensions ['cmake', 'python']
[0.300s] Level 1:colcon.colcon_core.package_identification:_identify(.) by extension 'cmake'
[0.300s] Level 1:colcon.colcon_core.package_identification:_identify(.) by extension 'python'
[0.300s] Level 1:colcon.colcon_core.package_identification:_identify(.) by extensions ['python_setup_py']
[0.300s] Level 1:colcon.colcon_core.package_identification:_identify(.) by extension 'python_setup_py'
[0.300s] Level 1:colcon.colcon_core.package_identification:_identify(build) by extensions ['ignore', 'ignore_ament_install']
[0.300s] Level 1:colcon.colcon_core.package_identification:_identify(build) by extension 'ignore'
[0.301s] Level 1:colcon.colcon_core.package_identification:_identify(build) ignored
[0.301s] Level 1:colcon.colcon_core.package_identification:_identify(install) by extensions ['ignore', 'ignore_ament_install']
[0.301s] Level 1:colcon.colcon_core.package_identification:_identify(install) by extension 'ignore'
[0.301s] Level 1:colcon.colcon_core.package_identification:_identify(install) ignored
[0.301s] Level 1:colcon.colcon_core.package_identification:_identify(log) by extensions ['ignore', 'ignore_ament_install']
[0.301s] Level 1:colcon.colcon_core.package_identification:_identify(log) by extension 'ignore'
[0.301s] Level 1:colcon.colcon_core.package_identification:_identify(log) ignored
[0.302s] Level 1:colcon.colcon_core.package_identification:_identify(src) by extensions ['ignore', 'ignore_ament_install']
[0.302s] Level 1:colcon.colcon_core.package_identification:_identify(src) by extension 'ignore'
[0.302s] Level 1:colcon.colcon_core.package_identification:_identify(src) by extension 'ignore_ament_install'
[0.302s] Level 1:colcon.colcon_core.package_identification:_identify(src) by extensions ['colcon_pkg']
[0.302s] Level 1:colcon.colcon_core.package_identification:_identify(src) by extension 'colcon_pkg'
[0.302s] Level 1:colcon.colcon_core.package_identification:_identify(src) by extensions ['colcon_meta']
[0.302s] Level 1:colcon.colcon_core.package_identification:_identify(src) by extension 'colcon_meta'
[0.302s] Level 1:colcon.colcon_core.package_identification:_identify(src) by extensions ['ros']
[0.302s] Level 1:colcon.colcon_core.package_identification:_identify(src) by extension 'ros'
[0.302s] Level 1:colcon.colcon_core.package_identification:_identify(src) by extensions ['cmake', 'python']
[0.302s] Level 1:colcon.colcon_core.package_identification:_identify(src) by extension 'cmake'
[0.302s] Level 1:colcon.colcon_core.package_identification:_identify(src) by extension 'python'
[0.302s] Level 1:colcon.colcon_core.package_identification:_identify(src) by extensions ['python_setup_py']
[0.302s] Level 1:colcon.colcon_core.package_identification:_identify(src) by extension 'python_setup_py'
[0.303s] Level 1:colcon.colcon_core.package_identification:_identify(src/two_wheel_control) by extensions ['ignore', 'ignore_ament_install']
[0.303s] Level 1:colcon.colcon_core.package_identification:_identify(src/two_wheel_control) by extension 'ignore'
[0.303s] Level 1:colcon.colcon_core.package_identification:_identify(src/two_wheel_control) by extension 'ignore_ament_install'
[0.303s] Level 1:colcon.colcon_core.package_identification:_identify(src/two_wheel_control) by extensions ['colcon_pkg']
[0.303s] Level 1:colcon.colcon_core.package_identification:_identify(src/two_wheel_control) by extension 'colcon_pkg'
[0.303s] Level 1:colcon.colcon_core.package_identification:_identify(src/two_wheel_control) by extensions ['colcon_meta']
[0.303s] Level 1:colcon.colcon_core.package_identification:_identify(src/two_wheel_control) by extension 'colcon_meta'
[0.303s] Level 1:colcon.colcon_core.package_identification:_identify(src/two_wheel_control) by extensions ['ros']
[0.303s] Level 1:colcon.colcon_core.package_identification:_identify(src/two_wheel_control) by extension 'ros'
[0.307s] DEBUG:colcon.colcon_core.package_identification:Package 'src/two_wheel_control' with type 'ros.ament_cmake' and name 'two_wheel_control'
[0.307s] Level 1:colcon.colcon_core.package_identification:_identify(src/two_wheel_sim) by extensions ['ignore', 'ignore_ament_install']
[0.307s] Level 1:colcon.colcon_core.package_identification:_identify(src/two_wheel_sim) by extension 'ignore'
[0.307s] Level 1:colcon.colcon_core.package_identification:_identify(src/two_wheel_sim) by extension 'ignore_ament_install'
[0.307s] Level 1:colcon.colcon_core.package_identification:_identify(src/two_wheel_sim) by extensions ['colcon_pkg']
[0.307s] Level 1:colcon.colcon_core.package_identification:_identify(src/two_wheel_sim) by extension 'colcon_pkg'
[0.307s] Level 1:colcon.colcon_core.package_identification:_identify(src/two_wheel_sim) by extensions ['colcon_meta']
[0.307s] Level 1:colcon.colcon_core.package_identification:_identify(src/two_wheel_sim) by extension 'colcon_meta'
[0.308s] Level 1:colcon.colcon_core.package_identification:_identify(src/two_wheel_sim) by extensions ['ros']
[0.308s] Level 1:colcon.colcon_core.package_identification:_identify(src/two_wheel_sim) by extension 'ros'
[0.308s] DEBUG:colcon.colcon_core.package_identification:Package 'src/two_wheel_sim' with type 'ros.ament_cmake' and name 'two_wheel_sim'
[0.308s] Level 1:colcon.colcon_core.package_discovery:discover_packages(recursive) using defaults
[0.308s] Level 1:colcon.colcon_core.package_discovery:discover_packages(ignore) discover
[0.308s] Level 1:colcon.colcon_core.package_discovery:discover_packages(ignore) using defaults
[0.308s] Level 1:colcon.colcon_core.package_discovery:discover_packages(path) discover
[0.308s] Level 1:colcon.colcon_core.package_discovery:discover_packages(path) using defaults
[0.340s] Level 1:colcon.colcon_core.package_discovery:discover_packages(prefix_path) check parameters
[0.340s] Level 1:colcon.colcon_core.package_discovery:discover_packages(prefix_path) discover
[0.342s] WARNING:colcon.colcon_ros.prefix_path.ament:The path '/home/lorenzo/Two_Wheel/ros_foxy_ws/install/Two_Wheel_sim' in the environment variable AMENT_PREFIX_PATH doesn't exist
[0.343s] WARNING:colcon.colcon_ros.prefix_path.catkin:The path '/home/lorenzo/Two_Wheel/ros_foxy_ws/install/Two_Wheel_sim' in the environment variable CMAKE_PREFIX_PATH doesn't exist
[0.346s] DEBUG:colcon.colcon_installed_package_information.package_discovery:Found 1 installed packages in /home/lorenzo/Two_Wheel/ros_foxy_ws/install
[0.349s] DEBUG:colcon.colcon_installed_package_information.package_discovery:Found 270 installed packages in /opt/ros/foxy
[0.351s] Level 1:colcon.colcon_core.package_discovery:discover_packages(prefix_path) using defaults
[0.454s] Level 5:colcon.colcon_core.verb:set package 'two_wheel_control' build argument 'cmake_args' from command line to 'None'
[0.454s] Level 5:colcon.colcon_core.verb:set package 'two_wheel_control' build argument 'cmake_target' from command line to 'None'
[0.454s] Level 5:colcon.colcon_core.verb:set package 'two_wheel_control' build argument 'cmake_target_skip_unavailable' from command line to 'False'
[0.454s] Level 5:colcon.colcon_core.verb:set package 'two_wheel_control' build argument 'cmake_clean_cache' from command line to 'False'
[0.454s] Level 5:colcon.colcon_core.verb:set package 'two_wheel_control' build argument 'cmake_clean_first' from command line to 'False'
[0.454s] Level 5:colcon.colcon_core.verb:set package 'two_wheel_control' build argument 'cmake_force_configure' from command line to 'False'
[0.454s] Level 5:colcon.colcon_core.verb:set package 'two_wheel_control' build argument 'ament_cmake_args' from command line to 'None'
[0.454s] Level 5:colcon.colcon_core.verb:set package 'two_wheel_control' build argument 'catkin_cmake_args' from command line to 'None'
[0.454s] Level 5:colcon.colcon_core.verb:set package 'two_wheel_control' build argument 'catkin_skip_building_tests' from command line to 'False'
[0.455s] DEBUG:colcon.colcon_core.verb:Building package 'two_wheel_control' with the following arguments: {'ament_cmake_args': None, 'build_base': '/home/lorenzo/Two_Wheel/ros_foxy_ws/build/two_wheel_control', 'catkin_cmake_args': None, 'catkin_skip_building_tests': False, 'cmake_args': None, 'cmake_clean_cache': False, 'cmake_clean_first': False, 'cmake_force_configure': False, 'cmake_target': None, 'cmake_target_skip_unavailable': False, 'install_base': '/home/lorenzo/Two_Wheel/ros_foxy_ws/install/two_wheel_control', 'merge_install': False, 'path': '/home/lorenzo/Two_Wheel/ros_foxy_ws/src/two_wheel_control', 'symlink_install': False, 'test_result_base': None}
[0.457s] Level 5:colcon.colcon_core.verb:set package 'two_wheel_sim' build argument 'cmake_args' from command line to 'None'
[0.457s] Level 5:colcon.colcon_core.verb:set package 'two_wheel_sim' build argument 'cmake_target' from command line to 'None'
[0.457s] Level 5:colcon.colcon_core.verb:set package 'two_wheel_sim' build argument 'cmake_target_skip_unavailable' from command line to 'False'
[0.457s] Level 5:colcon.colcon_core.verb:set package 'two_wheel_sim' build argument 'cmake_clean_cache' from command line to 'False'
[0.457s] Level 5:colcon.colcon_core.verb:set package 'two_wheel_sim' build argument 'cmake_clean_first' from command line to 'False'
[0.457s] Level 5:colcon.colcon_core.verb:set package 'two_wheel_sim' build argument 'cmake_force_configure' from command line to 'False'
[0.457s] Level 5:colcon.colcon_core.verb:set package 'two_wheel_sim' build argument 'ament_cmake_args' from command line to 'None'
[0.457s] Level 5:colcon.colcon_core.verb:set package 'two_wheel_sim' build argument 'catkin_cmake_args' from command line to 'None'
[0.457s] Level 5:colcon.colcon_core.verb:set package 'two_wheel_sim' build argument 'catkin_skip_building_tests' from command line to 'False'
[0.457s] DEBUG:colcon.colcon_core.verb:Building package 'two_wheel_sim' with the following arguments: {'ament_cmake_args': None, 'build_base': '/home/lorenzo/Two_Wheel/ros_foxy_ws/build/two_wheel_sim', 'catkin_cmake_args': None, 'catkin_skip_building_tests': False, 'cmake_args': None, 'cmake_clean_cache': False, 'cmake_clean_first': False, 'cmake_force_configure': False, 'cmake_target': None, 'cmake_target_skip_unavailable': False, 'install_base': '/home/lorenzo/Two_Wheel/ros_foxy_ws/install/two_wheel_sim', 'merge_install': False, 'path': '/home/lorenzo/Two_Wheel/ros_foxy_ws/src/two_wheel_sim', 'symlink_install': False, 'test_result_base': None}
[0.459s] INFO:colcon.colcon_core.executor:Executing jobs using 'parallel' executor
[0.468s] DEBUG:colcon.colcon_parallel_executor.executor.parallel:run_until_complete
[0.469s] INFO:colcon.colcon_ros.task.ament_cmake.build:Building ROS package in '/home/lorenzo/Two_Wheel/ros_foxy_ws/src/two_wheel_control' with build type 'ament_cmake'
[0.469s] INFO:colcon.colcon_cmake.task.cmake.build:Building CMake package in '/home/lorenzo/Two_Wheel/ros_foxy_ws/src/two_wheel_control'
[0.479s] INFO:colcon.colcon_core.plugin_system:Skipping extension 'colcon_core.shell.bat': Not used on non-Windows systems
[0.479s] INFO:colcon.colcon_core.shell:Skip shell extension 'powershell' for command environment: Not usable outside of PowerShell
[0.479s] DEBUG:colcon.colcon_core.shell:Skip shell extension 'dsv' for command environment
[0.490s] INFO:colcon.colcon_ros.task.ament_cmake.build:Building ROS package in '/home/lorenzo/Two_Wheel/ros_foxy_ws/src/two_wheel_sim' with build type 'ament_cmake'
[0.490s] INFO:colcon.colcon_cmake.task.cmake.build:Building CMake package in '/home/lorenzo/Two_Wheel/ros_foxy_ws/src/two_wheel_sim'
[0.495s] INFO:colcon.colcon_core.shell:Skip shell extension 'powershell' for command environment: Not usable outside of PowerShell
[0.496s] DEBUG:colcon.colcon_core.shell:Skip shell extension 'dsv' for command environment
[0.512s] DEBUG:colcon.colcon_core.event_handler.log_command:Invoking command in '/home/lorenzo/Two_Wheel/ros_foxy_ws/build/two_wheel_control': CMAKE_PREFIX_PATH=${CMAKE_PREFIX_PATH}:/opt/ros/foxy /usr/bin/cmake /home/lorenzo/Two_Wheel/ros_foxy_ws/src/two_wheel_control -DCMAKE_INSTALL_PREFIX=/home/lorenzo/Two_Wheel/ros_foxy_ws/install/two_wheel_control
[0.527s] DEBUG:colcon.colcon_core.event_handler.log_command:Invoking command in '/home/lorenzo/Two_Wheel/ros_foxy_ws/build/two_wheel_sim': CMAKE_PREFIX_PATH=${CMAKE_PREFIX_PATH}:/opt/ros/foxy /usr/bin/cmake --build /home/lorenzo/Two_Wheel/ros_foxy_ws/build/two_wheel_sim -- -j4 -l4
[0.584s] DEBUG:colcon.colcon_core.event_handler.log_command:Invoked command in '/home/lorenzo/Two_Wheel/ros_foxy_ws/build/two_wheel_sim' returned '0': CMAKE_PREFIX_PATH=${CMAKE_PREFIX_PATH}:/opt/ros/foxy /usr/bin/cmake --build /home/lorenzo/Two_Wheel/ros_foxy_ws/build/two_wheel_sim -- -j4 -l4
[0.631s] DEBUG:colcon.colcon_core.event_handler.log_command:Invoking command in '/home/lorenzo/Two_Wheel/ros_foxy_ws/build/two_wheel_sim': CMAKE_PREFIX_PATH=${CMAKE_PREFIX_PATH}:/opt/ros/foxy /usr/bin/cmake --install /home/lorenzo/Two_Wheel/ros_foxy_ws/build/two_wheel_sim
[0.646s] Level 1:colcon.colcon_core.environment:create_environment_scripts_only(two_wheel_sim)
[0.647s] DEBUG:colcon.colcon_core.event_handler.log_command:Invoked command in '/home/lorenzo/Two_Wheel/ros_foxy_ws/build/two_wheel_sim' returned '0': CMAKE_PREFIX_PATH=${CMAKE_PREFIX_PATH}:/opt/ros/foxy /usr/bin/cmake --install /home/lorenzo/Two_Wheel/ros_foxy_ws/build/two_wheel_sim
[0.660s] Level 1:colcon.colcon_core.environment:checking '/home/lorenzo/Two_Wheel/ros_foxy_ws/install/two_wheel_sim' for CMake module files
[0.662s] Level 1:colcon.colcon_core.environment:checking '/home/lorenzo/Two_Wheel/ros_foxy_ws/install/two_wheel_sim' for CMake config files
[0.662s] Level 1:colcon.colcon_core.shell:create_environment_hook('two_wheel_sim', 'cmake_prefix_path')
[0.668s] INFO:colcon.colcon_core.shell:Creating environment hook '/home/lorenzo/Two_Wheel/ros_foxy_ws/install/two_wheel_sim/share/two_wheel_sim/hook/cmake_prefix_path.ps1'
[0.671s] INFO:colcon.colcon_core.shell:Creating environment descriptor '/home/lorenzo/Two_Wheel/ros_foxy_ws/install/two_wheel_sim/share/two_wheel_sim/hook/cmake_prefix_path.dsv'
[0.672s] INFO:colcon.colcon_core.shell:Creating environment hook '/home/lorenzo/Two_Wheel/ros_foxy_ws/install/two_wheel_sim/share/two_wheel_sim/hook/cmake_prefix_path.sh'
[0.674s] Level 1:colcon.colcon_core.environment:checking '/home/lorenzo/Two_Wheel/ros_foxy_ws/install/two_wheel_sim/bin'
[0.675s] Level 1:colcon.colcon_core.environment:checking '/home/lorenzo/Two_Wheel/ros_foxy_ws/install/two_wheel_sim/lib/pkgconfig/two_wheel_sim.pc'
[0.675s] Level 1:colcon.colcon_core.environment:checking '/home/lorenzo/Two_Wheel/ros_foxy_ws/install/two_wheel_sim/lib/python3.8/site-packages'
[0.676s] Level 1:colcon.colcon_core.environment:checking '/home/lorenzo/Two_Wheel/ros_foxy_ws/install/two_wheel_sim/bin'
[0.682s] INFO:colcon.colcon_core.shell:Creating package script '/home/lorenzo/Two_Wheel/ros_foxy_ws/install/two_wheel_sim/share/two_wheel_sim/package.ps1'
[0.685s] INFO:colcon.colcon_core.shell:Creating package descriptor '/home/lorenzo/Two_Wheel/ros_foxy_ws/install/two_wheel_sim/share/two_wheel_sim/package.dsv'
[0.686s] INFO:colcon.colcon_core.shell:Creating package script '/home/lorenzo/Two_Wheel/ros_foxy_ws/install/two_wheel_sim/share/two_wheel_sim/package.sh'
[0.687s] INFO:colcon.colcon_core.shell:Creating package script '/home/lorenzo/Two_Wheel/ros_foxy_ws/install/two_wheel_sim/share/two_wheel_sim/package.bash'
[0.689s] INFO:colcon.colcon_core.shell:Creating package script '/home/lorenzo/Two_Wheel/ros_foxy_ws/install/two_wheel_sim/share/two_wheel_sim/package.zsh'
[0.690s] Level 1:colcon.colcon_core.environment:create_file_with_runtime_dependencies(/home/lorenzo/Two_Wheel/ros_foxy_ws/install/two_wheel_sim/share/colcon-core/packages/two_wheel_sim)
[0.738s] Level 1:colcon.colcon_core.environment:create_environment_scripts_only(two_wheel_sim)
[0.748s] Level 1:colcon.colcon_core.environment:checking '/home/lorenzo/Two_Wheel/ros_foxy_ws/install/two_wheel_sim' for CMake module files
[0.750s] Level 1:colcon.colcon_core.environment:checking '/home/lorenzo/Two_Wheel/ros_foxy_ws/install/two_wheel_sim' for CMake config files
[0.750s] Level 1:colcon.colcon_core.shell:create_environment_hook('two_wheel_sim', 'cmake_prefix_path')
[0.754s] INFO:colcon.colcon_core.shell:Creating environment hook '/home/lorenzo/Two_Wheel/ros_foxy_ws/install/two_wheel_sim/share/two_wheel_sim/hook/cmake_prefix_path.ps1'
[0.755s] INFO:colcon.colcon_core.shell:Creating environment descriptor '/home/lorenzo/Two_Wheel/ros_foxy_ws/install/two_wheel_sim/share/two_wheel_sim/hook/cmake_prefix_path.dsv'
[0.756s] INFO:colcon.colcon_core.shell:Creating environment hook '/home/lorenzo/Two_Wheel/ros_foxy_ws/install/two_wheel_sim/share/two_wheel_sim/hook/cmake_prefix_path.sh'
[0.757s] Level 1:colcon.colcon_core.environment:checking '/home/lorenzo/Two_Wheel/ros_foxy_ws/install/two_wheel_sim/bin'
[0.757s] Level 1:colcon.colcon_core.environment:checking '/home/lorenzo/Two_Wheel/ros_foxy_ws/install/two_wheel_sim/lib/pkgconfig/two_wheel_sim.pc'
[0.757s] Level 1:colcon.colcon_core.environment:checking '/home/lorenzo/Two_Wheel/ros_foxy_ws/install/two_wheel_sim/lib/python3.8/site-packages'
[0.758s] Level 1:colcon.colcon_core.environment:checking '/home/lorenzo/Two_Wheel/ros_foxy_ws/install/two_wheel_sim/bin'
[0.761s] INFO:colcon.colcon_core.shell:Creating package script '/home/lorenzo/Two_Wheel/ros_foxy_ws/install/two_wheel_sim/share/two_wheel_sim/package.ps1'
[0.763s] INFO:colcon.colcon_core.shell:Creating package descriptor '/home/lorenzo/Two_Wheel/ros_foxy_ws/install/two_wheel_sim/share/two_wheel_sim/package.dsv'
[0.764s] INFO:colcon.colcon_core.shell:Creating package script '/home/lorenzo/Two_Wheel/ros_foxy_ws/install/two_wheel_sim/share/two_wheel_sim/package.sh'
[0.765s] INFO:colcon.colcon_core.shell:Creating package script '/home/lorenzo/Two_Wheel/ros_foxy_ws/install/two_wheel_sim/share/two_wheel_sim/package.bash'
[0.766s] INFO:colcon.colcon_core.shell:Creating package script '/home/lorenzo/Two_Wheel/ros_foxy_ws/install/two_wheel_sim/share/two_wheel_sim/package.zsh'
[0.767s] Level 1:colcon.colcon_core.environment:create_file_with_runtime_dependencies(/home/lorenzo/Two_Wheel/ros_foxy_ws/install/two_wheel_sim/share/colcon-core/packages/two_wheel_sim)
[1.813s] DEBUG:colcon.colcon_core.event_handler.log_command:Invoked command in '/home/lorenzo/Two_Wheel/ros_foxy_ws/build/two_wheel_control' returned '1': CMAKE_PREFIX_PATH=${CMAKE_PREFIX_PATH}:/opt/ros/foxy /usr/bin/cmake /home/lorenzo/Two_Wheel/ros_foxy_ws/src/two_wheel_control -DCMAKE_INSTALL_PREFIX=/home/lorenzo/Two_Wheel/ros_foxy_ws/install/two_wheel_control
[1.832s] Level 1:colcon.colcon_core.environment:create_environment_scripts_only(two_wheel_control)
[1.837s] Level 1:colcon.colcon_core.environment:checking '/home/lorenzo/Two_Wheel/ros_foxy_ws/install/two_wheel_control' for CMake module files
[1.837s] Level 1:colcon.colcon_core.environment:checking '/home/lorenzo/Two_Wheel/ros_foxy_ws/install/two_wheel_control' for CMake config files
[1.838s] Level 1:colcon.colcon_core.environment:checking '/home/lorenzo/Two_Wheel/ros_foxy_ws/install/two_wheel_control/bin'
[1.838s] Level 1:colcon.colcon_core.environment:checking '/home/lorenzo/Two_Wheel/ros_foxy_ws/install/two_wheel_control/lib/pkgconfig/two_wheel_control.pc'
[1.838s] Level 1:colcon.colcon_core.environment:checking '/home/lorenzo/Two_Wheel/ros_foxy_ws/install/two_wheel_control/lib/python3.8/site-packages'
[1.838s] Level 1:colcon.colcon_core.environment:checking '/home/lorenzo/Two_Wheel/ros_foxy_ws/install/two_wheel_control/bin'
[1.841s] INFO:colcon.colcon_core.shell:Creating package script '/home/lorenzo/Two_Wheel/ros_foxy_ws/install/two_wheel_control/share/two_wheel_control/package.ps1'
[1.843s] INFO:colcon.colcon_core.shell:Creating package descriptor '/home/lorenzo/Two_Wheel/ros_foxy_ws/install/two_wheel_control/share/two_wheel_control/package.dsv'
[1.843s] INFO:colcon.colcon_core.shell:Creating package script '/home/lorenzo/Two_Wheel/ros_foxy_ws/install/two_wheel_control/share/two_wheel_control/package.sh'
[1.844s] INFO:colcon.colcon_core.shell:Creating package script '/home/lorenzo/Two_Wheel/ros_foxy_ws/install/two_wheel_control/share/two_wheel_control/package.bash'
[1.844s] INFO:colcon.colcon_core.shell:Creating package script '/home/lorenzo/Two_Wheel/ros_foxy_ws/install/two_wheel_control/share/two_wheel_control/package.zsh'
[1.844s] Level 1:colcon.colcon_core.environment:create_file_with_runtime_dependencies(/home/lorenzo/Two_Wheel/ros_foxy_ws/install/two_wheel_control/share/colcon-core/packages/two_wheel_control)
[1.855s] DEBUG:colcon.colcon_parallel_executor.executor.parallel:closing loop
[1.856s] DEBUG:colcon.colcon_parallel_executor.executor.parallel:loop closed
[1.856s] DEBUG:colcon.colcon_parallel_executor.executor.parallel:run_until_complete finished with '1'
[1.856s] DEBUG:colcon.colcon_core.event_reactor:joining thread
[1.871s] INFO:colcon.colcon_core.plugin_system:Skipping extension 'colcon_notification.desktop_notification.terminal_notifier': Not used on non-Darwin systems
[1.871s] INFO:colcon.colcon_core.plugin_system:Skipping extension 'colcon_notification.desktop_notification.win32': Not used on non-Windows systems
[1.871s] INFO:colcon.colcon_notification.desktop_notification:Sending desktop notification using 'notify2'
[1.893s] DEBUG:colcon.colcon_core.event_reactor:joined thread
[1.897s] INFO:colcon.colcon_core.shell:Creating prefix script '/home/lorenzo/Two_Wheel/ros_foxy_ws/install/local_setup.ps1'
[1.898s] INFO:colcon.colcon_core.shell:Creating prefix util module '/home/lorenzo/Two_Wheel/ros_foxy_ws/install/_local_setup_util_ps1.py'
[1.901s] INFO:colcon.colcon_core.shell:Creating prefix chain script '/home/lorenzo/Two_Wheel/ros_foxy_ws/install/setup.ps1'
[1.904s] INFO:colcon.colcon_core.shell:Creating prefix script '/home/lorenzo/Two_Wheel/ros_foxy_ws/install/local_setup.sh'
[1.905s] INFO:colcon.colcon_core.shell:Creating prefix util module '/home/lorenzo/Two_Wheel/ros_foxy_ws/install/_local_setup_util_sh.py'
[1.906s] INFO:colcon.colcon_core.shell:Creating prefix chain script '/home/lorenzo/Two_Wheel/ros_foxy_ws/install/setup.sh'
[1.908s] INFO:colcon.colcon_core.shell:Creating prefix script '/home/lorenzo/Two_Wheel/ros_foxy_ws/install/local_setup.bash'
[1.909s] INFO:colcon.colcon_core.shell:Creating prefix chain script '/home/lorenzo/Two_Wheel/ros_foxy_ws/install/setup.bash'
[1.912s] INFO:colcon.colcon_core.shell:Creating prefix script '/home/lorenzo/Two_Wheel/ros_foxy_ws/install/local_setup.zsh'
[1.912s] INFO:colcon.colcon_core.shell:Creating prefix chain script '/home/lorenzo/Two_Wheel/ros_foxy_ws/install/setup.zsh'
