[0.026s] Invoking command in '/home/lorenzo/Two_Wheel/ros_foxy_ws/build/two_wheel_control_msgs': CMAKE_PREFIX_PATH=${CMAKE_PREFIX_PATH}:/opt/ros/foxy /usr/bin/cmake --build /home/lorenzo/Two_Wheel/ros_foxy_ws/build/two_wheel_control_msgs -- -j4 -l4
[0.063s] -- Found ament_cmake: 0.9.9 (/opt/ros/foxy/share/ament_cmake/cmake)
[0.091s] -- Using PYTHON_EXECUTABLE: /usr/bin/python3
[0.379s] -- Found rosidl_default_generators: 1.0.1 (/opt/ros/foxy/share/rosidl_default_generators/cmake)
[0.382s] -- Using all available rosidl_typesupport_c: rosidl_typesupport_fastrtps_c;rosidl_typesupport_introspection_c
[0.387s] -- Found rosidl_adapter: 1.2.1 (/opt/ros/foxy/share/rosidl_adapter/cmake)
[0.572s] -- Using all available rosidl_typesupport_cpp: rosidl_typesupport_fastrtps_cpp;rosidl_typesupport_introspection_cpp
[0.648s] -- Found PythonInterp: /usr/bin/python3 (found version "3.8.10") 
[0.809s] -- Found ament_cmake_ros: 0.9.2 (/opt/ros/foxy/share/ament_cmake_ros/cmake)
[0.933s] -- Using all available rosidl_typesupport_c: rosidl_typesupport_fastrtps_c;rosidl_typesupport_introspection_c
[0.945s] -- Using all available rosidl_typesupport_cpp: rosidl_typesupport_fastrtps_cpp;rosidl_typesupport_introspection_cpp
[0.978s] -- Found PythonInterp: /usr/bin/python3 (found suitable version "3.8.10", minimum required is "3.5") 
[0.981s] -- Found python_cmake_module: 0.8.1 (/opt/ros/foxy/share/python_cmake_module/cmake)
[1.023s] -- Found PythonLibs: /usr/lib/x86_64-linux-gnu/libpython3.8.so (found suitable version "3.8.10", minimum required is "3.5") 
[1.024s] -- Using PYTHON_EXECUTABLE: /usr/bin/python3
[1.024s] -- Using PYTHON_INCLUDE_DIRS: /usr/include/python3.8
[1.024s] -- Using PYTHON_LIBRARIES: /usr/lib/x86_64-linux-gnu/libpython3.8.so
[1.052s] -- Found PythonExtra: .so  
[1.108s] -- Found ament_lint_auto: 0.9.6 (/opt/ros/foxy/share/ament_lint_auto/cmake)
[1.130s] -- Added test 'copyright' to check source files copyright and LICENSE
[1.132s] -- Added test 'lint_cmake' to check CMake code style
[1.134s] -- Added test 'xmllint' to check XML markup files
[1.140s] -- Configuring done
[1.194s] -- Generating done
[1.203s] -- Build files have been written to: /home/lorenzo/Two_Wheel/ros_foxy_ws/build/two_wheel_control_msgs
[1.238s] [35m[1mScanning dependencies of target two_wheel_control_msgs__cpp[0m
[1.243s] [  3%] [34m[1mGenerating C code for ROS interfaces[0m
[1.254s] [  6%] [34m[1mGenerating C++ code for ROS interfaces[0m
[1.923s] [  6%] Built target two_wheel_control_msgs__cpp
[1.940s] [35m[1mScanning dependencies of target two_wheel_control_msgs__rosidl_generator_c[0m
[1.942s] [ 12%] [34m[1mGenerating C++ introspection for ROS interfaces[0m
[1.942s] [ 12%] [34m[1mGenerating C++ type support dispatch for ROS interfaces[0m
[1.944s] [ 16%] [34m[1mGenerating C++ type support for eProsima Fast-RTPS[0m
[1.970s] [ 19%] [32mBuilding C object CMakeFiles/two_wheel_control_msgs__rosidl_generator_c.dir/rosidl_generator_c/two_wheel_control_msgs/msg/detail/command__functions.c.o[0m
[2.057s] [ 22%] [32m[1mLinking C shared library libtwo_wheel_control_msgs__rosidl_generator_c.so[0m
[2.210s] [ 22%] Built target two_wheel_control_msgs__rosidl_generator_c
[2.294s] [ 25%] [34m[1mGenerating C introspection for ROS interfaces[0m
[2.634s] [35m[1mScanning dependencies of target two_wheel_control_msgs__rosidl_typesupport_cpp[0m
[2.648s] [35m[1mScanning dependencies of target two_wheel_control_msgs__rosidl_typesupport_fastrtps_cpp[0m
[2.676s] [35m[1mScanning dependencies of target two_wheel_control_msgs__rosidl_typesupport_introspection_cpp[0m
[2.682s] [ 29%] [32mBuilding CXX object CMakeFiles/two_wheel_control_msgs__rosidl_typesupport_cpp.dir/rosidl_typesupport_cpp/two_wheel_control_msgs/msg/command__type_support.cpp.o[0m
[2.701s] [ 32%] [32mBuilding CXX object CMakeFiles/two_wheel_control_msgs__rosidl_typesupport_fastrtps_cpp.dir/rosidl_typesupport_fastrtps_cpp/two_wheel_control_msgs/msg/detail/dds_fastrtps/command__type_support.cpp.o[0m
[2.708s] [ 35%] [32mBuilding CXX object CMakeFiles/two_wheel_control_msgs__rosidl_typesupport_introspection_cpp.dir/rosidl_typesupport_introspection_cpp/two_wheel_control_msgs/msg/detail/command__type_support.cpp.o[0m
[3.101s] [35m[1mScanning dependencies of target two_wheel_control_msgs__rosidl_typesupport_introspection_c[0m
[3.185s] [ 38%] [32mBuilding C object CMakeFiles/two_wheel_control_msgs__rosidl_typesupport_introspection_c.dir/rosidl_typesupport_introspection_c/two_wheel_control_msgs/msg/detail/command__type_support.c.o[0m
[3.373s] [ 41%] [32m[1mLinking C shared library libtwo_wheel_control_msgs__rosidl_typesupport_introspection_c.so[0m
[3.460s] [ 45%] [32m[1mLinking CXX shared library libtwo_wheel_control_msgs__rosidl_typesupport_cpp.so[0m
[3.493s] [ 45%] Built target two_wheel_control_msgs__rosidl_typesupport_introspection_c
[3.521s] [ 48%] [34m[1mGenerating C type support dispatch for ROS interfaces[0m
[3.606s] [ 48%] Built target two_wheel_control_msgs__rosidl_typesupport_cpp
[3.621s] [ 51%] [32m[1mLinking CXX shared library libtwo_wheel_control_msgs__rosidl_typesupport_introspection_cpp.so[0m
[3.773s] [ 51%] Built target two_wheel_control_msgs__rosidl_typesupport_introspection_cpp
[3.972s] [ 54%] [32m[1mLinking CXX shared library libtwo_wheel_control_msgs__rosidl_typesupport_fastrtps_cpp.so[0m
[4.082s] [35m[1mScanning dependencies of target two_wheel_control_msgs__rosidl_typesupport_c[0m
[4.107s] [ 58%] [32mBuilding CXX object CMakeFiles/two_wheel_control_msgs__rosidl_typesupport_c.dir/rosidl_typesupport_c/two_wheel_control_msgs/msg/command__type_support.cpp.o[0m
[4.167s] [ 61%] [32m[1mLinking CXX shared library libtwo_wheel_control_msgs__rosidl_typesupport_c.so[0m
[4.168s] [ 61%] Built target two_wheel_control_msgs__rosidl_typesupport_fastrtps_cpp
[4.186s] [ 64%] [34m[1mGenerating C type support for eProsima Fast-RTPS[0m
[4.248s] [ 64%] Built target two_wheel_control_msgs__rosidl_typesupport_c
[4.615s] [35m[1mScanning dependencies of target two_wheel_control_msgs__rosidl_typesupport_fastrtps_c[0m
[4.643s] [ 67%] [32mBuilding CXX object CMakeFiles/two_wheel_control_msgs__rosidl_typesupport_fastrtps_c.dir/rosidl_typesupport_fastrtps_c/two_wheel_control_msgs/msg/detail/command__type_support_c.cpp.o[0m
[5.167s] [ 70%] [32m[1mLinking CXX shared library libtwo_wheel_control_msgs__rosidl_typesupport_fastrtps_c.so[0m
[5.308s] [ 70%] Built target two_wheel_control_msgs__rosidl_typesupport_fastrtps_c
[5.326s] [35m[1mScanning dependencies of target two_wheel_control_msgs[0m
[5.343s] [ 70%] Built target two_wheel_control_msgs
[5.361s] [35m[1mScanning dependencies of target two_wheel_control_msgs__py[0m
[5.381s] [ 74%] [34m[1mGenerating Python code for ROS interfaces[0m
[6.267s] [ 74%] Built target two_wheel_control_msgs__py
[6.285s] [35m[1mScanning dependencies of target two_wheel_control_msgs__python[0m
[6.335s] [ 77%] [32mBuilding C object CMakeFiles/two_wheel_control_msgs__python.dir/rosidl_generator_py/two_wheel_control_msgs/msg/_command_s.c.o[0m
[6.506s] [ 80%] [32m[1mLinking C shared library rosidl_generator_py/two_wheel_control_msgs/libtwo_wheel_control_msgs__python.so[0m
[6.562s] [ 80%] Built target two_wheel_control_msgs__python
[6.581s] [35m[1mScanning dependencies of target two_wheel_control_msgs__rosidl_typesupport_introspection_c__pyext[0m
[6.581s] [35m[1mScanning dependencies of target two_wheel_control_msgs__rosidl_typesupport_fastrtps_c__pyext[0m
[6.584s] [35m[1mScanning dependencies of target two_wheel_control_msgs__rosidl_typesupport_c__pyext[0m
[6.632s] [ 83%] [32mBuilding C object CMakeFiles/two_wheel_control_msgs__rosidl_typesupport_fastrtps_c__pyext.dir/rosidl_generator_py/two_wheel_control_msgs/_two_wheel_control_msgs_s.ep.rosidl_typesupport_fastrtps_c.c.o[0m
[6.632s] [ 87%] [32mBuilding C object CMakeFiles/two_wheel_control_msgs__rosidl_typesupport_introspection_c__pyext.dir/rosidl_generator_py/two_wheel_control_msgs/_two_wheel_control_msgs_s.ep.rosidl_typesupport_introspection_c.c.o[0m
[6.637s] [ 90%] [32mBuilding C object CMakeFiles/two_wheel_control_msgs__rosidl_typesupport_c__pyext.dir/rosidl_generator_py/two_wheel_control_msgs/_two_wheel_control_msgs_s.ep.rosidl_typesupport_c.c.o[0m
[6.815s] [ 93%] [32m[1mLinking C shared library rosidl_generator_py/two_wheel_control_msgs/two_wheel_control_msgs_s__rosidl_typesupport_introspection_c.cpython-38-x86_64-linux-gnu.so[0m
[6.833s] [ 96%] [32m[1mLinking C shared library rosidl_generator_py/two_wheel_control_msgs/two_wheel_control_msgs_s__rosidl_typesupport_c.cpython-38-x86_64-linux-gnu.so[0m
[6.844s] [100%] [32m[1mLinking CXX shared library rosidl_generator_py/two_wheel_control_msgs/two_wheel_control_msgs_s__rosidl_typesupport_fastrtps_c.cpython-38-x86_64-linux-gnu.so[0m
[6.892s] [100%] Built target two_wheel_control_msgs__rosidl_typesupport_introspection_c__pyext
[6.902s] [100%] Built target two_wheel_control_msgs__rosidl_typesupport_c__pyext
[6.976s] [100%] Built target two_wheel_control_msgs__rosidl_typesupport_fastrtps_c__pyext
[6.992s] Invoked command in '/home/lorenzo/Two_Wheel/ros_foxy_ws/build/two_wheel_control_msgs' returned '0': CMAKE_PREFIX_PATH=${CMAKE_PREFIX_PATH}:/opt/ros/foxy /usr/bin/cmake --build /home/lorenzo/Two_Wheel/ros_foxy_ws/build/two_wheel_control_msgs -- -j4 -l4
[7.096s] Invoking command in '/home/lorenzo/Two_Wheel/ros_foxy_ws/build/two_wheel_control_msgs': CMAKE_PREFIX_PATH=${CMAKE_PREFIX_PATH}:/opt/ros/foxy /usr/bin/cmake --install /home/lorenzo/Two_Wheel/ros_foxy_ws/build/two_wheel_control_msgs
[7.110s] -- Install configuration: ""
[7.110s] -- Installing: /home/lorenzo/Two_Wheel/ros_foxy_ws/install/two_wheel_control_msgs/share/ament_index/resource_index/rosidl_interfaces/two_wheel_control_msgs
[7.110s] -- Installing: /home/lorenzo/Two_Wheel/ros_foxy_ws/install/two_wheel_control_msgs/include/two_wheel_control_msgs
[7.111s] -- Installing: /home/lorenzo/Two_Wheel/ros_foxy_ws/install/two_wheel_control_msgs/include/two_wheel_control_msgs/msg
[7.111s] -- Installing: /home/lorenzo/Two_Wheel/ros_foxy_ws/install/two_wheel_control_msgs/include/two_wheel_control_msgs/msg/command.h
[7.111s] -- Installing: /home/lorenzo/Two_Wheel/ros_foxy_ws/install/two_wheel_control_msgs/include/two_wheel_control_msgs/msg/rosidl_generator_c__visibility_control.h
[7.112s] -- Installing: /home/lorenzo/Two_Wheel/ros_foxy_ws/install/two_wheel_control_msgs/include/two_wheel_control_msgs/msg/detail
[7.112s] -- Installing: /home/lorenzo/Two_Wheel/ros_foxy_ws/install/two_wheel_control_msgs/include/two_wheel_control_msgs/msg/detail/command__functions.h
[7.112s] -- Installing: /home/lorenzo/Two_Wheel/ros_foxy_ws/install/two_wheel_control_msgs/include/two_wheel_control_msgs/msg/detail/command__functions.c
[7.113s] -- Installing: /home/lorenzo/Two_Wheel/ros_foxy_ws/install/two_wheel_control_msgs/include/two_wheel_control_msgs/msg/detail/command__type_support.h
[7.113s] -- Installing: /home/lorenzo/Two_Wheel/ros_foxy_ws/install/two_wheel_control_msgs/include/two_wheel_control_msgs/msg/detail/command__struct.h
[7.114s] -- Installing: /home/lorenzo/Two_Wheel/ros_foxy_ws/install/two_wheel_control_msgs/share/two_wheel_control_msgs/environment/library_path.sh
[7.117s] -- Installing: /home/lorenzo/Two_Wheel/ros_foxy_ws/install/two_wheel_control_msgs/share/two_wheel_control_msgs/environment/library_path.dsv
[7.118s] -- Installing: /home/lorenzo/Two_Wheel/ros_foxy_ws/install/two_wheel_control_msgs/lib/libtwo_wheel_control_msgs__rosidl_generator_c.so
[7.118s] -- Set runtime path of "/home/lorenzo/Two_Wheel/ros_foxy_ws/install/two_wheel_control_msgs/lib/libtwo_wheel_control_msgs__rosidl_generator_c.so" to ""
[7.119s] -- Up-to-date: /home/lorenzo/Two_Wheel/ros_foxy_ws/install/two_wheel_control_msgs/include/two_wheel_control_msgs
[7.119s] -- Up-to-date: /home/lorenzo/Two_Wheel/ros_foxy_ws/install/two_wheel_control_msgs/include/two_wheel_control_msgs/msg
[7.119s] -- Installing: /home/lorenzo/Two_Wheel/ros_foxy_ws/install/two_wheel_control_msgs/include/two_wheel_control_msgs/msg/rosidl_typesupport_fastrtps_c__visibility_control.h
[7.120s] -- Up-to-date: /home/lorenzo/Two_Wheel/ros_foxy_ws/install/two_wheel_control_msgs/include/two_wheel_control_msgs/msg/detail
[7.121s] -- Installing: /home/lorenzo/Two_Wheel/ros_foxy_ws/install/two_wheel_control_msgs/include/two_wheel_control_msgs/msg/detail/command__rosidl_typesupport_fastrtps_c.h
[7.121s] -- Installing: /home/lorenzo/Two_Wheel/ros_foxy_ws/install/two_wheel_control_msgs/lib/libtwo_wheel_control_msgs__rosidl_typesupport_fastrtps_c.so
[7.122s] -- Set runtime path of "/home/lorenzo/Two_Wheel/ros_foxy_ws/install/two_wheel_control_msgs/lib/libtwo_wheel_control_msgs__rosidl_typesupport_fastrtps_c.so" to ""
[7.122s] -- Up-to-date: /home/lorenzo/Two_Wheel/ros_foxy_ws/install/two_wheel_control_msgs/include/two_wheel_control_msgs
[7.122s] -- Up-to-date: /home/lorenzo/Two_Wheel/ros_foxy_ws/install/two_wheel_control_msgs/include/two_wheel_control_msgs/msg
[7.123s] -- Up-to-date: /home/lorenzo/Two_Wheel/ros_foxy_ws/install/two_wheel_control_msgs/include/two_wheel_control_msgs/msg/detail
[7.123s] -- Installing: /home/lorenzo/Two_Wheel/ros_foxy_ws/install/two_wheel_control_msgs/include/two_wheel_control_msgs/msg/detail/command__rosidl_typesupport_fastrtps_cpp.hpp
[7.123s] -- Installing: /home/lorenzo/Two_Wheel/ros_foxy_ws/install/two_wheel_control_msgs/include/two_wheel_control_msgs/msg/detail/dds_fastrtps
[7.124s] -- Installing: /home/lorenzo/Two_Wheel/ros_foxy_ws/install/two_wheel_control_msgs/include/two_wheel_control_msgs/msg/rosidl_typesupport_fastrtps_cpp__visibility_control.h
[7.124s] -- Installing: /home/lorenzo/Two_Wheel/ros_foxy_ws/install/two_wheel_control_msgs/lib/libtwo_wheel_control_msgs__rosidl_typesupport_fastrtps_cpp.so
[7.125s] -- Set runtime path of "/home/lorenzo/Two_Wheel/ros_foxy_ws/install/two_wheel_control_msgs/lib/libtwo_wheel_control_msgs__rosidl_typesupport_fastrtps_cpp.so" to ""
[7.125s] -- Up-to-date: /home/lorenzo/Two_Wheel/ros_foxy_ws/install/two_wheel_control_msgs/include/two_wheel_control_msgs
[7.125s] -- Up-to-date: /home/lorenzo/Two_Wheel/ros_foxy_ws/install/two_wheel_control_msgs/include/two_wheel_control_msgs/msg
[7.126s] -- Installing: /home/lorenzo/Two_Wheel/ros_foxy_ws/install/two_wheel_control_msgs/include/two_wheel_control_msgs/msg/rosidl_typesupport_introspection_c__visibility_control.h
[7.126s] -- Up-to-date: /home/lorenzo/Two_Wheel/ros_foxy_ws/install/two_wheel_control_msgs/include/two_wheel_control_msgs/msg/detail
[7.127s] -- Installing: /home/lorenzo/Two_Wheel/ros_foxy_ws/install/two_wheel_control_msgs/include/two_wheel_control_msgs/msg/detail/command__type_support.c
[7.127s] -- Installing: /home/lorenzo/Two_Wheel/ros_foxy_ws/install/two_wheel_control_msgs/include/two_wheel_control_msgs/msg/detail/command__rosidl_typesupport_introspection_c.h
[7.127s] -- Installing: /home/lorenzo/Two_Wheel/ros_foxy_ws/install/two_wheel_control_msgs/lib/libtwo_wheel_control_msgs__rosidl_typesupport_introspection_c.so
[7.128s] -- Set runtime path of "/home/lorenzo/Two_Wheel/ros_foxy_ws/install/two_wheel_control_msgs/lib/libtwo_wheel_control_msgs__rosidl_typesupport_introspection_c.so" to ""
[7.129s] -- Installing: /home/lorenzo/Two_Wheel/ros_foxy_ws/install/two_wheel_control_msgs/lib/libtwo_wheel_control_msgs__rosidl_typesupport_c.so
[7.129s] -- Set runtime path of "/home/lorenzo/Two_Wheel/ros_foxy_ws/install/two_wheel_control_msgs/lib/libtwo_wheel_control_msgs__rosidl_typesupport_c.so" to ""
[7.130s] -- Up-to-date: /home/lorenzo/Two_Wheel/ros_foxy_ws/install/two_wheel_control_msgs/include/two_wheel_control_msgs
[7.130s] -- Up-to-date: /home/lorenzo/Two_Wheel/ros_foxy_ws/install/two_wheel_control_msgs/include/two_wheel_control_msgs/msg
[7.130s] -- Installing: /home/lorenzo/Two_Wheel/ros_foxy_ws/install/two_wheel_control_msgs/include/two_wheel_control_msgs/msg/command.hpp
[7.131s] -- Up-to-date: /home/lorenzo/Two_Wheel/ros_foxy_ws/install/two_wheel_control_msgs/include/two_wheel_control_msgs/msg/detail
[7.131s] -- Installing: /home/lorenzo/Two_Wheel/ros_foxy_ws/install/two_wheel_control_msgs/include/two_wheel_control_msgs/msg/detail/command__traits.hpp
[7.132s] -- Installing: /home/lorenzo/Two_Wheel/ros_foxy_ws/install/two_wheel_control_msgs/include/two_wheel_control_msgs/msg/detail/command__builder.hpp
[7.133s] -- Installing: /home/lorenzo/Two_Wheel/ros_foxy_ws/install/two_wheel_control_msgs/include/two_wheel_control_msgs/msg/detail/command__struct.hpp
[7.133s] -- Up-to-date: /home/lorenzo/Two_Wheel/ros_foxy_ws/install/two_wheel_control_msgs/include/two_wheel_control_msgs
[7.134s] -- Up-to-date: /home/lorenzo/Two_Wheel/ros_foxy_ws/install/two_wheel_control_msgs/include/two_wheel_control_msgs/msg
[7.135s] -- Up-to-date: /home/lorenzo/Two_Wheel/ros_foxy_ws/install/two_wheel_control_msgs/include/two_wheel_control_msgs/msg/detail
[7.135s] -- Installing: /home/lorenzo/Two_Wheel/ros_foxy_ws/install/two_wheel_control_msgs/include/two_wheel_control_msgs/msg/detail/command__rosidl_typesupport_introspection_cpp.hpp
[7.136s] -- Installing: /home/lorenzo/Two_Wheel/ros_foxy_ws/install/two_wheel_control_msgs/include/two_wheel_control_msgs/msg/detail/command__type_support.cpp
[7.136s] -- Installing: /home/lorenzo/Two_Wheel/ros_foxy_ws/install/two_wheel_control_msgs/lib/libtwo_wheel_control_msgs__rosidl_typesupport_introspection_cpp.so
[7.137s] -- Set runtime path of "/home/lorenzo/Two_Wheel/ros_foxy_ws/install/two_wheel_control_msgs/lib/libtwo_wheel_control_msgs__rosidl_typesupport_introspection_cpp.so" to ""
[7.137s] -- Installing: /home/lorenzo/Two_Wheel/ros_foxy_ws/install/two_wheel_control_msgs/lib/libtwo_wheel_control_msgs__rosidl_typesupport_cpp.so
[7.137s] -- Set runtime path of "/home/lorenzo/Two_Wheel/ros_foxy_ws/install/two_wheel_control_msgs/lib/libtwo_wheel_control_msgs__rosidl_typesupport_cpp.so" to ""
[7.138s] -- Installing: /home/lorenzo/Two_Wheel/ros_foxy_ws/install/two_wheel_control_msgs/share/two_wheel_control_msgs/environment/pythonpath.sh
[7.138s] -- Installing: /home/lorenzo/Two_Wheel/ros_foxy_ws/install/two_wheel_control_msgs/share/two_wheel_control_msgs/environment/pythonpath.dsv
[7.139s] -- Installing: /home/lorenzo/Two_Wheel/ros_foxy_ws/install/two_wheel_control_msgs/lib/python3.8/site-packages/two_wheel_control_msgs/__init__.py
[7.215s] Compiling '/home/lorenzo/Two_Wheel/ros_foxy_ws/install/two_wheel_control_msgs/lib/python3.8/site-packages/two_wheel_control_msgs/__init__.py'...
[7.224s] -- Installing: /home/lorenzo/Two_Wheel/ros_foxy_ws/install/two_wheel_control_msgs/lib/python3.8/site-packages/two_wheel_control_msgs/msg
[7.224s] -- Installing: /home/lorenzo/Two_Wheel/ros_foxy_ws/install/two_wheel_control_msgs/lib/python3.8/site-packages/two_wheel_control_msgs/msg/__init__.py
[7.224s] -- Installing: /home/lorenzo/Two_Wheel/ros_foxy_ws/install/two_wheel_control_msgs/lib/python3.8/site-packages/two_wheel_control_msgs/msg/_command.py
[7.224s] -- Installing: /home/lorenzo/Two_Wheel/ros_foxy_ws/install/two_wheel_control_msgs/lib/python3.8/site-packages/two_wheel_control_msgs/msg/_command_s.c
[7.225s] -- Installing: /home/lorenzo/Two_Wheel/ros_foxy_ws/install/two_wheel_control_msgs/lib/python3.8/site-packages/two_wheel_control_msgs/two_wheel_control_msgs_s__rosidl_typesupport_fastrtps_c.cpython-38-x86_64-linux-gnu.so
[7.226s] -- Set runtime path of "/home/lorenzo/Two_Wheel/ros_foxy_ws/install/two_wheel_control_msgs/lib/python3.8/site-packages/two_wheel_control_msgs/two_wheel_control_msgs_s__rosidl_typesupport_fastrtps_c.cpython-38-x86_64-linux-gnu.so" to ""
[7.226s] -- Installing: /home/lorenzo/Two_Wheel/ros_foxy_ws/install/two_wheel_control_msgs/lib/python3.8/site-packages/two_wheel_control_msgs/two_wheel_control_msgs_s__rosidl_typesupport_introspection_c.cpython-38-x86_64-linux-gnu.so
[7.227s] -- Set runtime path of "/home/lorenzo/Two_Wheel/ros_foxy_ws/install/two_wheel_control_msgs/lib/python3.8/site-packages/two_wheel_control_msgs/two_wheel_control_msgs_s__rosidl_typesupport_introspection_c.cpython-38-x86_64-linux-gnu.so" to ""
[7.227s] -- Installing: /home/lorenzo/Two_Wheel/ros_foxy_ws/install/two_wheel_control_msgs/lib/python3.8/site-packages/two_wheel_control_msgs/two_wheel_control_msgs_s__rosidl_typesupport_c.cpython-38-x86_64-linux-gnu.so
[7.228s] -- Set runtime path of "/home/lorenzo/Two_Wheel/ros_foxy_ws/install/two_wheel_control_msgs/lib/python3.8/site-packages/two_wheel_control_msgs/two_wheel_control_msgs_s__rosidl_typesupport_c.cpython-38-x86_64-linux-gnu.so" to ""
[7.228s] -- Installing: /home/lorenzo/Two_Wheel/ros_foxy_ws/install/two_wheel_control_msgs/lib/libtwo_wheel_control_msgs__python.so
[7.229s] -- Set runtime path of "/home/lorenzo/Two_Wheel/ros_foxy_ws/install/two_wheel_control_msgs/lib/libtwo_wheel_control_msgs__python.so" to ""
[7.229s] -- Installing: /home/lorenzo/Two_Wheel/ros_foxy_ws/install/two_wheel_control_msgs/share/two_wheel_control_msgs/msg/Command.idl
[7.229s] -- Installing: /home/lorenzo/Two_Wheel/ros_foxy_ws/install/two_wheel_control_msgs/share/two_wheel_control_msgs/msg/Command.msg
[7.230s] -- Up-to-date: /home/lorenzo/Two_Wheel/ros_foxy_ws/install/two_wheel_control_msgs/share/ament_index/resource_index/package_run_dependencies/two_wheel_control_msgs
[7.230s] -- Up-to-date: /home/lorenzo/Two_Wheel/ros_foxy_ws/install/two_wheel_control_msgs/share/ament_index/resource_index/parent_prefix_path/two_wheel_control_msgs
[7.230s] -- Up-to-date: /home/lorenzo/Two_Wheel/ros_foxy_ws/install/two_wheel_control_msgs/share/two_wheel_control_msgs/environment/ament_prefix_path.sh
[7.230s] -- Installing: /home/lorenzo/Two_Wheel/ros_foxy_ws/install/two_wheel_control_msgs/share/two_wheel_control_msgs/environment/ament_prefix_path.dsv
[7.231s] -- Up-to-date: /home/lorenzo/Two_Wheel/ros_foxy_ws/install/two_wheel_control_msgs/share/two_wheel_control_msgs/environment/path.sh
[7.231s] -- Installing: /home/lorenzo/Two_Wheel/ros_foxy_ws/install/two_wheel_control_msgs/share/two_wheel_control_msgs/environment/path.dsv
[7.231s] -- Up-to-date: /home/lorenzo/Two_Wheel/ros_foxy_ws/install/two_wheel_control_msgs/share/two_wheel_control_msgs/local_setup.bash
[7.232s] -- Installing: /home/lorenzo/Two_Wheel/ros_foxy_ws/install/two_wheel_control_msgs/share/two_wheel_control_msgs/local_setup.sh
[7.232s] -- Up-to-date: /home/lorenzo/Two_Wheel/ros_foxy_ws/install/two_wheel_control_msgs/share/two_wheel_control_msgs/local_setup.zsh
[7.234s] -- Installing: /home/lorenzo/Two_Wheel/ros_foxy_ws/install/two_wheel_control_msgs/share/two_wheel_control_msgs/local_setup.dsv
[7.234s] -- Installing: /home/lorenzo/Two_Wheel/ros_foxy_ws/install/two_wheel_control_msgs/share/two_wheel_control_msgs/package.dsv
[7.235s] -- Up-to-date: /home/lorenzo/Two_Wheel/ros_foxy_ws/install/two_wheel_control_msgs/share/ament_index/resource_index/packages/two_wheel_control_msgs
[7.235s] -- Installing: /home/lorenzo/Two_Wheel/ros_foxy_ws/install/two_wheel_control_msgs/share/two_wheel_control_msgs/cmake/two_wheel_control_msgs__rosidl_generator_cExport.cmake
[7.235s] -- Installing: /home/lorenzo/Two_Wheel/ros_foxy_ws/install/two_wheel_control_msgs/share/two_wheel_control_msgs/cmake/two_wheel_control_msgs__rosidl_generator_cExport-noconfig.cmake
[7.236s] -- Installing: /home/lorenzo/Two_Wheel/ros_foxy_ws/install/two_wheel_control_msgs/share/two_wheel_control_msgs/cmake/two_wheel_control_msgs__rosidl_typesupport_introspection_cExport.cmake
[7.236s] -- Installing: /home/lorenzo/Two_Wheel/ros_foxy_ws/install/two_wheel_control_msgs/share/two_wheel_control_msgs/cmake/two_wheel_control_msgs__rosidl_typesupport_introspection_cExport-noconfig.cmake
[7.236s] -- Installing: /home/lorenzo/Two_Wheel/ros_foxy_ws/install/two_wheel_control_msgs/share/two_wheel_control_msgs/cmake/two_wheel_control_msgs__rosidl_typesupport_cExport.cmake
[7.236s] -- Installing: /home/lorenzo/Two_Wheel/ros_foxy_ws/install/two_wheel_control_msgs/share/two_wheel_control_msgs/cmake/two_wheel_control_msgs__rosidl_typesupport_cExport-noconfig.cmake
[7.237s] -- Installing: /home/lorenzo/Two_Wheel/ros_foxy_ws/install/two_wheel_control_msgs/share/two_wheel_control_msgs/cmake/two_wheel_control_msgs__rosidl_generator_cppExport.cmake
[7.237s] -- Installing: /home/lorenzo/Two_Wheel/ros_foxy_ws/install/two_wheel_control_msgs/share/two_wheel_control_msgs/cmake/two_wheel_control_msgs__rosidl_typesupport_introspection_cppExport.cmake
[7.237s] -- Installing: /home/lorenzo/Two_Wheel/ros_foxy_ws/install/two_wheel_control_msgs/share/two_wheel_control_msgs/cmake/two_wheel_control_msgs__rosidl_typesupport_introspection_cppExport-noconfig.cmake
[7.237s] -- Installing: /home/lorenzo/Two_Wheel/ros_foxy_ws/install/two_wheel_control_msgs/share/two_wheel_control_msgs/cmake/two_wheel_control_msgs__rosidl_typesupport_cppExport.cmake
[7.238s] -- Installing: /home/lorenzo/Two_Wheel/ros_foxy_ws/install/two_wheel_control_msgs/share/two_wheel_control_msgs/cmake/two_wheel_control_msgs__rosidl_typesupport_cppExport-noconfig.cmake
[7.238s] -- Installing: /home/lorenzo/Two_Wheel/ros_foxy_ws/install/two_wheel_control_msgs/share/two_wheel_control_msgs/cmake/rosidl_cmake-extras.cmake
[7.238s] -- Installing: /home/lorenzo/Two_Wheel/ros_foxy_ws/install/two_wheel_control_msgs/share/two_wheel_control_msgs/cmake/ament_cmake_export_dependencies-extras.cmake
[7.238s] -- Installing: /home/lorenzo/Two_Wheel/ros_foxy_ws/install/two_wheel_control_msgs/share/two_wheel_control_msgs/cmake/ament_cmake_export_libraries-extras.cmake
[7.241s] -- Installing: /home/lorenzo/Two_Wheel/ros_foxy_ws/install/two_wheel_control_msgs/share/two_wheel_control_msgs/cmake/ament_cmake_export_targets-extras.cmake
[7.255s] -- Installing: /home/lorenzo/Two_Wheel/ros_foxy_ws/install/two_wheel_control_msgs/share/two_wheel_control_msgs/cmake/ament_cmake_export_include_directories-extras.cmake
[7.255s] -- Installing: /home/lorenzo/Two_Wheel/ros_foxy_ws/install/two_wheel_control_msgs/share/two_wheel_control_msgs/cmake/rosidl_cmake_export_typesupport_libraries-extras.cmake
[7.256s] -- Installing: /home/lorenzo/Two_Wheel/ros_foxy_ws/install/two_wheel_control_msgs/share/two_wheel_control_msgs/cmake/rosidl_cmake_export_typesupport_targets-extras.cmake
[7.256s] -- Installing: /home/lorenzo/Two_Wheel/ros_foxy_ws/install/two_wheel_control_msgs/share/two_wheel_control_msgs/cmake/two_wheel_control_msgsConfig.cmake
[7.257s] -- Up-to-date: /home/lorenzo/Two_Wheel/ros_foxy_ws/install/two_wheel_control_msgs/share/two_wheel_control_msgs/cmake/two_wheel_control_msgsConfig-version.cmake
[7.258s] -- Up-to-date: /home/lorenzo/Two_Wheel/ros_foxy_ws/install/two_wheel_control_msgs/share/two_wheel_control_msgs/package.xml
[7.258s] Invoked command in '/home/lorenzo/Two_Wheel/ros_foxy_ws/build/two_wheel_control_msgs' returned '0': CMAKE_PREFIX_PATH=${CMAKE_PREFIX_PATH}:/opt/ros/foxy /usr/bin/cmake --install /home/lorenzo/Two_Wheel/ros_foxy_ws/build/two_wheel_control_msgs
