[0.021s] Invoking command in '/home/lorenzo/Two_Wheel/ros_foxy_ws/build/two_wheel_control': AMENT_PREFIX_PATH=/home/lorenzo/Two_Wheel/ros_foxy_ws/install:${AMENT_PREFIX_PATH} CMAKE_PREFIX_PATH=/home/lorenzo/Two_Wheel/ros_foxy_ws/install:/home/lorenzo/Two_Wheel/ros_foxy_ws/install/two_wheel_control_msgs:/home/lorenzo/Two_Wheel/ros_foxy_ws/install/two_wheel_control:/home/lorenzo/Two_Wheel/ros_foxy_ws/install/two_wheel_sim:/home/lorenzo/Two_Wheel/ros_foxy_ws/install/Two_Wheel_sim:/opt/ros/foxy LD_LIBRARY_PATH=/home/lorenzo/Two_Wheel/ros_foxy_ws/install/lib:${LD_LIBRARY_PATH} PYTHONPATH=/home/lorenzo/Two_Wheel/ros_foxy_ws/install/lib/python3.8/site-packages:${PYTHONPATH} /usr/bin/cmake /home/lorenzo/Two_Wheel/ros_foxy_ws/src/two_wheel_control -DCMAKE_INSTALL_PREFIX=/home/lorenzo/Two_Wheel/ros_foxy_ws/install
[0.104s] -- The C compiler identification is GNU 9.4.0
[0.192s] -- The CXX compiler identification is GNU 9.4.0
[0.203s] -- Check for working C compiler: /usr/bin/cc
[0.352s] -- Check for working C compiler: /usr/bin/cc -- works
[0.353s] -- Detecting C compiler ABI info
[0.522s] -- Detecting C compiler ABI info - done
[0.543s] -- Detecting C compile features
[0.545s] -- Detecting C compile features - done
[0.551s] -- Check for working CXX compiler: /usr/bin/c++
[0.736s] -- Check for working CXX compiler: /usr/bin/c++ -- works
[0.739s] -- Detecting CXX compiler ABI info
[0.871s] -- Detecting CXX compiler ABI info - done
[0.901s] -- Detecting CXX compile features
[0.902s] -- Detecting CXX compile features - done
[0.907s] -- Found ament_cmake: 0.9.9 (/opt/ros/foxy/share/ament_cmake/cmake)
[0.962s] -- Found PythonInterp: /usr/bin/python3 (found suitable version "3.8.10", minimum required is "3") 
[0.963s] -- Using PYTHON_EXECUTABLE: /usr/bin/python3
[1.411s] -- Found ros2_control: 0.10.1 (/opt/ros/foxy/share/ros2_control/cmake)
[1.415s] -- Found rclcpp: 2.4.1 (/opt/ros/foxy/share/rclcpp/cmake)
[1.495s] -- Using all available rosidl_typesupport_c: rosidl_typesupport_fastrtps_c;rosidl_typesupport_introspection_c
[1.505s] -- Found rosidl_adapter: 1.2.1 (/opt/ros/foxy/share/rosidl_adapter/cmake)
[1.632s] -- Found OpenSSL: /usr/lib/x86_64-linux-gnu/libcrypto.so (found version "1.1.1f")  
[1.678s] -- Found FastRTPS: /opt/ros/foxy/include  
[1.848s] -- Using all available rosidl_typesupport_cpp: rosidl_typesupport_fastrtps_cpp;rosidl_typesupport_introspection_cpp
[1.987s] -- Found rmw_implementation_cmake: 1.0.3 (/opt/ros/foxy/share/rmw_implementation_cmake/cmake)
[1.991s] -- Using RMW implementation 'rmw_fastrtps_cpp' as default
[1.993s] -- Looking for pthread.h
[2.115s] -- Looking for pthread.h - found
[2.115s] -- Performing Test CMAKE_HAVE_LIBC_PTHREAD
[2.248s] -- Performing Test CMAKE_HAVE_LIBC_PTHREAD - Failed
[2.248s] -- Looking for pthread_create in pthreads
[2.335s] -- Looking for pthread_create in pthreads - not found
[2.336s] -- Looking for pthread_create in pthread
[2.455s] -- Looking for pthread_create in pthread - found
[2.458s] -- Found Threads: TRUE  
[2.811s] -- Found ament_lint_auto: 0.9.6 (/opt/ros/foxy/share/ament_lint_auto/cmake)
[2.921s] -- Added test 'copyright' to check source files copyright and LICENSE
[2.922s] -- Added test 'cppcheck' to perform static code analysis on C / C++ code
[2.923s] -- Configured cppcheck include dirs: 
[2.923s] -- Configured cppcheck exclude dirs and/or files: 
[2.924s] -- Added test 'cpplint' to check C / C++ code against the Google style
[2.924s] -- Configured cpplint exclude dirs and/or files: 
[2.925s] -- Added test 'lint_cmake' to check CMake code style
[2.927s] -- Added test 'uncrustify' to check C / C++ code style
[2.927s] -- Configured uncrustify additional arguments: 
[2.928s] -- Added test 'xmllint' to check XML markup files
[2.933s] -- Configuring done
[2.937s] -- Generating done
[2.939s] -- Build files have been written to: /home/lorenzo/Two_Wheel/ros_foxy_ws/build/two_wheel_control
[2.949s] Invoked command in '/home/lorenzo/Two_Wheel/ros_foxy_ws/build/two_wheel_control' returned '0': AMENT_PREFIX_PATH=/home/lorenzo/Two_Wheel/ros_foxy_ws/install:${AMENT_PREFIX_PATH} CMAKE_PREFIX_PATH=/home/lorenzo/Two_Wheel/ros_foxy_ws/install:/home/lorenzo/Two_Wheel/ros_foxy_ws/install/two_wheel_control_msgs:/home/lorenzo/Two_Wheel/ros_foxy_ws/install/two_wheel_control:/home/lorenzo/Two_Wheel/ros_foxy_ws/install/two_wheel_sim:/home/lorenzo/Two_Wheel/ros_foxy_ws/install/Two_Wheel_sim:/opt/ros/foxy LD_LIBRARY_PATH=/home/lorenzo/Two_Wheel/ros_foxy_ws/install/lib:${LD_LIBRARY_PATH} PYTHONPATH=/home/lorenzo/Two_Wheel/ros_foxy_ws/install/lib/python3.8/site-packages:${PYTHONPATH} /usr/bin/cmake /home/lorenzo/Two_Wheel/ros_foxy_ws/src/two_wheel_control -DCMAKE_INSTALL_PREFIX=/home/lorenzo/Two_Wheel/ros_foxy_ws/install
[2.954s] Invoking command in '/home/lorenzo/Two_Wheel/ros_foxy_ws/build/two_wheel_control': AMENT_PREFIX_PATH=/home/lorenzo/Two_Wheel/ros_foxy_ws/install:${AMENT_PREFIX_PATH} CMAKE_PREFIX_PATH=/home/lorenzo/Two_Wheel/ros_foxy_ws/install:/home/lorenzo/Two_Wheel/ros_foxy_ws/install/two_wheel_control_msgs:/home/lorenzo/Two_Wheel/ros_foxy_ws/install/two_wheel_control:/home/lorenzo/Two_Wheel/ros_foxy_ws/install/two_wheel_sim:/home/lorenzo/Two_Wheel/ros_foxy_ws/install/Two_Wheel_sim:/opt/ros/foxy LD_LIBRARY_PATH=/home/lorenzo/Two_Wheel/ros_foxy_ws/install/lib:${LD_LIBRARY_PATH} PYTHONPATH=/home/lorenzo/Two_Wheel/ros_foxy_ws/install/lib/python3.8/site-packages:${PYTHONPATH} /usr/bin/cmake --build /home/lorenzo/Two_Wheel/ros_foxy_ws/build/two_wheel_control -- -j4 -l4
[3.024s] Invoked command in '/home/lorenzo/Two_Wheel/ros_foxy_ws/build/two_wheel_control' returned '0': AMENT_PREFIX_PATH=/home/lorenzo/Two_Wheel/ros_foxy_ws/install:${AMENT_PREFIX_PATH} CMAKE_PREFIX_PATH=/home/lorenzo/Two_Wheel/ros_foxy_ws/install:/home/lorenzo/Two_Wheel/ros_foxy_ws/install/two_wheel_control_msgs:/home/lorenzo/Two_Wheel/ros_foxy_ws/install/two_wheel_control:/home/lorenzo/Two_Wheel/ros_foxy_ws/install/two_wheel_sim:/home/lorenzo/Two_Wheel/ros_foxy_ws/install/Two_Wheel_sim:/opt/ros/foxy LD_LIBRARY_PATH=/home/lorenzo/Two_Wheel/ros_foxy_ws/install/lib:${LD_LIBRARY_PATH} PYTHONPATH=/home/lorenzo/Two_Wheel/ros_foxy_ws/install/lib/python3.8/site-packages:${PYTHONPATH} /usr/bin/cmake --build /home/lorenzo/Two_Wheel/ros_foxy_ws/build/two_wheel_control -- -j4 -l4
[3.059s] Invoking command in '/home/lorenzo/Two_Wheel/ros_foxy_ws/build/two_wheel_control': AMENT_PREFIX_PATH=/home/lorenzo/Two_Wheel/ros_foxy_ws/install:${AMENT_PREFIX_PATH} CMAKE_PREFIX_PATH=/home/lorenzo/Two_Wheel/ros_foxy_ws/install:/home/lorenzo/Two_Wheel/ros_foxy_ws/install/two_wheel_control_msgs:/home/lorenzo/Two_Wheel/ros_foxy_ws/install/two_wheel_control:/home/lorenzo/Two_Wheel/ros_foxy_ws/install/two_wheel_sim:/home/lorenzo/Two_Wheel/ros_foxy_ws/install/Two_Wheel_sim:/opt/ros/foxy LD_LIBRARY_PATH=/home/lorenzo/Two_Wheel/ros_foxy_ws/install/lib:${LD_LIBRARY_PATH} PYTHONPATH=/home/lorenzo/Two_Wheel/ros_foxy_ws/install/lib/python3.8/site-packages:${PYTHONPATH} /usr/bin/cmake --install /home/lorenzo/Two_Wheel/ros_foxy_ws/build/two_wheel_control
[3.075s] -- Install configuration: ""
[3.076s] -- Installing: /home/lorenzo/Two_Wheel/ros_foxy_ws/install/share/ament_index/resource_index/package_run_dependencies/two_wheel_control
[3.076s] -- Installing: /home/lorenzo/Two_Wheel/ros_foxy_ws/install/share/ament_index/resource_index/parent_prefix_path/two_wheel_control
[3.077s] -- Installing: /home/lorenzo/Two_Wheel/ros_foxy_ws/install/share/two_wheel_control/environment/ament_prefix_path.sh
[3.077s] -- Installing: /home/lorenzo/Two_Wheel/ros_foxy_ws/install/share/two_wheel_control/environment/ament_prefix_path.dsv
[3.077s] -- Installing: /home/lorenzo/Two_Wheel/ros_foxy_ws/install/share/two_wheel_control/environment/path.sh
[3.077s] -- Installing: /home/lorenzo/Two_Wheel/ros_foxy_ws/install/share/two_wheel_control/environment/path.dsv
[3.078s] -- Installing: /home/lorenzo/Two_Wheel/ros_foxy_ws/install/share/two_wheel_control/local_setup.bash
[3.078s] -- Installing: /home/lorenzo/Two_Wheel/ros_foxy_ws/install/share/two_wheel_control/local_setup.sh
[3.078s] -- Installing: /home/lorenzo/Two_Wheel/ros_foxy_ws/install/share/two_wheel_control/local_setup.zsh
[3.078s] -- Installing: /home/lorenzo/Two_Wheel/ros_foxy_ws/install/share/two_wheel_control/local_setup.dsv
[3.079s] -- Installing: /home/lorenzo/Two_Wheel/ros_foxy_ws/install/share/two_wheel_control/package.dsv
[3.079s] -- Installing: /home/lorenzo/Two_Wheel/ros_foxy_ws/install/share/ament_index/resource_index/packages/two_wheel_control
[3.080s] -- Installing: /home/lorenzo/Two_Wheel/ros_foxy_ws/install/share/two_wheel_control/cmake/two_wheel_controlConfig.cmake
[3.080s] -- Installing: /home/lorenzo/Two_Wheel/ros_foxy_ws/install/share/two_wheel_control/cmake/two_wheel_controlConfig-version.cmake
[3.081s] -- Installing: /home/lorenzo/Two_Wheel/ros_foxy_ws/install/share/two_wheel_control/package.xml
[3.093s] Invoked command in '/home/lorenzo/Two_Wheel/ros_foxy_ws/build/two_wheel_control' returned '0': AMENT_PREFIX_PATH=/home/lorenzo/Two_Wheel/ros_foxy_ws/install:${AMENT_PREFIX_PATH} CMAKE_PREFIX_PATH=/home/lorenzo/Two_Wheel/ros_foxy_ws/install:/home/lorenzo/Two_Wheel/ros_foxy_ws/install/two_wheel_control_msgs:/home/lorenzo/Two_Wheel/ros_foxy_ws/install/two_wheel_control:/home/lorenzo/Two_Wheel/ros_foxy_ws/install/two_wheel_sim:/home/lorenzo/Two_Wheel/ros_foxy_ws/install/Two_Wheel_sim:/opt/ros/foxy LD_LIBRARY_PATH=/home/lorenzo/Two_Wheel/ros_foxy_ws/install/lib:${LD_LIBRARY_PATH} PYTHONPATH=/home/lorenzo/Two_Wheel/ros_foxy_ws/install/lib/python3.8/site-packages:${PYTHONPATH} /usr/bin/cmake --install /home/lorenzo/Two_Wheel/ros_foxy_ws/build/two_wheel_control
