[0.041s] Invoking command in '/home/lorenzo/Two_Wheel/ros_foxy_ws/build/two_wheel_control_msgs': CMAKE_PREFIX_PATH=${CMAKE_PREFIX_PATH}:/opt/ros/foxy /usr/bin/cmake /home/lorenzo/Two_Wheel/ros_foxy_ws/src/two_wheel_control_msgs -DCMAKE_INSTALL_PREFIX=/home/lorenzo/Two_Wheel/ros_foxy_ws/install/two_wheel_control_msgs
[0.126s] -- The C compiler identification is GNU 9.4.0
[0.226s] -- The CXX compiler identification is GNU 9.4.0
[0.236s] -- Check for working C compiler: /usr/bin/cc
[0.344s] -- Check for working C compiler: /usr/bin/cc -- works
[0.347s] -- Detecting C compiler ABI info
[0.465s] -- Detecting C compiler ABI info - done
[0.482s] -- Detecting C compile features
[0.483s] -- Detecting C compile features - done
[0.489s] -- Check for working CXX compiler: /usr/bin/c++
[0.681s] -- Check for working CXX compiler: /usr/bin/c++ -- works
[0.683s] -- Detecting CXX compiler ABI info
[0.800s] -- Detecting CXX compiler ABI info - done
[0.822s] -- Detecting CXX compile features
[0.823s] -- Detecting CXX compile features - done
[0.828s] -- Found ament_cmake: 0.9.9 (/opt/ros/foxy/share/ament_cmake/cmake)
[0.870s] -- Found PythonInterp: /usr/bin/python3 (found suitable version "3.8.10", minimum required is "3") 
[0.870s] -- Using PYTHON_EXECUTABLE: /usr/bin/python3
[1.395s] -- Found rosidl_default_generators: 1.0.1 (/opt/ros/foxy/share/rosidl_default_generators/cmake)
[1.400s] -- Using all available rosidl_typesupport_c: rosidl_typesupport_fastrtps_c;rosidl_typesupport_introspection_c
[1.410s] -- Found rosidl_adapter: 1.2.1 (/opt/ros/foxy/share/rosidl_adapter/cmake)
[1.797s] -- Found OpenSSL: /usr/lib/x86_64-linux-gnu/libcrypto.so (found version "1.1.1f")  
[1.842s] -- Found FastRTPS: /opt/ros/foxy/include  
[1.954s] -- Using all available rosidl_typesupport_cpp: rosidl_typesupport_fastrtps_cpp;rosidl_typesupport_introspection_cpp
[2.029s] -- Found PythonInterp: /usr/bin/python3 (found version "3.8.10") 
[2.225s] -- Found ament_cmake_ros: 0.9.2 (/opt/ros/foxy/share/ament_cmake_ros/cmake)
[2.379s] -- Using all available rosidl_typesupport_c: rosidl_typesupport_fastrtps_c;rosidl_typesupport_introspection_c
[2.396s] -- Using all available rosidl_typesupport_cpp: rosidl_typesupport_fastrtps_cpp;rosidl_typesupport_introspection_cpp
[2.454s] -- Found PythonInterp: /usr/bin/python3 (found suitable version "3.8.10", minimum required is "3.5") 
[2.457s] -- Found python_cmake_module: 0.8.1 (/opt/ros/foxy/share/python_cmake_module/cmake)
[2.549s] -- Found PythonLibs: /usr/lib/x86_64-linux-gnu/libpython3.8.so (found suitable version "3.8.10", minimum required is "3.5") 
[2.550s] -- Using PYTHON_EXECUTABLE: /usr/bin/python3
[2.550s] -- Using PYTHON_INCLUDE_DIRS: /usr/include/python3.8
[2.550s] -- Using PYTHON_LIBRARIES: /usr/lib/x86_64-linux-gnu/libpython3.8.so
[2.599s] -- Found PythonExtra: .so  
[2.678s] -- Found ament_lint_auto: 0.9.6 (/opt/ros/foxy/share/ament_lint_auto/cmake)
[2.711s] -- Added test 'copyright' to check source files copyright and LICENSE
[2.714s] -- Added test 'lint_cmake' to check CMake code style
[2.716s] -- Added test 'xmllint' to check XML markup files
[2.725s] -- Configuring done
[2.773s] -- Generating done
[2.778s] -- Build files have been written to: /home/lorenzo/Two_Wheel/ros_foxy_ws/build/two_wheel_control_msgs
[2.788s] Invoked command in '/home/lorenzo/Two_Wheel/ros_foxy_ws/build/two_wheel_control_msgs' returned '0': CMAKE_PREFIX_PATH=${CMAKE_PREFIX_PATH}:/opt/ros/foxy /usr/bin/cmake /home/lorenzo/Two_Wheel/ros_foxy_ws/src/two_wheel_control_msgs -DCMAKE_INSTALL_PREFIX=/home/lorenzo/Two_Wheel/ros_foxy_ws/install/two_wheel_control_msgs
[2.791s] Invoking command in '/home/lorenzo/Two_Wheel/ros_foxy_ws/build/two_wheel_control_msgs': CMAKE_PREFIX_PATH=${CMAKE_PREFIX_PATH}:/opt/ros/foxy /usr/bin/cmake --build /home/lorenzo/Two_Wheel/ros_foxy_ws/build/two_wheel_control_msgs -- -j4 -l4
[2.857s] [  3%] [34m[1mGenerating C code for ROS interfaces[0m
[2.858s] [35m[1mScanning dependencies of target two_wheel_control_msgs__cpp[0m
[2.883s] [  6%] [34m[1mGenerating C++ code for ROS interfaces[0m
[3.542s] [  6%] Built target two_wheel_control_msgs__cpp
[3.559s] [  9%] [34m[1mGenerating C++ type support dispatch for ROS interfaces[0m
[3.567s] [ 12%] [34m[1mGenerating C++ introspection for ROS interfaces[0m
[3.575s] [ 16%] [34m[1mGenerating C++ type support for eProsima Fast-RTPS[0m
[3.582s] [35m[1mScanning dependencies of target two_wheel_control_msgs__rosidl_generator_c[0m
[3.607s] [ 19%] [32mBuilding C object CMakeFiles/two_wheel_control_msgs__rosidl_generator_c.dir/rosidl_generator_c/two_wheel_control_msgs/msg/detail/command__functions.c.o[0m
[3.743s] [ 22%] [32m[1mLinking C shared library libtwo_wheel_control_msgs__rosidl_generator_c.so[0m
[3.942s] [ 22%] Built target two_wheel_control_msgs__rosidl_generator_c
[3.964s] [ 25%] [34m[1mGenerating C introspection for ROS interfaces[0m
[4.151s] [35m[1mScanning dependencies of target two_wheel_control_msgs__rosidl_typesupport_cpp[0m
[4.181s] [ 29%] [32mBuilding CXX object CMakeFiles/two_wheel_control_msgs__rosidl_typesupport_cpp.dir/rosidl_typesupport_cpp/two_wheel_control_msgs/msg/command__type_support.cpp.o[0m
[4.322s] [35m[1mScanning dependencies of target two_wheel_control_msgs__rosidl_typesupport_introspection_cpp[0m
[4.346s] [35m[1mScanning dependencies of target two_wheel_control_msgs__rosidl_typesupport_fastrtps_cpp[0m
[4.387s] [ 32%] [32mBuilding CXX object CMakeFiles/two_wheel_control_msgs__rosidl_typesupport_introspection_cpp.dir/rosidl_typesupport_introspection_cpp/two_wheel_control_msgs/msg/detail/command__type_support.cpp.o[0m
[4.439s] [ 35%] [32mBuilding CXX object CMakeFiles/two_wheel_control_msgs__rosidl_typesupport_fastrtps_cpp.dir/rosidl_typesupport_fastrtps_cpp/two_wheel_control_msgs/msg/detail/dds_fastrtps/command__type_support.cpp.o[0m
[4.740s] [35m[1mScanning dependencies of target two_wheel_control_msgs__rosidl_typesupport_introspection_c[0m
[4.850s] [ 38%] [32mBuilding C object CMakeFiles/two_wheel_control_msgs__rosidl_typesupport_introspection_c.dir/rosidl_typesupport_introspection_c/two_wheel_control_msgs/msg/detail/command__type_support.c.o[0m
[5.081s] [ 41%] [32m[1mLinking C shared library libtwo_wheel_control_msgs__rosidl_typesupport_introspection_c.so[0m
[5.186s] [ 45%] [32m[1mLinking CXX shared library libtwo_wheel_control_msgs__rosidl_typesupport_introspection_cpp.so[0m
[5.205s] [ 48%] [32m[1mLinking CXX shared library libtwo_wheel_control_msgs__rosidl_typesupport_cpp.so[0m
[5.209s] [ 48%] Built target two_wheel_control_msgs__rosidl_typesupport_introspection_c
[5.248s] [ 51%] [34m[1mGenerating C type support dispatch for ROS interfaces[0m
[5.287s] [ 51%] Built target two_wheel_control_msgs__rosidl_typesupport_introspection_cpp
[5.347s] [ 51%] Built target two_wheel_control_msgs__rosidl_typesupport_cpp
[5.644s] [ 54%] [32m[1mLinking CXX shared library libtwo_wheel_control_msgs__rosidl_typesupport_fastrtps_cpp.so[0m
[5.671s] [35m[1mScanning dependencies of target two_wheel_control_msgs__rosidl_typesupport_c[0m
[5.692s] [ 58%] [32mBuilding CXX object CMakeFiles/two_wheel_control_msgs__rosidl_typesupport_c.dir/rosidl_typesupport_c/two_wheel_control_msgs/msg/command__type_support.cpp.o[0m
[5.756s] [ 61%] [32m[1mLinking CXX shared library libtwo_wheel_control_msgs__rosidl_typesupport_c.so[0m
[5.801s] [ 61%] Built target two_wheel_control_msgs__rosidl_typesupport_fastrtps_cpp
[5.815s] [ 64%] [34m[1mGenerating C type support for eProsima Fast-RTPS[0m
[5.844s] [ 64%] Built target two_wheel_control_msgs__rosidl_typesupport_c
[6.155s] [35m[1mScanning dependencies of target two_wheel_control_msgs__rosidl_typesupport_fastrtps_c[0m
[6.178s] [ 67%] [32mBuilding CXX object CMakeFiles/two_wheel_control_msgs__rosidl_typesupport_fastrtps_c.dir/rosidl_typesupport_fastrtps_c/two_wheel_control_msgs/msg/detail/command__type_support_c.cpp.o[0m
[6.681s] [ 70%] [32m[1mLinking CXX shared library libtwo_wheel_control_msgs__rosidl_typesupport_fastrtps_c.so[0m
[6.812s] [ 70%] Built target two_wheel_control_msgs__rosidl_typesupport_fastrtps_c
[6.829s] [35m[1mScanning dependencies of target two_wheel_control_msgs[0m
[6.848s] [ 70%] Built target two_wheel_control_msgs
[6.866s] [35m[1mScanning dependencies of target two_wheel_control_msgs__py[0m
[6.882s] [ 74%] [34m[1mGenerating Python code for ROS interfaces[0m
[7.622s] [ 74%] Built target two_wheel_control_msgs__py
[7.637s] [35m[1mScanning dependencies of target two_wheel_control_msgs__python[0m
[7.663s] [ 77%] [32mBuilding C object CMakeFiles/two_wheel_control_msgs__python.dir/rosidl_generator_py/two_wheel_control_msgs/msg/_command_s.c.o[0m
[7.798s] [ 80%] [32m[1mLinking C shared library rosidl_generator_py/two_wheel_control_msgs/libtwo_wheel_control_msgs__python.so[0m
[7.855s] [ 80%] Built target two_wheel_control_msgs__python
[7.875s] [35m[1mScanning dependencies of target two_wheel_control_msgs__rosidl_typesupport_introspection_c__pyext[0m
[7.875s] [35m[1mScanning dependencies of target two_wheel_control_msgs__rosidl_typesupport_c__pyext[0m
[7.875s] [35m[1mScanning dependencies of target two_wheel_control_msgs__rosidl_typesupport_fastrtps_c__pyext[0m
[7.925s] [ 83%] [32mBuilding C object CMakeFiles/two_wheel_control_msgs__rosidl_typesupport_introspection_c__pyext.dir/rosidl_generator_py/two_wheel_control_msgs/_two_wheel_control_msgs_s.ep.rosidl_typesupport_introspection_c.c.o[0m
[7.928s] [ 87%] [32mBuilding C object CMakeFiles/two_wheel_control_msgs__rosidl_typesupport_c__pyext.dir/rosidl_generator_py/two_wheel_control_msgs/_two_wheel_control_msgs_s.ep.rosidl_typesupport_c.c.o[0m
[7.938s] [ 90%] [32mBuilding C object CMakeFiles/two_wheel_control_msgs__rosidl_typesupport_fastrtps_c__pyext.dir/rosidl_generator_py/two_wheel_control_msgs/_two_wheel_control_msgs_s.ep.rosidl_typesupport_fastrtps_c.c.o[0m
[8.128s] [ 93%] [32m[1mLinking C shared library rosidl_generator_py/two_wheel_control_msgs/two_wheel_control_msgs_s__rosidl_typesupport_c.cpython-38-x86_64-linux-gnu.so[0m
[8.168s] [ 96%] [32m[1mLinking C shared library rosidl_generator_py/two_wheel_control_msgs/two_wheel_control_msgs_s__rosidl_typesupport_introspection_c.cpython-38-x86_64-linux-gnu.so[0m
[8.202s] [100%] [32m[1mLinking CXX shared library rosidl_generator_py/two_wheel_control_msgs/two_wheel_control_msgs_s__rosidl_typesupport_fastrtps_c.cpython-38-x86_64-linux-gnu.so[0m
[8.241s] [100%] Built target two_wheel_control_msgs__rosidl_typesupport_c__pyext
[8.263s] [100%] Built target two_wheel_control_msgs__rosidl_typesupport_introspection_c__pyext
[8.351s] [100%] Built target two_wheel_control_msgs__rosidl_typesupport_fastrtps_c__pyext
[8.377s] Invoked command in '/home/lorenzo/Two_Wheel/ros_foxy_ws/build/two_wheel_control_msgs' returned '0': CMAKE_PREFIX_PATH=${CMAKE_PREFIX_PATH}:/opt/ros/foxy /usr/bin/cmake --build /home/lorenzo/Two_Wheel/ros_foxy_ws/build/two_wheel_control_msgs -- -j4 -l4
[8.571s] Invoking command in '/home/lorenzo/Two_Wheel/ros_foxy_ws/build/two_wheel_control_msgs': CMAKE_PREFIX_PATH=${CMAKE_PREFIX_PATH}:/opt/ros/foxy /usr/bin/cmake --install /home/lorenzo/Two_Wheel/ros_foxy_ws/build/two_wheel_control_msgs
[8.589s] -- Install configuration: ""
[8.589s] -- Installing: /home/lorenzo/Two_Wheel/ros_foxy_ws/install/two_wheel_control_msgs/share/ament_index/resource_index/rosidl_interfaces/two_wheel_control_msgs
[8.589s] -- Installing: /home/lorenzo/Two_Wheel/ros_foxy_ws/install/two_wheel_control_msgs/include/two_wheel_control_msgs
[8.589s] -- Installing: /home/lorenzo/Two_Wheel/ros_foxy_ws/install/two_wheel_control_msgs/include/two_wheel_control_msgs/msg
[8.590s] -- Installing: /home/lorenzo/Two_Wheel/ros_foxy_ws/install/two_wheel_control_msgs/include/two_wheel_control_msgs/msg/command.h
[8.590s] -- Installing: /home/lorenzo/Two_Wheel/ros_foxy_ws/install/two_wheel_control_msgs/include/two_wheel_control_msgs/msg/rosidl_generator_c__visibility_control.h
[8.590s] -- Installing: /home/lorenzo/Two_Wheel/ros_foxy_ws/install/two_wheel_control_msgs/include/two_wheel_control_msgs/msg/detail
[8.590s] -- Installing: /home/lorenzo/Two_Wheel/ros_foxy_ws/install/two_wheel_control_msgs/include/two_wheel_control_msgs/msg/detail/command__functions.h
[8.590s] -- Installing: /home/lorenzo/Two_Wheel/ros_foxy_ws/install/two_wheel_control_msgs/include/two_wheel_control_msgs/msg/detail/command__functions.c
[8.591s] -- Installing: /home/lorenzo/Two_Wheel/ros_foxy_ws/install/two_wheel_control_msgs/include/two_wheel_control_msgs/msg/detail/command__type_support.h
[8.591s] -- Installing: /home/lorenzo/Two_Wheel/ros_foxy_ws/install/two_wheel_control_msgs/include/two_wheel_control_msgs/msg/detail/command__struct.h
[8.591s] -- Installing: /home/lorenzo/Two_Wheel/ros_foxy_ws/install/two_wheel_control_msgs/share/two_wheel_control_msgs/environment/library_path.sh
[8.591s] -- Installing: /home/lorenzo/Two_Wheel/ros_foxy_ws/install/two_wheel_control_msgs/share/two_wheel_control_msgs/environment/library_path.dsv
[8.592s] -- Installing: /home/lorenzo/Two_Wheel/ros_foxy_ws/install/two_wheel_control_msgs/lib/libtwo_wheel_control_msgs__rosidl_generator_c.so
[8.592s] -- Set runtime path of "/home/lorenzo/Two_Wheel/ros_foxy_ws/install/two_wheel_control_msgs/lib/libtwo_wheel_control_msgs__rosidl_generator_c.so" to ""
[8.593s] -- Up-to-date: /home/lorenzo/Two_Wheel/ros_foxy_ws/install/two_wheel_control_msgs/include/two_wheel_control_msgs
[8.593s] -- Up-to-date: /home/lorenzo/Two_Wheel/ros_foxy_ws/install/two_wheel_control_msgs/include/two_wheel_control_msgs/msg
[8.593s] -- Installing: /home/lorenzo/Two_Wheel/ros_foxy_ws/install/two_wheel_control_msgs/include/two_wheel_control_msgs/msg/rosidl_typesupport_fastrtps_c__visibility_control.h
[8.593s] -- Up-to-date: /home/lorenzo/Two_Wheel/ros_foxy_ws/install/two_wheel_control_msgs/include/two_wheel_control_msgs/msg/detail
[8.594s] -- Installing: /home/lorenzo/Two_Wheel/ros_foxy_ws/install/two_wheel_control_msgs/include/two_wheel_control_msgs/msg/detail/command__rosidl_typesupport_fastrtps_c.h
[8.594s] -- Installing: /home/lorenzo/Two_Wheel/ros_foxy_ws/install/two_wheel_control_msgs/lib/libtwo_wheel_control_msgs__rosidl_typesupport_fastrtps_c.so
[8.594s] -- Set runtime path of "/home/lorenzo/Two_Wheel/ros_foxy_ws/install/two_wheel_control_msgs/lib/libtwo_wheel_control_msgs__rosidl_typesupport_fastrtps_c.so" to ""
[8.595s] -- Up-to-date: /home/lorenzo/Two_Wheel/ros_foxy_ws/install/two_wheel_control_msgs/include/two_wheel_control_msgs
[8.595s] -- Up-to-date: /home/lorenzo/Two_Wheel/ros_foxy_ws/install/two_wheel_control_msgs/include/two_wheel_control_msgs/msg
[8.595s] -- Up-to-date: /home/lorenzo/Two_Wheel/ros_foxy_ws/install/two_wheel_control_msgs/include/two_wheel_control_msgs/msg/detail
[8.595s] -- Installing: /home/lorenzo/Two_Wheel/ros_foxy_ws/install/two_wheel_control_msgs/include/two_wheel_control_msgs/msg/detail/command__rosidl_typesupport_fastrtps_cpp.hpp
[8.595s] -- Installing: /home/lorenzo/Two_Wheel/ros_foxy_ws/install/two_wheel_control_msgs/include/two_wheel_control_msgs/msg/detail/dds_fastrtps
[8.596s] -- Installing: /home/lorenzo/Two_Wheel/ros_foxy_ws/install/two_wheel_control_msgs/include/two_wheel_control_msgs/msg/rosidl_typesupport_fastrtps_cpp__visibility_control.h
[8.596s] -- Installing: /home/lorenzo/Two_Wheel/ros_foxy_ws/install/two_wheel_control_msgs/lib/libtwo_wheel_control_msgs__rosidl_typesupport_fastrtps_cpp.so
[8.596s] -- Set runtime path of "/home/lorenzo/Two_Wheel/ros_foxy_ws/install/two_wheel_control_msgs/lib/libtwo_wheel_control_msgs__rosidl_typesupport_fastrtps_cpp.so" to ""
[8.597s] -- Up-to-date: /home/lorenzo/Two_Wheel/ros_foxy_ws/install/two_wheel_control_msgs/include/two_wheel_control_msgs
[8.597s] -- Up-to-date: /home/lorenzo/Two_Wheel/ros_foxy_ws/install/two_wheel_control_msgs/include/two_wheel_control_msgs/msg
[8.597s] -- Installing: /home/lorenzo/Two_Wheel/ros_foxy_ws/install/two_wheel_control_msgs/include/two_wheel_control_msgs/msg/rosidl_typesupport_introspection_c__visibility_control.h
[8.597s] -- Up-to-date: /home/lorenzo/Two_Wheel/ros_foxy_ws/install/two_wheel_control_msgs/include/two_wheel_control_msgs/msg/detail
[8.598s] -- Installing: /home/lorenzo/Two_Wheel/ros_foxy_ws/install/two_wheel_control_msgs/include/two_wheel_control_msgs/msg/detail/command__type_support.c
[8.598s] -- Installing: /home/lorenzo/Two_Wheel/ros_foxy_ws/install/two_wheel_control_msgs/include/two_wheel_control_msgs/msg/detail/command__rosidl_typesupport_introspection_c.h
[8.598s] -- Installing: /home/lorenzo/Two_Wheel/ros_foxy_ws/install/two_wheel_control_msgs/lib/libtwo_wheel_control_msgs__rosidl_typesupport_introspection_c.so
[8.598s] -- Set runtime path of "/home/lorenzo/Two_Wheel/ros_foxy_ws/install/two_wheel_control_msgs/lib/libtwo_wheel_control_msgs__rosidl_typesupport_introspection_c.so" to ""
[8.599s] -- Installing: /home/lorenzo/Two_Wheel/ros_foxy_ws/install/two_wheel_control_msgs/lib/libtwo_wheel_control_msgs__rosidl_typesupport_c.so
[8.599s] -- Set runtime path of "/home/lorenzo/Two_Wheel/ros_foxy_ws/install/two_wheel_control_msgs/lib/libtwo_wheel_control_msgs__rosidl_typesupport_c.so" to ""
[8.600s] -- Up-to-date: /home/lorenzo/Two_Wheel/ros_foxy_ws/install/two_wheel_control_msgs/include/two_wheel_control_msgs
[8.600s] -- Up-to-date: /home/lorenzo/Two_Wheel/ros_foxy_ws/install/two_wheel_control_msgs/include/two_wheel_control_msgs/msg
[8.600s] -- Installing: /home/lorenzo/Two_Wheel/ros_foxy_ws/install/two_wheel_control_msgs/include/two_wheel_control_msgs/msg/command.hpp
[8.600s] -- Up-to-date: /home/lorenzo/Two_Wheel/ros_foxy_ws/install/two_wheel_control_msgs/include/two_wheel_control_msgs/msg/detail
[8.601s] -- Installing: /home/lorenzo/Two_Wheel/ros_foxy_ws/install/two_wheel_control_msgs/include/two_wheel_control_msgs/msg/detail/command__traits.hpp
[8.601s] -- Installing: /home/lorenzo/Two_Wheel/ros_foxy_ws/install/two_wheel_control_msgs/include/two_wheel_control_msgs/msg/detail/command__builder.hpp
[8.601s] -- Installing: /home/lorenzo/Two_Wheel/ros_foxy_ws/install/two_wheel_control_msgs/include/two_wheel_control_msgs/msg/detail/command__struct.hpp
[8.601s] -- Up-to-date: /home/lorenzo/Two_Wheel/ros_foxy_ws/install/two_wheel_control_msgs/include/two_wheel_control_msgs
[8.601s] -- Up-to-date: /home/lorenzo/Two_Wheel/ros_foxy_ws/install/two_wheel_control_msgs/include/two_wheel_control_msgs/msg
[8.602s] -- Up-to-date: /home/lorenzo/Two_Wheel/ros_foxy_ws/install/two_wheel_control_msgs/include/two_wheel_control_msgs/msg/detail
[8.602s] -- Installing: /home/lorenzo/Two_Wheel/ros_foxy_ws/install/two_wheel_control_msgs/include/two_wheel_control_msgs/msg/detail/command__rosidl_typesupport_introspection_cpp.hpp
[8.602s] -- Installing: /home/lorenzo/Two_Wheel/ros_foxy_ws/install/two_wheel_control_msgs/include/two_wheel_control_msgs/msg/detail/command__type_support.cpp
[8.602s] -- Installing: /home/lorenzo/Two_Wheel/ros_foxy_ws/install/two_wheel_control_msgs/lib/libtwo_wheel_control_msgs__rosidl_typesupport_introspection_cpp.so
[8.602s] -- Set runtime path of "/home/lorenzo/Two_Wheel/ros_foxy_ws/install/two_wheel_control_msgs/lib/libtwo_wheel_control_msgs__rosidl_typesupport_introspection_cpp.so" to ""
[8.603s] -- Installing: /home/lorenzo/Two_Wheel/ros_foxy_ws/install/two_wheel_control_msgs/lib/libtwo_wheel_control_msgs__rosidl_typesupport_cpp.so
[8.604s] -- Set runtime path of "/home/lorenzo/Two_Wheel/ros_foxy_ws/install/two_wheel_control_msgs/lib/libtwo_wheel_control_msgs__rosidl_typesupport_cpp.so" to ""
[8.604s] -- Installing: /home/lorenzo/Two_Wheel/ros_foxy_ws/install/two_wheel_control_msgs/share/two_wheel_control_msgs/environment/pythonpath.sh
[8.604s] -- Installing: /home/lorenzo/Two_Wheel/ros_foxy_ws/install/two_wheel_control_msgs/share/two_wheel_control_msgs/environment/pythonpath.dsv
[8.604s] -- Installing: /home/lorenzo/Two_Wheel/ros_foxy_ws/install/two_wheel_control_msgs/lib/python3.8/site-packages/two_wheel_control_msgs/__init__.py
[8.649s] Compiling '/home/lorenzo/Two_Wheel/ros_foxy_ws/install/two_wheel_control_msgs/lib/python3.8/site-packages/two_wheel_control_msgs/__init__.py'...
[8.658s] -- Installing: /home/lorenzo/Two_Wheel/ros_foxy_ws/install/two_wheel_control_msgs/lib/python3.8/site-packages/two_wheel_control_msgs/msg
[8.658s] -- Installing: /home/lorenzo/Two_Wheel/ros_foxy_ws/install/two_wheel_control_msgs/lib/python3.8/site-packages/two_wheel_control_msgs/msg/__init__.py
[8.658s] -- Installing: /home/lorenzo/Two_Wheel/ros_foxy_ws/install/two_wheel_control_msgs/lib/python3.8/site-packages/two_wheel_control_msgs/msg/_command.py
[8.659s] -- Installing: /home/lorenzo/Two_Wheel/ros_foxy_ws/install/two_wheel_control_msgs/lib/python3.8/site-packages/two_wheel_control_msgs/msg/_command_s.c
[8.659s] -- Installing: /home/lorenzo/Two_Wheel/ros_foxy_ws/install/two_wheel_control_msgs/lib/python3.8/site-packages/two_wheel_control_msgs/two_wheel_control_msgs_s__rosidl_typesupport_fastrtps_c.cpython-38-x86_64-linux-gnu.so
[8.660s] -- Set runtime path of "/home/lorenzo/Two_Wheel/ros_foxy_ws/install/two_wheel_control_msgs/lib/python3.8/site-packages/two_wheel_control_msgs/two_wheel_control_msgs_s__rosidl_typesupport_fastrtps_c.cpython-38-x86_64-linux-gnu.so" to ""
[8.661s] -- Installing: /home/lorenzo/Two_Wheel/ros_foxy_ws/install/two_wheel_control_msgs/lib/python3.8/site-packages/two_wheel_control_msgs/two_wheel_control_msgs_s__rosidl_typesupport_introspection_c.cpython-38-x86_64-linux-gnu.so
[8.662s] -- Set runtime path of "/home/lorenzo/Two_Wheel/ros_foxy_ws/install/two_wheel_control_msgs/lib/python3.8/site-packages/two_wheel_control_msgs/two_wheel_control_msgs_s__rosidl_typesupport_introspection_c.cpython-38-x86_64-linux-gnu.so" to ""
[8.662s] -- Installing: /home/lorenzo/Two_Wheel/ros_foxy_ws/install/two_wheel_control_msgs/lib/python3.8/site-packages/two_wheel_control_msgs/two_wheel_control_msgs_s__rosidl_typesupport_c.cpython-38-x86_64-linux-gnu.so
[8.663s] -- Set runtime path of "/home/lorenzo/Two_Wheel/ros_foxy_ws/install/two_wheel_control_msgs/lib/python3.8/site-packages/two_wheel_control_msgs/two_wheel_control_msgs_s__rosidl_typesupport_c.cpython-38-x86_64-linux-gnu.so" to ""
[8.664s] -- Installing: /home/lorenzo/Two_Wheel/ros_foxy_ws/install/two_wheel_control_msgs/lib/libtwo_wheel_control_msgs__python.so
[8.664s] -- Set runtime path of "/home/lorenzo/Two_Wheel/ros_foxy_ws/install/two_wheel_control_msgs/lib/libtwo_wheel_control_msgs__python.so" to ""
[8.665s] -- Installing: /home/lorenzo/Two_Wheel/ros_foxy_ws/install/two_wheel_control_msgs/share/two_wheel_control_msgs/msg/Command.idl
[8.665s] -- Installing: /home/lorenzo/Two_Wheel/ros_foxy_ws/install/two_wheel_control_msgs/share/two_wheel_control_msgs/msg/Command.msg
[8.665s] -- Installing: /home/lorenzo/Two_Wheel/ros_foxy_ws/install/two_wheel_control_msgs/share/ament_index/resource_index/package_run_dependencies/two_wheel_control_msgs
[8.666s] -- Installing: /home/lorenzo/Two_Wheel/ros_foxy_ws/install/two_wheel_control_msgs/share/ament_index/resource_index/parent_prefix_path/two_wheel_control_msgs
[8.666s] -- Installing: /home/lorenzo/Two_Wheel/ros_foxy_ws/install/two_wheel_control_msgs/share/two_wheel_control_msgs/environment/ament_prefix_path.sh
[8.666s] -- Installing: /home/lorenzo/Two_Wheel/ros_foxy_ws/install/two_wheel_control_msgs/share/two_wheel_control_msgs/environment/ament_prefix_path.dsv
[8.667s] -- Installing: /home/lorenzo/Two_Wheel/ros_foxy_ws/install/two_wheel_control_msgs/share/two_wheel_control_msgs/environment/path.sh
[8.667s] -- Installing: /home/lorenzo/Two_Wheel/ros_foxy_ws/install/two_wheel_control_msgs/share/two_wheel_control_msgs/environment/path.dsv
[8.667s] -- Installing: /home/lorenzo/Two_Wheel/ros_foxy_ws/install/two_wheel_control_msgs/share/two_wheel_control_msgs/local_setup.bash
[8.668s] -- Installing: /home/lorenzo/Two_Wheel/ros_foxy_ws/install/two_wheel_control_msgs/share/two_wheel_control_msgs/local_setup.sh
[8.668s] -- Installing: /home/lorenzo/Two_Wheel/ros_foxy_ws/install/two_wheel_control_msgs/share/two_wheel_control_msgs/local_setup.zsh
[8.668s] -- Installing: /home/lorenzo/Two_Wheel/ros_foxy_ws/install/two_wheel_control_msgs/share/two_wheel_control_msgs/local_setup.dsv
[8.669s] -- Installing: /home/lorenzo/Two_Wheel/ros_foxy_ws/install/two_wheel_control_msgs/share/two_wheel_control_msgs/package.dsv
[8.669s] -- Installing: /home/lorenzo/Two_Wheel/ros_foxy_ws/install/two_wheel_control_msgs/share/ament_index/resource_index/packages/two_wheel_control_msgs
[8.669s] -- Installing: /home/lorenzo/Two_Wheel/ros_foxy_ws/install/two_wheel_control_msgs/share/two_wheel_control_msgs/cmake/two_wheel_control_msgs__rosidl_generator_cExport.cmake
[8.670s] -- Installing: /home/lorenzo/Two_Wheel/ros_foxy_ws/install/two_wheel_control_msgs/share/two_wheel_control_msgs/cmake/two_wheel_control_msgs__rosidl_generator_cExport-noconfig.cmake
[8.670s] -- Installing: /home/lorenzo/Two_Wheel/ros_foxy_ws/install/two_wheel_control_msgs/share/two_wheel_control_msgs/cmake/two_wheel_control_msgs__rosidl_typesupport_introspection_cExport.cmake
[8.670s] -- Installing: /home/lorenzo/Two_Wheel/ros_foxy_ws/install/two_wheel_control_msgs/share/two_wheel_control_msgs/cmake/two_wheel_control_msgs__rosidl_typesupport_introspection_cExport-noconfig.cmake
[8.671s] -- Installing: /home/lorenzo/Two_Wheel/ros_foxy_ws/install/two_wheel_control_msgs/share/two_wheel_control_msgs/cmake/two_wheel_control_msgs__rosidl_typesupport_cExport.cmake
[8.671s] -- Installing: /home/lorenzo/Two_Wheel/ros_foxy_ws/install/two_wheel_control_msgs/share/two_wheel_control_msgs/cmake/two_wheel_control_msgs__rosidl_typesupport_cExport-noconfig.cmake
[8.672s] -- Installing: /home/lorenzo/Two_Wheel/ros_foxy_ws/install/two_wheel_control_msgs/share/two_wheel_control_msgs/cmake/two_wheel_control_msgs__rosidl_generator_cppExport.cmake
[8.672s] -- Installing: /home/lorenzo/Two_Wheel/ros_foxy_ws/install/two_wheel_control_msgs/share/two_wheel_control_msgs/cmake/two_wheel_control_msgs__rosidl_typesupport_introspection_cppExport.cmake
[8.672s] -- Installing: /home/lorenzo/Two_Wheel/ros_foxy_ws/install/two_wheel_control_msgs/share/two_wheel_control_msgs/cmake/two_wheel_control_msgs__rosidl_typesupport_introspection_cppExport-noconfig.cmake
[8.673s] -- Installing: /home/lorenzo/Two_Wheel/ros_foxy_ws/install/two_wheel_control_msgs/share/two_wheel_control_msgs/cmake/two_wheel_control_msgs__rosidl_typesupport_cppExport.cmake
[8.673s] -- Installing: /home/lorenzo/Two_Wheel/ros_foxy_ws/install/two_wheel_control_msgs/share/two_wheel_control_msgs/cmake/two_wheel_control_msgs__rosidl_typesupport_cppExport-noconfig.cmake
[8.673s] -- Installing: /home/lorenzo/Two_Wheel/ros_foxy_ws/install/two_wheel_control_msgs/share/two_wheel_control_msgs/cmake/rosidl_cmake-extras.cmake
[8.674s] -- Installing: /home/lorenzo/Two_Wheel/ros_foxy_ws/install/two_wheel_control_msgs/share/two_wheel_control_msgs/cmake/ament_cmake_export_dependencies-extras.cmake
[8.674s] -- Installing: /home/lorenzo/Two_Wheel/ros_foxy_ws/install/two_wheel_control_msgs/share/two_wheel_control_msgs/cmake/ament_cmake_export_libraries-extras.cmake
[8.674s] -- Installing: /home/lorenzo/Two_Wheel/ros_foxy_ws/install/two_wheel_control_msgs/share/two_wheel_control_msgs/cmake/ament_cmake_export_targets-extras.cmake
[8.675s] -- Installing: /home/lorenzo/Two_Wheel/ros_foxy_ws/install/two_wheel_control_msgs/share/two_wheel_control_msgs/cmake/ament_cmake_export_include_directories-extras.cmake
[8.675s] -- Installing: /home/lorenzo/Two_Wheel/ros_foxy_ws/install/two_wheel_control_msgs/share/two_wheel_control_msgs/cmake/rosidl_cmake_export_typesupport_libraries-extras.cmake
[8.675s] -- Installing: /home/lorenzo/Two_Wheel/ros_foxy_ws/install/two_wheel_control_msgs/share/two_wheel_control_msgs/cmake/rosidl_cmake_export_typesupport_targets-extras.cmake
[8.676s] -- Installing: /home/lorenzo/Two_Wheel/ros_foxy_ws/install/two_wheel_control_msgs/share/two_wheel_control_msgs/cmake/two_wheel_control_msgsConfig.cmake
[8.676s] -- Installing: /home/lorenzo/Two_Wheel/ros_foxy_ws/install/two_wheel_control_msgs/share/two_wheel_control_msgs/cmake/two_wheel_control_msgsConfig-version.cmake
[8.676s] -- Installing: /home/lorenzo/Two_Wheel/ros_foxy_ws/install/two_wheel_control_msgs/share/two_wheel_control_msgs/package.xml
[8.685s] Invoked command in '/home/lorenzo/Two_Wheel/ros_foxy_ws/build/two_wheel_control_msgs' returned '0': CMAKE_PREFIX_PATH=${CMAKE_PREFIX_PATH}:/opt/ros/foxy /usr/bin/cmake --install /home/lorenzo/Two_Wheel/ros_foxy_ws/build/two_wheel_control_msgs
