[0.020s] Invoking command in '/home/lorenzo/Two_Wheel/ros_foxy_ws/build/Two_Wheel_sim': CMAKE_PREFIX_PATH=/opt/ros/foxy /usr/bin/cmake /home/lorenzo/Two_Wheel/ros_foxy_ws/src/two_wheel_sim -DCMAKE_INSTALL_PREFIX=/home/lorenzo/Two_Wheel/ros_foxy_ws/install/Two_Wheel_sim
[0.254s] -- The C compiler identification is GNU 9.4.0
[0.418s] -- The CXX compiler identification is GNU 9.4.0
[0.424s] -- Check for working C compiler: /usr/bin/cc
[0.518s] -- Check for working C compiler: /usr/bin/cc -- works
[0.520s] -- Detecting C compiler ABI info
[0.611s] -- Detecting C compiler ABI info - done
[0.631s] -- Detecting C compile features
[0.636s] -- Detecting C compile features - done
[0.641s] -- Check for working CXX compiler: /usr/bin/c++
[0.741s] -- Check for working CXX compiler: /usr/bin/c++ -- works
[0.743s] -- Detecting CXX compiler ABI info
[0.842s] -- Detecting CXX compiler ABI info - done
[0.858s] -- Detecting CXX compile features
[0.858s] -- Detecting CXX compile features - done
[0.864s] -- Found ament_cmake: 0.9.9 (/opt/ros/foxy/share/ament_cmake/cmake)
[0.897s] -- Found PythonInterp: /usr/bin/python3 (found suitable version "3.8.10", minimum required is "3") 
[0.897s] -- Using PYTHON_EXECUTABLE: /usr/bin/python3
[1.218s] -- Found ament_lint_auto: 0.9.6 (/opt/ros/foxy/share/ament_lint_auto/cmake)
[1.284s] WARNING: Package name "Two_Wheel_sim" does not follow the naming conventions. It should start with a lower case letter and only contain lower case letters, digits, underscores, and dashes.
[1.326s] -- Added test 'copyright' to check source files copyright and LICENSE
[1.329s] -- Added test 'flake8' to check Python code syntax and style conventions
[1.330s] -- Added test 'lint_cmake' to check CMake code style
[1.331s] -- Added test 'pep257' to check Python code against some of the style conventions in PEP 257
[1.333s] -- Added test 'xmllint' to check XML markup files
[1.337s] -- Configuring done
[1.339s] -- Generating done
[1.340s] -- Build files have been written to: /home/lorenzo/Two_Wheel/ros_foxy_ws/build/Two_Wheel_sim
[1.344s] Invoked command in '/home/lorenzo/Two_Wheel/ros_foxy_ws/build/Two_Wheel_sim' returned '0': CMAKE_PREFIX_PATH=/opt/ros/foxy /usr/bin/cmake /home/lorenzo/Two_Wheel/ros_foxy_ws/src/two_wheel_sim -DCMAKE_INSTALL_PREFIX=/home/lorenzo/Two_Wheel/ros_foxy_ws/install/Two_Wheel_sim
[1.348s] Invoking command in '/home/lorenzo/Two_Wheel/ros_foxy_ws/build/Two_Wheel_sim': CMAKE_PREFIX_PATH=/opt/ros/foxy /usr/bin/cmake --build /home/lorenzo/Two_Wheel/ros_foxy_ws/build/Two_Wheel_sim -- -j4 -l4
[1.397s] Invoked command in '/home/lorenzo/Two_Wheel/ros_foxy_ws/build/Two_Wheel_sim' returned '0': CMAKE_PREFIX_PATH=/opt/ros/foxy /usr/bin/cmake --build /home/lorenzo/Two_Wheel/ros_foxy_ws/build/Two_Wheel_sim -- -j4 -l4
[1.442s] Invoking command in '/home/lorenzo/Two_Wheel/ros_foxy_ws/build/Two_Wheel_sim': CMAKE_PREFIX_PATH=/opt/ros/foxy /usr/bin/cmake --install /home/lorenzo/Two_Wheel/ros_foxy_ws/build/Two_Wheel_sim
[1.453s] -- Install configuration: ""
[1.454s] -- Installing: /home/lorenzo/Two_Wheel/ros_foxy_ws/install/Two_Wheel_sim/share/Two_Wheel_sim/urdf
[1.454s] -- Installing: /home/lorenzo/Two_Wheel/ros_foxy_ws/install/Two_Wheel_sim/share/Two_Wheel_sim/urdf/two_wheel.xacro.urdf
[1.454s] -- Installing: /home/lorenzo/Two_Wheel/ros_foxy_ws/install/Two_Wheel_sim/share/Two_Wheel_sim/launch
[1.454s] -- Installing: /home/lorenzo/Two_Wheel/ros_foxy_ws/install/Two_Wheel_sim/share/Two_Wheel_sim/launch/two_wheel_sim.launch.py
[1.455s] -- Installing: /home/lorenzo/Two_Wheel/ros_foxy_ws/install/Two_Wheel_sim/share/ament_index/resource_index/package_run_dependencies/Two_Wheel_sim
[1.455s] -- Installing: /home/lorenzo/Two_Wheel/ros_foxy_ws/install/Two_Wheel_sim/share/ament_index/resource_index/parent_prefix_path/Two_Wheel_sim
[1.455s] -- Installing: /home/lorenzo/Two_Wheel/ros_foxy_ws/install/Two_Wheel_sim/share/Two_Wheel_sim/environment/ament_prefix_path.sh
[1.455s] -- Installing: /home/lorenzo/Two_Wheel/ros_foxy_ws/install/Two_Wheel_sim/share/Two_Wheel_sim/environment/ament_prefix_path.dsv
[1.456s] -- Installing: /home/lorenzo/Two_Wheel/ros_foxy_ws/install/Two_Wheel_sim/share/Two_Wheel_sim/environment/path.sh
[1.456s] -- Installing: /home/lorenzo/Two_Wheel/ros_foxy_ws/install/Two_Wheel_sim/share/Two_Wheel_sim/environment/path.dsv
[1.456s] -- Installing: /home/lorenzo/Two_Wheel/ros_foxy_ws/install/Two_Wheel_sim/share/Two_Wheel_sim/local_setup.bash
[1.456s] -- Installing: /home/lorenzo/Two_Wheel/ros_foxy_ws/install/Two_Wheel_sim/share/Two_Wheel_sim/local_setup.sh
[1.457s] -- Installing: /home/lorenzo/Two_Wheel/ros_foxy_ws/install/Two_Wheel_sim/share/Two_Wheel_sim/local_setup.zsh
[1.457s] -- Installing: /home/lorenzo/Two_Wheel/ros_foxy_ws/install/Two_Wheel_sim/share/Two_Wheel_sim/local_setup.dsv
[1.457s] -- Installing: /home/lorenzo/Two_Wheel/ros_foxy_ws/install/Two_Wheel_sim/share/Two_Wheel_sim/package.dsv
[1.457s] -- Installing: /home/lorenzo/Two_Wheel/ros_foxy_ws/install/Two_Wheel_sim/share/ament_index/resource_index/packages/Two_Wheel_sim
[1.458s] -- Installing: /home/lorenzo/Two_Wheel/ros_foxy_ws/install/Two_Wheel_sim/share/Two_Wheel_sim/cmake/Two_Wheel_simConfig.cmake
[1.458s] -- Installing: /home/lorenzo/Two_Wheel/ros_foxy_ws/install/Two_Wheel_sim/share/Two_Wheel_sim/cmake/Two_Wheel_simConfig-version.cmake
[1.458s] -- Up-to-date: /home/lorenzo/Two_Wheel/ros_foxy_ws/install/Two_Wheel_sim/share/Two_Wheel_sim/package.xml
[1.461s] Invoked command in '/home/lorenzo/Two_Wheel/ros_foxy_ws/build/Two_Wheel_sim' returned '0': CMAKE_PREFIX_PATH=/opt/ros/foxy /usr/bin/cmake --install /home/lorenzo/Two_Wheel/ros_foxy_ws/build/Two_Wheel_sim
