[0.021s] Invoking command in '/home/lorenzo/Two_Wheel/ros_foxy_ws/build/two_wheel_control': CMAKE_PREFIX_PATH=${CMAKE_PREFIX_PATH}:/opt/ros/foxy /usr/bin/cmake /home/lorenzo/Two_Wheel/ros_foxy_ws/src/two_wheel_control -DCMAKE_INSTALL_PREFIX=/home/lorenzo/Two_Wheel/ros_foxy_ws/install/two_wheel_control
[0.120s] -- The C compiler identification is GNU 9.4.0
[0.208s] -- The CXX compiler identification is GNU 9.4.0
[0.219s] -- Check for working C compiler: /usr/bin/cc
[0.353s] -- Check for working C compiler: /usr/bin/cc -- works
[0.353s] -- Detecting C compiler ABI info
[0.536s] -- Detecting C compiler ABI info - done
[0.572s] -- Detecting C compile features
[0.578s] -- Detecting C compile features - done
[0.597s] -- Check for working CXX compiler: /usr/bin/c++
[0.883s] -- Check for working CXX compiler: /usr/bin/c++ -- works
[0.885s] -- Detecting CXX compiler ABI info
[1.004s] -- Detecting CXX compiler ABI info - done
[1.023s] -- Detecting CXX compile features
[1.024s] -- Detecting CXX compile features - done
[1.028s] -- Found ament_cmake: 0.9.9 (/opt/ros/foxy/share/ament_cmake/cmake)
[1.070s] -- Found PythonInterp: /usr/bin/python3 (found suitable version "3.8.10", minimum required is "3") 
[1.070s] -- Using PYTHON_EXECUTABLE: /usr/bin/python3
[1.521s] -- Found ros2_control: 0.10.1 (/opt/ros/foxy/share/ros2_control/cmake)
[1.524s] -- Found rclcpp: 2.4.1 (/opt/ros/foxy/share/rclcpp/cmake)
[1.622s] -- Using all available rosidl_typesupport_c: rosidl_typesupport_fastrtps_c;rosidl_typesupport_introspection_c
[1.632s] -- Found rosidl_adapter: 1.2.1 (/opt/ros/foxy/share/rosidl_adapter/cmake)
[1.760s] -- Found OpenSSL: /usr/lib/x86_64-linux-gnu/libcrypto.so (found version "1.1.1f")  
[1.790s] -- Found FastRTPS: /opt/ros/foxy/include  
[1.894s] -- Using all available rosidl_typesupport_cpp: rosidl_typesupport_fastrtps_cpp;rosidl_typesupport_introspection_cpp
[1.979s] -- Found rmw_implementation_cmake: 1.0.3 (/opt/ros/foxy/share/rmw_implementation_cmake/cmake)
[1.981s] -- Using RMW implementation 'rmw_fastrtps_cpp' as default
[1.983s] -- Looking for pthread.h
[2.096s] -- Looking for pthread.h - found
[2.096s] -- Performing Test CMAKE_HAVE_LIBC_PTHREAD
[2.211s] -- Performing Test CMAKE_HAVE_LIBC_PTHREAD - Failed
[2.211s] -- Looking for pthread_create in pthreads
[2.366s] -- Looking for pthread_create in pthreads - not found
[2.366s] -- Looking for pthread_create in pthread
[2.544s] -- Looking for pthread_create in pthread - found
[2.545s] -- Found Threads: TRUE  
[2.788s] -- Found ament_lint_auto: 0.9.6 (/opt/ros/foxy/share/ament_lint_auto/cmake)
[2.925s] -- Added test 'copyright' to check source files copyright and LICENSE
[2.927s] -- Added test 'cppcheck' to perform static code analysis on C / C++ code
[2.927s] -- Configured cppcheck include dirs: 
[2.928s] -- Configured cppcheck exclude dirs and/or files: 
[2.929s] -- Added test 'cpplint' to check C / C++ code against the Google style
[2.930s] -- Configured cpplint exclude dirs and/or files: 
[2.931s] -- Added test 'lint_cmake' to check CMake code style
[2.933s] -- Added test 'uncrustify' to check C / C++ code style
[2.933s] -- Configured uncrustify additional arguments: 
[2.935s] -- Added test 'xmllint' to check XML markup files
[2.941s] -- Configuring done
[2.946s] -- Generating done
[2.949s] -- Build files have been written to: /home/lorenzo/Two_Wheel/ros_foxy_ws/build/two_wheel_control
[2.961s] Invoked command in '/home/lorenzo/Two_Wheel/ros_foxy_ws/build/two_wheel_control' returned '0': CMAKE_PREFIX_PATH=${CMAKE_PREFIX_PATH}:/opt/ros/foxy /usr/bin/cmake /home/lorenzo/Two_Wheel/ros_foxy_ws/src/two_wheel_control -DCMAKE_INSTALL_PREFIX=/home/lorenzo/Two_Wheel/ros_foxy_ws/install/two_wheel_control
[2.964s] Invoking command in '/home/lorenzo/Two_Wheel/ros_foxy_ws/build/two_wheel_control': CMAKE_PREFIX_PATH=${CMAKE_PREFIX_PATH}:/opt/ros/foxy /usr/bin/cmake --build /home/lorenzo/Two_Wheel/ros_foxy_ws/build/two_wheel_control -- -j4 -l4
[3.024s] Invoked command in '/home/lorenzo/Two_Wheel/ros_foxy_ws/build/two_wheel_control' returned '0': CMAKE_PREFIX_PATH=${CMAKE_PREFIX_PATH}:/opt/ros/foxy /usr/bin/cmake --build /home/lorenzo/Two_Wheel/ros_foxy_ws/build/two_wheel_control -- -j4 -l4
[3.061s] Invoking command in '/home/lorenzo/Two_Wheel/ros_foxy_ws/build/two_wheel_control': CMAKE_PREFIX_PATH=${CMAKE_PREFIX_PATH}:/opt/ros/foxy /usr/bin/cmake --install /home/lorenzo/Two_Wheel/ros_foxy_ws/build/two_wheel_control
[3.073s] -- Install configuration: ""
[3.073s] -- Installing: /home/lorenzo/Two_Wheel/ros_foxy_ws/install/two_wheel_control/share/ament_index/resource_index/package_run_dependencies/two_wheel_control
[3.073s] -- Installing: /home/lorenzo/Two_Wheel/ros_foxy_ws/install/two_wheel_control/share/ament_index/resource_index/parent_prefix_path/two_wheel_control
[3.074s] -- Installing: /home/lorenzo/Two_Wheel/ros_foxy_ws/install/two_wheel_control/share/two_wheel_control/environment/ament_prefix_path.sh
[3.074s] -- Installing: /home/lorenzo/Two_Wheel/ros_foxy_ws/install/two_wheel_control/share/two_wheel_control/environment/ament_prefix_path.dsv
[3.074s] -- Installing: /home/lorenzo/Two_Wheel/ros_foxy_ws/install/two_wheel_control/share/two_wheel_control/environment/path.sh
[3.075s] -- Installing: /home/lorenzo/Two_Wheel/ros_foxy_ws/install/two_wheel_control/share/two_wheel_control/environment/path.dsv
[3.075s] -- Installing: /home/lorenzo/Two_Wheel/ros_foxy_ws/install/two_wheel_control/share/two_wheel_control/local_setup.bash
[3.075s] -- Installing: /home/lorenzo/Two_Wheel/ros_foxy_ws/install/two_wheel_control/share/two_wheel_control/local_setup.sh
[3.076s] -- Installing: /home/lorenzo/Two_Wheel/ros_foxy_ws/install/two_wheel_control/share/two_wheel_control/local_setup.zsh
[3.076s] -- Installing: /home/lorenzo/Two_Wheel/ros_foxy_ws/install/two_wheel_control/share/two_wheel_control/local_setup.dsv
[3.076s] -- Installing: /home/lorenzo/Two_Wheel/ros_foxy_ws/install/two_wheel_control/share/two_wheel_control/package.dsv
[3.077s] -- Installing: /home/lorenzo/Two_Wheel/ros_foxy_ws/install/two_wheel_control/share/ament_index/resource_index/packages/two_wheel_control
[3.077s] -- Installing: /home/lorenzo/Two_Wheel/ros_foxy_ws/install/two_wheel_control/share/two_wheel_control/cmake/two_wheel_controlConfig.cmake
[3.077s] -- Installing: /home/lorenzo/Two_Wheel/ros_foxy_ws/install/two_wheel_control/share/two_wheel_control/cmake/two_wheel_controlConfig-version.cmake
[3.077s] -- Installing: /home/lorenzo/Two_Wheel/ros_foxy_ws/install/two_wheel_control/share/two_wheel_control/package.xml
[3.089s] Invoked command in '/home/lorenzo/Two_Wheel/ros_foxy_ws/build/two_wheel_control' returned '0': CMAKE_PREFIX_PATH=${CMAKE_PREFIX_PATH}:/opt/ros/foxy /usr/bin/cmake --install /home/lorenzo/Two_Wheel/ros_foxy_ws/build/two_wheel_control
