[0.020s] Invoking command in '/home/lorenzo/Two_Wheel/ros_foxy_ws/build/two_wheel_control': AMENT_PREFIX_PATH=/home/lorenzo/Two_Wheel/ros_foxy_ws/install:${AMENT_PREFIX_PATH} CMAKE_PREFIX_PATH=/home/lorenzo/Two_Wheel/ros_foxy_ws/install:/home/lorenzo/Two_Wheel/ros_foxy_ws/install/two_wheel_control_msgs:/home/lorenzo/Two_Wheel/ros_foxy_ws/install/two_wheel_control:/home/lorenzo/Two_Wheel/ros_foxy_ws/install/two_wheel_sim:/home/lorenzo/Two_Wheel/ros_foxy_ws/install/Two_Wheel_sim:/opt/ros/foxy LD_LIBRARY_PATH=/home/lorenzo/Two_Wheel/ros_foxy_ws/install/lib:${LD_LIBRARY_PATH} PYTHONPATH=/home/lorenzo/Two_Wheel/ros_foxy_ws/install/lib/python3.8/site-packages:${PYTHONPATH} /usr/bin/cmake --build /home/lorenzo/Two_Wheel/ros_foxy_ws/build/two_wheel_control -- -j4 -l4
[0.090s] [35m[1mScanning dependencies of target two_wheel_control[0m
[0.130s] [ 50%] [32mBuilding CXX object CMakeFiles/two_wheel_control.dir/src/two_wheel_ID_controller.cpp.o[0m
[1.918s] In file included from [01m[K/home/lorenzo/Two_Wheel/ros_foxy_ws/src/two_wheel_control/src/two_wheel_ID_controller.cpp:1[m[K:
[1.919s] [01m[K/home/lorenzo/Two_Wheel/ros_foxy_ws/src/two_wheel_control/include/two_wheel_control/two_wheel_ID_controller.hpp:31:63:[m[K [01;31m[Kerror: [m[K‘[01m[KController[m[K’ is not a member of ‘[01m[Ktwo_wheel_control_msgs::msg[m[K’
[1.919s]    31 |             rclcpp::Subscription<two_wheel_control_msgs::msg::[01;31m[KController[m[K>::SharedPtr _sub;
[1.919s]       |                                                               [01;31m[K^~~~~~~~~~[m[K
[1.919s] [01m[K/home/lorenzo/Two_Wheel/ros_foxy_ws/src/two_wheel_control/include/two_wheel_control/two_wheel_ID_controller.hpp:31:63:[m[K [01;31m[Kerror: [m[K‘[01m[KController[m[K’ is not a member of ‘[01m[Ktwo_wheel_control_msgs::msg[m[K’
[1.919s] [01m[K/home/lorenzo/Two_Wheel/ros_foxy_ws/src/two_wheel_control/include/two_wheel_control/two_wheel_ID_controller.hpp:31:73:[m[K [01;31m[Kerror: [m[Ktemplate argument 1 is invalid
[1.919s]    31 |             rclcpp::Subscription<two_wheel_control_msgs::msg::Controller[01;31m[K>[m[K::SharedPtr _sub;
[1.920s]       |                                                                         [01;31m[K^[m[K
[1.920s] [01m[K/home/lorenzo/Two_Wheel/ros_foxy_ws/src/two_wheel_control/include/two_wheel_control/two_wheel_ID_controller.hpp:31:73:[m[K [01;31m[Kerror: [m[Ktemplate argument 3 is invalid
[1.920s] [01m[K/home/lorenzo/Two_Wheel/ros_foxy_ws/src/two_wheel_control/include/two_wheel_control/two_wheel_ID_controller.hpp:31:76:[m[K [01;31m[Kerror: [m[Kexpected ‘[01m[K;[m[K’ at end of member declaration
[1.920s]    31 |             rclcpp::Subscription<two_wheel_control_msgs::msg::Controller>::[01;31m[KSharedPtr[m[K _sub;
[1.920s]       |                                                                            [01;31m[K^~~~~~~~~[m[K
[1.920s]       |                                                                                     [32m[K;[m[K
[1.921s] [01m[K/home/lorenzo/Two_Wheel/ros_foxy_ws/src/two_wheel_control/include/two_wheel_control/two_wheel_ID_controller.hpp:31:86:[m[K [01;31m[Kerror: [m[K‘[01m[K_sub[m[K’ does not name a type; did you mean ‘[01m[Kfsub[m[K’?
[1.921s]    31 |             rclcpp::Subscription<two_wheel_control_msgs::msg::Controller>::SharedPtr [01;31m[K_sub[m[K;
[1.921s]       |                                                                                      [01;31m[K^~~~[m[K
[1.921s]       |                                                                                      [32m[Kfsub[m[K
[1.924s] [01m[K/home/lorenzo/Two_Wheel/ros_foxy_ws/src/two_wheel_control/src/two_wheel_ID_controller.cpp:[m[K In member function ‘[01m[Kvirtual controller_interface::return_type two_wheel_id_controller::TwoWheelIDController::init(const string&)[m[K’:
[1.924s] [01m[K/home/lorenzo/Two_Wheel/ros_foxy_ws/src/two_wheel_control/src/two_wheel_ID_controller.cpp:17:5:[m[K [01;31m[Kerror: [m[K‘[01m[K_sub[m[K’ was not declared in this scope; did you mean ‘[01m[Kfsub[m[K’?
[1.925s]    17 |     [01;31m[K_sub[m[K = this->node_->create_subscription<two_wheel_control_msgs::msg::Command>("two_wheel_command", 10, std::bind(this, &TwoWheelIDController::subCallback, std::placeholders::_1));
[1.925s]       |     [01;31m[K^~~~[m[K
[1.925s]       |     [32m[Kfsub[m[K
[1.939s] In file included from [01m[K/opt/ros/foxy/include/rclcpp/client.hpp:32[m[K,
[1.939s]                  from [01m[K/opt/ros/foxy/include/rclcpp/callback_group.hpp:23[m[K,
[1.940s]                  from [01m[K/opt/ros/foxy/include/rclcpp/any_executable.hpp:20[m[K,
[1.940s]                  from [01m[K/opt/ros/foxy/include/rclcpp/memory_strategy.hpp:24[m[K,
[1.940s]                  from [01m[K/opt/ros/foxy/include/rclcpp/memory_strategies.hpp:18[m[K,
[1.940s]                  from [01m[K/opt/ros/foxy/include/rclcpp/executor_options.hpp:20[m[K,
[1.940s]                  from [01m[K/opt/ros/foxy/include/rclcpp/executor.hpp:33[m[K,
[1.940s]                  from [01m[K/opt/ros/foxy/include/rclcpp/executors/multi_threaded_executor.hpp:26[m[K,
[1.941s]                  from [01m[K/opt/ros/foxy/include/rclcpp/executors.hpp:21[m[K,
[1.941s]                  from [01m[K/opt/ros/foxy/include/rclcpp/rclcpp.hpp:146[m[K,
[1.941s]                  from [01m[K/home/lorenzo/Two_Wheel/ros_foxy_ws/src/two_wheel_control/include/two_wheel_control/two_wheel_ID_controller.hpp:5[m[K,
[1.941s]                  from [01m[K/home/lorenzo/Two_Wheel/ros_foxy_ws/src/two_wheel_control/src/two_wheel_ID_controller.cpp:1[m[K:
[1.941s] /opt/ros/foxy/include/rclcpp/function_traits.hpp: In instantiation of ‘[01m[Kstruct rclcpp::function_traits::function_traits<std::_Bind<two_wheel_id_controller::TwoWheelIDController*(void (two_wheel_id_controller::TwoWheelIDController::*)(const two_wheel_control_msgs::msg::Command_<std::allocator<void> >&), std::_Placeholder<1>)> >[m[K’:
[1.941s] [01m[K/opt/ros/foxy/include/rclcpp/subscription_traits.hpp:97:8:[m[K   required from ‘[01m[Kstruct rclcpp::subscription_traits::has_message_type<std::_Bind<two_wheel_id_controller::TwoWheelIDController*(void (two_wheel_id_controller::TwoWheelIDController::*)(const two_wheel_control_msgs::msg::Command_<std::allocator<void> >&), std::_Placeholder<1>)>, std::allocator<void>, void, void, void, void>[m[K’
[1.941s] [01m[K/opt/ros/foxy/include/rclcpp/node.hpp:204:5:[m[K   required by substitution of ‘[01m[Ktemplate<class MessageT, class CallbackT, class AllocatorT, class CallbackMessageT, class SubscriptionT, class MessageMemoryStrategyT> std::shared_ptr<SubscriptionT> rclcpp::Node::create_subscription(const string&, const rclcpp::QoS&, CallbackT&&, const rclcpp::SubscriptionOptionsWithAllocator<AllocatorT>&, typename MessageMemoryStrategyT::SharedPtr) [with MessageT = two_wheel_control_msgs::msg::Command_<std::allocator<void> >; CallbackT = std::_Bind<two_wheel_id_controller::TwoWheelIDController*(void (two_wheel_id_controller::TwoWheelIDController::*)(const two_wheel_control_msgs::msg::Command_<std::allocator<void> >&), std::_Placeholder<1>)>; AllocatorT = std::allocator<void>; CallbackMessageT = <missing>; SubscriptionT = <missing>; MessageMemoryStrategyT = <missing>][m[K’
[1.942s] [01m[K/home/lorenzo/Two_Wheel/ros_foxy_ws/src/two_wheel_control/src/two_wheel_ID_controller.cpp:17:182:[m[K   required from here
[1.942s] [01m[K/opt/ros/foxy/include/rclcpp/function_traits.hpp:51:9:[m[K [01;31m[Kerror: [m[Kdecltype cannot resolve address of overloaded function
[1.942s]    51 |   using [01;31m[Karguments[m[K = typename tuple_tail<
[1.942s]       |         [01;31m[K^~~~~~~~~[m[K
[1.942s] [01m[K/opt/ros/foxy/include/rclcpp/function_traits.hpp:57:9:[m[K [01;31m[Kerror: [m[Kdecltype cannot resolve address of overloaded function
[1.942s]    57 |   using [01;31m[Kargument_type[m[K = typename std::tuple_element<N, arguments>::type;
[1.942s]       |         [01;31m[K^~~~~~~~~~~~~[m[K
[1.942s] [01m[K/opt/ros/foxy/include/rclcpp/function_traits.hpp:59:9:[m[K [01;31m[Kerror: [m[Kdecltype cannot resolve address of overloaded function
[1.943s]    59 |   using [01;31m[Kreturn_type[m[K = typename function_traits<decltype( &FunctionT::operator())>::return_type;
[1.943s]       |         [01;31m[K^~~~~~~~~~~[m[K
[1.943s] [01m[K/home/lorenzo/Two_Wheel/ros_foxy_ws/src/two_wheel_control/src/two_wheel_ID_controller.cpp:17:182:[m[K [01;31m[Kerror: [m[Kno matching function for call to ‘[01m[Krclcpp::Node::create_subscription<two_wheel_control_msgs::msg::Command>(const char [18], int, std::_Bind_helper<false, two_wheel_id_controller::TwoWheelIDController*, void (two_wheel_id_controller::TwoWheelIDController::*)(const two_wheel_control_msgs::msg::Command_<std::allocator<void> >&), const std::_Placeholder<1>&>::type)[m[K’
[1.943s]    17 |     _sub = this->node_->create_subscription<two_wheel_control_msgs::msg::Command>("two_wheel_command", 10, std::bind(this, &TwoWheelIDController::subCallback, std::placeholders::_1)[01;31m[K)[m[K;
[1.943s]       |                                                                                                                                                                                      [01;31m[K^[m[K
[1.943s] In file included from [01m[K/opt/ros/foxy/include/rclcpp/executors/single_threaded_executor.hpp:28[m[K,
[1.943s]                  from [01m[K/opt/ros/foxy/include/rclcpp/executors.hpp:22[m[K,
[1.944s]                  from [01m[K/opt/ros/foxy/include/rclcpp/rclcpp.hpp:146[m[K,
[1.944s]                  from [01m[K/home/lorenzo/Two_Wheel/ros_foxy_ws/src/two_wheel_control/include/two_wheel_control/two_wheel_ID_controller.hpp:5[m[K,
[1.944s]                  from [01m[K/home/lorenzo/Two_Wheel/ros_foxy_ws/src/two_wheel_control/src/two_wheel_ID_controller.cpp:1[m[K:
[1.944s] [01m[K/opt/ros/foxy/include/rclcpp/node.hpp:213:3:[m[K [01;36m[Knote: [m[Kcandidate: ‘[01m[Ktemplate<class MessageT, class CallbackT, class AllocatorT, class CallbackMessageT, class SubscriptionT, class MessageMemoryStrategyT> std::shared_ptr<SubscriptionT> rclcpp::Node::create_subscription(const string&, const rclcpp::QoS&, CallbackT&&, const rclcpp::SubscriptionOptionsWithAllocator<AllocatorT>&, typename MessageMemoryStrategyT::SharedPtr)[m[K’
[1.944s]   213 |   [01;36m[Kcreate_subscription[m[K(
[1.944s]       |   [01;36m[K^~~~~~~~~~~~~~~~~~~[m[K
[1.944s] [01m[K/opt/ros/foxy/include/rclcpp/node.hpp:213:3:[m[K [01;36m[Knote: [m[K  substitution of deduced template arguments resulted in errors seen above
[1.945s] [01m[K/home/lorenzo/Two_Wheel/ros_foxy_ws/src/two_wheel_control/src/two_wheel_ID_controller.cpp:18:1:[m[K [01;35m[Kwarning: [m[Kno return statement in function returning non-void [[01;35m[K-Wreturn-type[m[K]
[1.945s]    18 | [01;35m[K}[m[K
[1.945s]       | [01;35m[K^[m[K
[1.945s] [01m[K/home/lorenzo/Two_Wheel/ros_foxy_ws/src/two_wheel_control/src/two_wheel_ID_controller.cpp:16:81:[m[K [01;35m[Kwarning: [m[Kunused parameter ‘[01m[Kcontroller_name[m[K’ [[01;35m[K-Wunused-parameter[m[K]
[1.945s]    16 | controller_interface::return_type TwoWheelIDController::init([01;35m[Kconst std::string &controller_name[m[K){
[1.945s]       |                                                              [01;35m[K~~~~~~~~~~~~~~~~~~~^~~~~~~~~~~~~~~[m[K
[1.945s] [01m[K/home/lorenzo/Two_Wheel/ros_foxy_ws/src/two_wheel_control/src/two_wheel_ID_controller.cpp:[m[K In member function ‘[01m[Kcontroller_interface::interface_configuration_type two_wheel_id_controller::TwoWheelIDController::command_interface_configuration()[m[K’:
[1.945s] [01m[K/home/lorenzo/Two_Wheel/ros_foxy_ws/src/two_wheel_control/src/two_wheel_ID_controller.cpp:22:1:[m[K [01;35m[Kwarning: [m[Kno return statement in function returning non-void [[01;35m[K-Wreturn-type[m[K]
[1.946s]    22 | [01;35m[K}[m[K
[1.946s]       | [01;35m[K^[m[K
[1.946s] [01m[K/home/lorenzo/Two_Wheel/ros_foxy_ws/src/two_wheel_control/src/two_wheel_ID_controller.cpp:[m[K In member function ‘[01m[Kcontroller_interface::interface_configuration_type two_wheel_id_controller::TwoWheelIDController::state_interface_configuration()[m[K’:
[1.946s] [01m[K/home/lorenzo/Two_Wheel/ros_foxy_ws/src/two_wheel_control/src/two_wheel_ID_controller.cpp:26:1:[m[K [01;35m[Kwarning: [m[Kno return statement in function returning non-void [[01;35m[K-Wreturn-type[m[K]
[1.946s]    26 | [01;35m[K}[m[K
[1.946s]       | [01;35m[K^[m[K
[1.946s] [01m[K/home/lorenzo/Two_Wheel/ros_foxy_ws/src/two_wheel_control/src/two_wheel_ID_controller.cpp:[m[K In member function ‘[01m[Kcontroller_interface::return_type two_wheel_id_controller::TwoWheelIDController::on_configure()[m[K’:
[1.947s] [01m[K/home/lorenzo/Two_Wheel/ros_foxy_ws/src/two_wheel_control/src/two_wheel_ID_controller.cpp:30:1:[m[K [01;35m[Kwarning: [m[Kno return statement in function returning non-void [[01;35m[K-Wreturn-type[m[K]
[1.947s]    30 | [01;35m[K}[m[K
[1.947s]       | [01;35m[K^[m[K
[1.947s] [01m[K/home/lorenzo/Two_Wheel/ros_foxy_ws/src/two_wheel_control/src/two_wheel_ID_controller.cpp:[m[K In member function ‘[01m[Kcontroller_interface::return_type two_wheel_id_controller::TwoWheelIDController::on_activate()[m[K’:
[1.947s] [01m[K/home/lorenzo/Two_Wheel/ros_foxy_ws/src/two_wheel_control/src/two_wheel_ID_controller.cpp:34:1:[m[K [01;35m[Kwarning: [m[Kno return statement in function returning non-void [[01;35m[K-Wreturn-type[m[K]
[1.947s]    34 | [01;35m[K}[m[K
[1.947s]       | [01;35m[K^[m[K
[1.947s] [01m[K/home/lorenzo/Two_Wheel/ros_foxy_ws/src/two_wheel_control/src/two_wheel_ID_controller.cpp:[m[K In member function ‘[01m[Kcontroller_interface::return_type two_wheel_id_controller::TwoWheelIDController::on_deactivate()[m[K’:
[1.948s] [01m[K/home/lorenzo/Two_Wheel/ros_foxy_ws/src/two_wheel_control/src/two_wheel_ID_controller.cpp:38:1:[m[K [01;35m[Kwarning: [m[Kno return statement in function returning non-void [[01;35m[K-Wreturn-type[m[K]
[1.948s]    38 | [01;35m[K}[m[K
[1.948s]       | [01;35m[K^[m[K
[1.948s] [01m[K/home/lorenzo/Two_Wheel/ros_foxy_ws/src/two_wheel_control/src/two_wheel_ID_controller.cpp:[m[K In member function ‘[01m[Kvirtual controller_interface::return_type two_wheel_id_controller::TwoWheelIDController::update()[m[K’:
[1.948s] [01m[K/home/lorenzo/Two_Wheel/ros_foxy_ws/src/two_wheel_control/src/two_wheel_ID_controller.cpp:42:1:[m[K [01;35m[Kwarning: [m[Kno return statement in function returning non-void [[01;35m[K-Wreturn-type[m[K]
[1.948s]    42 | [01;35m[K}[m[K
[1.948s]       | [01;35m[K^[m[K
[1.949s] [01m[K/home/lorenzo/Two_Wheel/ros_foxy_ws/src/two_wheel_control/src/two_wheel_ID_controller.cpp:[m[K In member function ‘[01m[Kvoid two_wheel_id_controller::TwoWheelIDController::subCallback(const Command&)[m[K’:
[1.949s] [01m[K/home/lorenzo/Two_Wheel/ros_foxy_ws/src/two_wheel_control/src/two_wheel_ID_controller.cpp:44:84:[m[K [01;35m[Kwarning: [m[Kunused parameter ‘[01m[Kmsg[m[K’ [[01;35m[K-Wunused-parameter[m[K]
[1.949s]    44 | void TwoWheelIDController::subCallback([01;35m[Kconst two_wheel_control_msgs::msg::Command &msg[m[K){
[1.949s]       |                                        [01;35m[K~~~~~~~~~~~~~~~~~~~~~~~~~~~~~~~~~~~~~~~~~~~~^~~[m[K
[2.430s] In file included from [01m[K/opt/ros/foxy/include/class_loader/class_loader_core.hpp:57[m[K,
[2.431s]                  from [01m[K/opt/ros/foxy/include/class_loader/class_loader.hpp:55[m[K,
[2.431s]                  from [01m[K/opt/ros/foxy/include/pluginlib/class_list_macros.hpp:40[m[K,
[2.431s]                  from [01m[K/home/lorenzo/Two_Wheel/ros_foxy_ws/src/two_wheel_control/include/two_wheel_control/two_wheel_ID_controller.hpp:4[m[K,
[2.431s]                  from [01m[K/home/lorenzo/Two_Wheel/ros_foxy_ws/src/two_wheel_control/src/two_wheel_ID_controller.cpp:1[m[K:
[2.431s] /opt/ros/foxy/include/class_loader/meta_object.hpp: In instantiation of ‘[01m[KB* class_loader::impl::MetaObject<C, B>::create() const [with C = two_wheel_id_controller::TwoWheelIDController; B = controller_interface::ControllerInterface][m[K’:
[2.431s] [01m[K/opt/ros/foxy/include/class_loader/meta_object.hpp:216:7:[m[K   required from here
[2.432s] [01m[K/opt/ros/foxy/include/class_loader/meta_object.hpp:218:12:[m[K [01;31m[Kerror: [m[Kinvalid new-expression of abstract class type ‘[01m[Ktwo_wheel_id_controller::TwoWheelIDController[m[K’
[2.432s]   218 |     return [01;31m[Knew C[m[K;
[2.432s]       |            [01;31m[K^~~~~[m[K
[2.432s] In file included from [01m[K/home/lorenzo/Two_Wheel/ros_foxy_ws/src/two_wheel_control/src/two_wheel_ID_controller.cpp:1[m[K:
[2.432s] [01m[K/home/lorenzo/Two_Wheel/ros_foxy_ws/src/two_wheel_control/include/two_wheel_control/two_wheel_ID_controller.hpp:12:11:[m[K [01;36m[Knote: [m[K  because the following virtual functions are pure within ‘[01m[Ktwo_wheel_id_controller::TwoWheelIDController[m[K’:
[2.432s]    12 |     class [01;36m[KTwoWheelIDController[m[K : public controller_interface::ControllerInterface{
[2.433s]       |           [01;36m[K^~~~~~~~~~~~~~~~~~~~[m[K
[2.433s] In file included from [01m[K/home/lorenzo/Two_Wheel/ros_foxy_ws/src/two_wheel_control/include/two_wheel_control/two_wheel_ID_controller.hpp:6[m[K,
[2.433s]                  from [01m[K/home/lorenzo/Two_Wheel/ros_foxy_ws/src/two_wheel_control/src/two_wheel_ID_controller.cpp:1[m[K:
[2.433s] [01m[K/opt/ros/foxy/include/controller_interface/controller_interface.hpp:78:34:[m[K [01;36m[Knote: [m[K	‘[01m[Kvirtual controller_interface::InterfaceConfiguration controller_interface::ControllerInterface::command_interface_configuration() const[m[K’
[2.433s]    78 |   virtual InterfaceConfiguration [01;36m[Kcommand_interface_configuration[m[K() const = 0;
[2.433s]       |                                  [01;36m[K^~~~~~~~~~~~~~~~~~~~~~~~~~~~~~~[m[K
[2.433s] [01m[K/opt/ros/foxy/include/controller_interface/controller_interface.hpp:81:34:[m[K [01;36m[Knote: [m[K	‘[01m[Kvirtual controller_interface::InterfaceConfiguration controller_interface::ControllerInterface::state_interface_configuration() const[m[K’
[2.434s]    81 |   virtual InterfaceConfiguration [01;36m[Kstate_interface_configuration[m[K() const = 0;
[2.434s]       |                                  [01;36m[K^~~~~~~~~~~~~~~~~~~~~~~~~~~~~[m[K
[2.500s] make[2]: *** [CMakeFiles/two_wheel_control.dir/build.make:63: CMakeFiles/two_wheel_control.dir/src/two_wheel_ID_controller.cpp.o] Errore 1
[2.501s] make[1]: *** [CMakeFiles/Makefile2:78: CMakeFiles/two_wheel_control.dir/all] Errore 2
[2.501s] make: *** [Makefile:141: all] Errore 2
[2.503s] Invoked command in '/home/lorenzo/Two_Wheel/ros_foxy_ws/build/two_wheel_control' returned '2': AMENT_PREFIX_PATH=/home/lorenzo/Two_Wheel/ros_foxy_ws/install:${AMENT_PREFIX_PATH} CMAKE_PREFIX_PATH=/home/lorenzo/Two_Wheel/ros_foxy_ws/install:/home/lorenzo/Two_Wheel/ros_foxy_ws/install/two_wheel_control_msgs:/home/lorenzo/Two_Wheel/ros_foxy_ws/install/two_wheel_control:/home/lorenzo/Two_Wheel/ros_foxy_ws/install/two_wheel_sim:/home/lorenzo/Two_Wheel/ros_foxy_ws/install/Two_Wheel_sim:/opt/ros/foxy LD_LIBRARY_PATH=/home/lorenzo/Two_Wheel/ros_foxy_ws/install/lib:${LD_LIBRARY_PATH} PYTHONPATH=/home/lorenzo/Two_Wheel/ros_foxy_ws/install/lib/python3.8/site-packages:${PYTHONPATH} /usr/bin/cmake --build /home/lorenzo/Two_Wheel/ros_foxy_ws/build/two_wheel_control -- -j4 -l4
