[0.033s] Invoking command in '/home/lorenzo/Two_Wheel/ros_foxy_ws/build/two_wheel_sim': CMAKE_PREFIX_PATH=${CMAKE_PREFIX_PATH}:/opt/ros/foxy /usr/bin/cmake --build /home/lorenzo/Two_Wheel/ros_foxy_ws/build/two_wheel_sim -- -j4 -l4
[0.233s] Invoked command in '/home/lorenzo/Two_Wheel/ros_foxy_ws/build/two_wheel_sim' returned '0': CMAKE_PREFIX_PATH=${CMAKE_PREFIX_PATH}:/opt/ros/foxy /usr/bin/cmake --build /home/lorenzo/Two_Wheel/ros_foxy_ws/build/two_wheel_sim -- -j4 -l4
[0.290s] Invoking command in '/home/lorenzo/Two_Wheel/ros_foxy_ws/build/two_wheel_sim': CMAKE_PREFIX_PATH=${CMAKE_PREFIX_PATH}:/opt/ros/foxy /usr/bin/cmake --install /home/lorenzo/Two_Wheel/ros_foxy_ws/build/two_wheel_sim
[0.304s] -- Install configuration: ""
[0.304s] -- Up-to-date: /home/lorenzo/Two_Wheel/ros_foxy_ws/install/share/two_wheel_sim/urdf
[0.304s] -- Up-to-date: /home/lorenzo/Two_Wheel/ros_foxy_ws/install/share/two_wheel_sim/urdf/two_wheel.xacro.urdf
[0.305s] -- Up-to-date: /home/lorenzo/Two_Wheel/ros_foxy_ws/install/share/two_wheel_sim/launch
[0.305s] -- Up-to-date: /home/lorenzo/Two_Wheel/ros_foxy_ws/install/share/two_wheel_sim/launch/two_wheel_sim.launch.py
[0.305s] -- Up-to-date: /home/lorenzo/Two_Wheel/ros_foxy_ws/install/share/ament_index/resource_index/package_run_dependencies/two_wheel_sim
[0.306s] -- Up-to-date: /home/lorenzo/Two_Wheel/ros_foxy_ws/install/share/ament_index/resource_index/parent_prefix_path/two_wheel_sim
[0.306s] -- Up-to-date: /home/lorenzo/Two_Wheel/ros_foxy_ws/install/share/two_wheel_sim/environment/ament_prefix_path.sh
[0.306s] -- Up-to-date: /home/lorenzo/Two_Wheel/ros_foxy_ws/install/share/two_wheel_sim/environment/ament_prefix_path.dsv
[0.308s] -- Up-to-date: /home/lorenzo/Two_Wheel/ros_foxy_ws/install/share/two_wheel_sim/environment/path.sh
[0.309s] -- Up-to-date: /home/lorenzo/Two_Wheel/ros_foxy_ws/install/share/two_wheel_sim/environment/path.dsv
[0.313s] -- Up-to-date: /home/lorenzo/Two_Wheel/ros_foxy_ws/install/share/two_wheel_sim/local_setup.bash
[0.314s] -- Up-to-date: /home/lorenzo/Two_Wheel/ros_foxy_ws/install/share/two_wheel_sim/local_setup.sh
[0.314s] -- Up-to-date: /home/lorenzo/Two_Wheel/ros_foxy_ws/install/share/two_wheel_sim/local_setup.zsh
[0.315s] -- Up-to-date: /home/lorenzo/Two_Wheel/ros_foxy_ws/install/share/two_wheel_sim/local_setup.dsv
[0.315s] -- Installing: /home/lorenzo/Two_Wheel/ros_foxy_ws/install/share/two_wheel_sim/package.dsv
[0.315s] -- Up-to-date: /home/lorenzo/Two_Wheel/ros_foxy_ws/install/share/ament_index/resource_index/packages/two_wheel_sim
[0.315s] -- Up-to-date: /home/lorenzo/Two_Wheel/ros_foxy_ws/install/share/two_wheel_sim/cmake/two_wheel_simConfig.cmake
[0.316s] -- Up-to-date: /home/lorenzo/Two_Wheel/ros_foxy_ws/install/share/two_wheel_sim/cmake/two_wheel_simConfig-version.cmake
[0.316s] -- Up-to-date: /home/lorenzo/Two_Wheel/ros_foxy_ws/install/share/two_wheel_sim/package.xml
[0.317s] Invoked command in '/home/lorenzo/Two_Wheel/ros_foxy_ws/build/two_wheel_sim' returned '0': CMAKE_PREFIX_PATH=${CMAKE_PREFIX_PATH}:/opt/ros/foxy /usr/bin/cmake --install /home/lorenzo/Two_Wheel/ros_foxy_ws/build/two_wheel_sim
