[0.022s] Invoking command in '/home/lorenzo/Two_Wheel/ros_foxy_ws/build/two_wheel_sim': CMAKE_PREFIX_PATH=${CMAKE_PREFIX_PATH}:/opt/ros/foxy /usr/bin/cmake /home/lorenzo/Two_Wheel/ros_foxy_ws/src/two_wheel_sim -DCMAKE_INSTALL_PREFIX=/home/lorenzo/Two_Wheel/ros_foxy_ws/install/two_wheel_sim
[0.094s] -- The C compiler identification is GNU 9.4.0
[0.161s] -- The CXX compiler identification is GNU 9.4.0
[0.167s] -- Check for working C compiler: /usr/bin/cc
[0.249s] -- Check for working C compiler: /usr/bin/cc -- works
[0.250s] -- Detecting C compiler ABI info
[0.335s] -- Detecting C compiler ABI info - done
[0.350s] -- Detecting C compile features
[0.350s] -- Detecting C compile features - done
[0.354s] -- Check for working CXX compiler: /usr/bin/c++
[0.449s] -- Check for working CXX compiler: /usr/bin/c++ -- works
[0.450s] -- Detecting CXX compiler ABI info
[0.557s] -- Detecting CXX compiler ABI info - done
[0.573s] -- Detecting CXX compile features
[0.574s] -- Detecting CXX compile features - done
[0.576s] -- Found ament_cmake: 0.9.9 (/opt/ros/foxy/share/ament_cmake/cmake)
[0.607s] -- Found PythonInterp: /usr/bin/python3 (found suitable version "3.8.10", minimum required is "3") 
[0.608s] -- Using PYTHON_EXECUTABLE: /usr/bin/python3
[0.908s] -- Found ament_lint_auto: 0.9.6 (/opt/ros/foxy/share/ament_lint_auto/cmake)
[0.981s] CMake Error at /opt/ros/foxy/share/ament_cmake_core/cmake/core/ament_package_xml.cmake:53 (message):
[0.981s]   ament_package_xml() package name 'two_wheel_sim' in '/package.xml' does not
[0.981s]   match current PROJECT_NAME 'Two_Wheel_sim'.  You must call project() with
[0.982s]   the same package name before.
[0.982s] Call Stack (most recent call first):
[0.982s]   /opt/ros/foxy/share/ament_lint_auto/cmake/ament_lint_auto_find_test_dependencies.cmake:31 (ament_package_xml)
[0.982s]   CMakeLists.txt:37 (ament_lint_auto_find_test_dependencies)
[0.982s] 
[0.982s] 
[0.983s] -- Configuring incomplete, errors occurred!
[0.983s] See also "/home/lorenzo/Two_Wheel/ros_foxy_ws/build/two_wheel_sim/CMakeFiles/CMakeOutput.log".
[0.987s] Invoked command in '/home/lorenzo/Two_Wheel/ros_foxy_ws/build/two_wheel_sim' returned '1': CMAKE_PREFIX_PATH=${CMAKE_PREFIX_PATH}:/opt/ros/foxy /usr/bin/cmake /home/lorenzo/Two_Wheel/ros_foxy_ws/src/two_wheel_sim -DCMAKE_INSTALL_PREFIX=/home/lorenzo/Two_Wheel/ros_foxy_ws/install/two_wheel_sim
