[0.041s] Invoking command in '/home/lorenzo/Two_Wheel/ros_foxy_ws/build/two_wheel_control_msgs': CMAKE_PREFIX_PATH=${CMAKE_PREFIX_PATH}:/opt/ros/foxy /usr/bin/cmake --build /home/lorenzo/Two_Wheel/ros_foxy_ws/build/two_wheel_control_msgs -- -j4 -l4
[0.080s] -- Found ament_cmake: 0.9.9 (/opt/ros/foxy/share/ament_cmake/cmake)
[0.117s] -- Using PYTHON_EXECUTABLE: /usr/bin/python3
[0.510s] -- Found rosidl_default_generators: 1.0.1 (/opt/ros/foxy/share/rosidl_default_generators/cmake)
[0.517s] -- Using all available rosidl_typesupport_c: rosidl_typesupport_fastrtps_c;rosidl_typesupport_introspection_c
[0.523s] -- Found rosidl_adapter: 1.2.1 (/opt/ros/foxy/share/rosidl_adapter/cmake)
[0.699s] -- Using all available rosidl_typesupport_cpp: rosidl_typesupport_fastrtps_cpp;rosidl_typesupport_introspection_cpp
[0.761s] -- Found PythonInterp: /usr/bin/python3 (found version "3.8.10") 
[1.032s] CMake Error at /opt/ros/foxy/share/rosidl_adapter/cmake/rosidl_adapt_interfaces.cmake:60 (message):
[1.032s]   execute_process(/usr/bin/python3 -m rosidl_adapter --package-name
[1.032s]   two_wheel_control_msgs --arguments-file
[1.032s]   /home/lorenzo/Two_Wheel/ros_foxy_ws/build/two_wheel_control_msgs/rosidl_adapter__arguments__two_wheel_control_msgs.json
[1.032s]   --output-dir
[1.033s]   /home/lorenzo/Two_Wheel/ros_foxy_ws/build/two_wheel_control_msgs/rosidl_adapter/two_wheel_control_msgs
[1.033s]   --output-file
[1.033s]   /home/lorenzo/Two_Wheel/ros_foxy_ws/build/two_wheel_control_msgs/rosidl_adapter/two_wheel_control_msgs.idls)
[1.033s]   returned error code 1:
[1.033s] 
[1.033s]   Traceback (most recent call last):
[1.033s] 
[1.034s]     File "/usr/lib/python3.8/runpy.py", line 194, in _run_module_as_main
[1.034s]       return _run_code(code, main_globals, None,
[1.034s]     File "/usr/lib/python3.8/runpy.py", line 87, in _run_code
[1.034s]       exec(code, run_globals)
[1.034s]     File "/opt/ros/foxy/lib/python3.8/site-packages/rosidl_adapter/__main__.py", line 19, in <module>
[1.034s]       sys.exit(main())
[1.034s]     File "/opt/ros/foxy/lib/python3.8/site-packages/rosidl_adapter/main.py", line 53, in main
[1.035s]       abs_idl_file = convert_to_idl(
[1.035s]     File "/opt/ros/foxy/lib/python3.8/site-packages/rosidl_adapter/__init__.py", line 19, in convert_to_idl
[1.035s]       return convert_msg_to_idl(
[1.035s]     File "/opt/ros/foxy/lib/python3.8/site-packages/rosidl_adapter/msg/__init__.py", line 28, in convert_msg_to_idl
[1.035s]       msg = parse_message_string(package_name, input_file.stem, content)
[1.035s]     File "/opt/ros/foxy/lib/python3.8/site-packages/rosidl_adapter/parser.py", line 540, in parse_message_string
[1.035s]       msg = MessageSpecification(pkg_name, msg_name, fields, constants)
[1.036s]     File "/opt/ros/foxy/lib/python3.8/site-packages/rosidl_adapter/parser.py", line 387, in __init__
[1.036s]       self.base_type = BaseType(
[1.036s]     File "/opt/ros/foxy/lib/python3.8/site-packages/rosidl_adapter/parser.py", line 204, in __init__
[1.036s]       raise InvalidResourceName(
[1.036s] 
[1.036s]   rosidl_adapter.parser.InvalidResourceName: 'command' is an invalid message
[1.036s]   name.  It should have the pattern '^[A-Z][A-Za-z0-9]*$'
[1.037s] 
[1.037s] Call Stack (most recent call first):
[1.037s]   /opt/ros/foxy/share/rosidl_cmake/cmake/rosidl_generate_interfaces.cmake:130 (rosidl_adapt_interfaces)
[1.037s]   CMakeLists.txt:21 (rosidl_generate_interfaces)
[1.037s] 
[1.037s] 
[1.037s] -- Configuring incomplete, errors occurred!
[1.037s] See also "/home/lorenzo/Two_Wheel/ros_foxy_ws/build/two_wheel_control_msgs/CMakeFiles/CMakeOutput.log".
[1.040s] make: *** [Makefile:222: cmake_check_build_system] Errore 1
[1.043s] Invoked command in '/home/lorenzo/Two_Wheel/ros_foxy_ws/build/two_wheel_control_msgs' returned '2': CMAKE_PREFIX_PATH=${CMAKE_PREFIX_PATH}:/opt/ros/foxy /usr/bin/cmake --build /home/lorenzo/Two_Wheel/ros_foxy_ws/build/two_wheel_control_msgs -- -j4 -l4
