[0.156s] Invoking command in '/home/lorenzo/Two_Wheel/ros_foxy_ws/build/two_wheel_sim': CMAKE_PREFIX_PATH=${CMAKE_PREFIX_PATH}:/opt/ros/foxy /usr/bin/cmake /home/lorenzo/Two_Wheel/ros_foxy_ws/src/two_wheel_sim -DCMAKE_INSTALL_PREFIX=/home/lorenzo/Two_Wheel/ros_foxy_ws/install/two_wheel_sim
[0.230s] -- Found ament_cmake: 0.9.9 (/opt/ros/foxy/share/ament_cmake/cmake)
[0.331s] -- Using PYTHON_EXECUTABLE: /usr/bin/python3
[1.012s] -- Found ament_lint_auto: 0.9.6 (/opt/ros/foxy/share/ament_lint_auto/cmake)
[1.423s] -- Added test 'copyright' to check source files copyright and LICENSE
[1.428s] -- Added test 'flake8' to check Python code syntax and style conventions
[1.432s] -- Added test 'lint_cmake' to check CMake code style
[1.435s] -- Added test 'pep257' to check Python code against some of the style conventions in PEP 257
[1.442s] -- Added test 'xmllint' to check XML markup files
[1.460s] -- Configuring done
[1.473s] -- Generating done
[1.479s] -- Build files have been written to: /home/lorenzo/Two_Wheel/ros_foxy_ws/build/two_wheel_sim
[1.489s] Invoked command in '/home/lorenzo/Two_Wheel/ros_foxy_ws/build/two_wheel_sim' returned '0': CMAKE_PREFIX_PATH=${CMAKE_PREFIX_PATH}:/opt/ros/foxy /usr/bin/cmake /home/lorenzo/Two_Wheel/ros_foxy_ws/src/two_wheel_sim -DCMAKE_INSTALL_PREFIX=/home/lorenzo/Two_Wheel/ros_foxy_ws/install/two_wheel_sim
[1.497s] Invoking command in '/home/lorenzo/Two_Wheel/ros_foxy_ws/build/two_wheel_sim': CMAKE_PREFIX_PATH=${CMAKE_PREFIX_PATH}:/opt/ros/foxy /usr/bin/cmake --build /home/lorenzo/Two_Wheel/ros_foxy_ws/build/two_wheel_sim -- -j4 -l4
[1.672s] Invoked command in '/home/lorenzo/Two_Wheel/ros_foxy_ws/build/two_wheel_sim' returned '0': CMAKE_PREFIX_PATH=${CMAKE_PREFIX_PATH}:/opt/ros/foxy /usr/bin/cmake --build /home/lorenzo/Two_Wheel/ros_foxy_ws/build/two_wheel_sim -- -j4 -l4
[1.941s] Invoking command in '/home/lorenzo/Two_Wheel/ros_foxy_ws/build/two_wheel_sim': CMAKE_PREFIX_PATH=${CMAKE_PREFIX_PATH}:/opt/ros/foxy /usr/bin/cmake --install /home/lorenzo/Two_Wheel/ros_foxy_ws/build/two_wheel_sim
[1.988s] -- Install configuration: ""
[1.989s] -- Installing: /home/lorenzo/Two_Wheel/ros_foxy_ws/install/two_wheel_sim/share/two_wheel_sim/urdf
[1.989s] -- Installing: /home/lorenzo/Two_Wheel/ros_foxy_ws/install/two_wheel_sim/share/two_wheel_sim/urdf/two_wheel.xacro.urdf
[1.989s] -- Installing: /home/lorenzo/Two_Wheel/ros_foxy_ws/install/two_wheel_sim/share/two_wheel_sim/launch
[1.990s] -- Installing: /home/lorenzo/Two_Wheel/ros_foxy_ws/install/two_wheel_sim/share/two_wheel_sim/launch/two_wheel_sim.launch.py
[1.990s] -- Installing: /home/lorenzo/Two_Wheel/ros_foxy_ws/install/two_wheel_sim/share/ament_index/resource_index/package_run_dependencies/two_wheel_sim
[1.990s] -- Installing: /home/lorenzo/Two_Wheel/ros_foxy_ws/install/two_wheel_sim/share/ament_index/resource_index/parent_prefix_path/two_wheel_sim
[1.990s] -- Installing: /home/lorenzo/Two_Wheel/ros_foxy_ws/install/two_wheel_sim/share/two_wheel_sim/environment/ament_prefix_path.sh
[1.991s] -- Installing: /home/lorenzo/Two_Wheel/ros_foxy_ws/install/two_wheel_sim/share/two_wheel_sim/environment/ament_prefix_path.dsv
[1.991s] -- Installing: /home/lorenzo/Two_Wheel/ros_foxy_ws/install/two_wheel_sim/share/two_wheel_sim/environment/path.sh
[1.991s] -- Installing: /home/lorenzo/Two_Wheel/ros_foxy_ws/install/two_wheel_sim/share/two_wheel_sim/environment/path.dsv
[1.992s] -- Installing: /home/lorenzo/Two_Wheel/ros_foxy_ws/install/two_wheel_sim/share/two_wheel_sim/local_setup.bash
[1.992s] -- Installing: /home/lorenzo/Two_Wheel/ros_foxy_ws/install/two_wheel_sim/share/two_wheel_sim/local_setup.sh
[1.992s] -- Installing: /home/lorenzo/Two_Wheel/ros_foxy_ws/install/two_wheel_sim/share/two_wheel_sim/local_setup.zsh
[1.992s] -- Installing: /home/lorenzo/Two_Wheel/ros_foxy_ws/install/two_wheel_sim/share/two_wheel_sim/local_setup.dsv
[1.993s] -- Installing: /home/lorenzo/Two_Wheel/ros_foxy_ws/install/two_wheel_sim/share/two_wheel_sim/package.dsv
[1.993s] -- Installing: /home/lorenzo/Two_Wheel/ros_foxy_ws/install/two_wheel_sim/share/ament_index/resource_index/packages/two_wheel_sim
[1.993s] -- Installing: /home/lorenzo/Two_Wheel/ros_foxy_ws/install/two_wheel_sim/share/two_wheel_sim/cmake/two_wheel_simConfig.cmake
[1.994s] -- Installing: /home/lorenzo/Two_Wheel/ros_foxy_ws/install/two_wheel_sim/share/two_wheel_sim/cmake/two_wheel_simConfig-version.cmake
[1.994s] -- Installing: /home/lorenzo/Two_Wheel/ros_foxy_ws/install/two_wheel_sim/share/two_wheel_sim/package.xml
[1.998s] Invoked command in '/home/lorenzo/Two_Wheel/ros_foxy_ws/build/two_wheel_sim' returned '0': CMAKE_PREFIX_PATH=${CMAKE_PREFIX_PATH}:/opt/ros/foxy /usr/bin/cmake --install /home/lorenzo/Two_Wheel/ros_foxy_ws/build/two_wheel_sim
