[0.027s] Invoking command in '/home/lorenzo/Two_Wheel/ros_foxy_ws/build/two_wheel_control_msgs': CMAKE_PREFIX_PATH=${CMAKE_PREFIX_PATH}:/opt/ros/foxy /usr/bin/cmake --build /home/lorenzo/Two_Wheel/ros_foxy_ws/build/two_wheel_control_msgs -- -j4 -l4
[0.062s] -- Found ament_cmake: 0.9.9 (/opt/ros/foxy/share/ament_cmake/cmake)
[0.091s] -- Found PythonInterp: /usr/bin/python3 (found suitable version "3.8.10", minimum required is "3") 
[0.091s] -- Using PYTHON_EXECUTABLE: /usr/bin/python3
[0.381s] -- Found rosidl_default_generators: 1.0.1 (/opt/ros/foxy/share/rosidl_default_generators/cmake)
[0.384s] -- Using all available rosidl_typesupport_c: rosidl_typesupport_fastrtps_c;rosidl_typesupport_introspection_c
[0.390s] -- Found rosidl_adapter: 1.2.1 (/opt/ros/foxy/share/rosidl_adapter/cmake)
[0.592s] -- Using all available rosidl_typesupport_cpp: rosidl_typesupport_fastrtps_cpp;rosidl_typesupport_introspection_cpp
[0.668s] -- Found PythonInterp: /usr/bin/python3 (found version "3.8.10") 
[0.906s] CMake Error at /opt/ros/foxy/share/rosidl_adapter/cmake/rosidl_adapt_interfaces.cmake:60 (message):
[0.906s]   execute_process(/usr/bin/python3 -m rosidl_adapter --package-name
[0.906s]   two_wheel_control_msgs --arguments-file
[0.906s]   /home/lorenzo/Two_Wheel/ros_foxy_ws/build/two_wheel_control_msgs/rosidl_adapter__arguments__two_wheel_control_msgs.json
[0.906s]   --output-dir
[0.906s]   /home/lorenzo/Two_Wheel/ros_foxy_ws/build/two_wheel_control_msgs/rosidl_adapter/two_wheel_control_msgs
[0.907s]   --output-file
[0.907s]   /home/lorenzo/Two_Wheel/ros_foxy_ws/build/two_wheel_control_msgs/rosidl_adapter/two_wheel_control_msgs.idls)
[0.907s]   returned error code 1:
[0.907s] 
[0.907s]   Traceback (most recent call last):
[0.907s] 
[0.908s]     File "/usr/lib/python3.8/runpy.py", line 194, in _run_module_as_main
[0.908s]       return _run_code(code, main_globals, None,
[0.908s]     File "/usr/lib/python3.8/runpy.py", line 87, in _run_code
[0.908s]       exec(code, run_globals)
[0.908s]     File "/opt/ros/foxy/lib/python3.8/site-packages/rosidl_adapter/__main__.py", line 19, in <module>
[0.908s]       sys.exit(main())
[0.908s]     File "/opt/ros/foxy/lib/python3.8/site-packages/rosidl_adapter/main.py", line 53, in main
[0.909s]       abs_idl_file = convert_to_idl(
[0.909s]     File "/opt/ros/foxy/lib/python3.8/site-packages/rosidl_adapter/__init__.py", line 19, in convert_to_idl
[0.909s]       return convert_msg_to_idl(
[0.909s]     File "/opt/ros/foxy/lib/python3.8/site-packages/rosidl_adapter/msg/__init__.py", line 28, in convert_msg_to_idl
[0.909s]       msg = parse_message_string(package_name, input_file.stem, content)
[0.909s]     File "/opt/ros/foxy/lib/python3.8/site-packages/rosidl_adapter/parser.py", line 540, in parse_message_string
[0.910s]       msg = MessageSpecification(pkg_name, msg_name, fields, constants)
[0.910s]     File "/opt/ros/foxy/lib/python3.8/site-packages/rosidl_adapter/parser.py", line 387, in __init__
[0.910s]       self.base_type = BaseType(
[0.910s]     File "/opt/ros/foxy/lib/python3.8/site-packages/rosidl_adapter/parser.py", line 204, in __init__
[0.910s]       raise InvalidResourceName(
[0.910s] 
[0.911s]   rosidl_adapter.parser.InvalidResourceName: 'command' is an invalid message
[0.911s]   name.  It should have the pattern '^[A-Z][A-Za-z0-9]*$'
[0.911s] 
[0.911s] Call Stack (most recent call first):
[0.911s]   /opt/ros/foxy/share/rosidl_cmake/cmake/rosidl_generate_interfaces.cmake:130 (rosidl_adapt_interfaces)
[0.911s]   CMakeLists.txt:21 (rosidl_generate_interfaces)
[0.912s] 
[0.912s] 
[0.912s] -- Configuring incomplete, errors occurred!
[0.912s] See also "/home/lorenzo/Two_Wheel/ros_foxy_ws/build/two_wheel_control_msgs/CMakeFiles/CMakeOutput.log".
[0.915s] make: *** [Makefile:222: cmake_check_build_system] Errore 1
[0.918s] Invoked command in '/home/lorenzo/Two_Wheel/ros_foxy_ws/build/two_wheel_control_msgs' returned '2': CMAKE_PREFIX_PATH=${CMAKE_PREFIX_PATH}:/opt/ros/foxy /usr/bin/cmake --build /home/lorenzo/Two_Wheel/ros_foxy_ws/build/two_wheel_control_msgs -- -j4 -l4
