[0.050s] Invoking command in '/home/lorenzo/Two_Wheel/ros_foxy_ws/build/two_wheel_control': CMAKE_PREFIX_PATH=${CMAKE_PREFIX_PATH}:/opt/ros/foxy /usr/bin/cmake /home/lorenzo/Two_Wheel/ros_foxy_ws/src/two_wheel_control -DCMAKE_INSTALL_PREFIX=/home/lorenzo/Two_Wheel/ros_foxy_ws/install/two_wheel_control
[0.167s] -- Found ament_cmake: 0.9.9 (/opt/ros/foxy/share/ament_cmake/cmake)
[0.218s] -- Using PYTHON_EXECUTABLE: /usr/bin/python3
[0.684s] -- Found ros2_control: 0.10.1 (/opt/ros/foxy/share/ros2_control/cmake)
[0.684s] CMake Error at CMakeLists.txt:21 (find_package):
[0.685s]   find_package called with invalid argument "REQURED"
[0.685s] 
[0.685s] 
[0.685s] -- Found ament_lint_auto: 0.9.6 (/opt/ros/foxy/share/ament_lint_auto/cmake)
[0.806s] -- Added test 'copyright' to check source files copyright and LICENSE
[0.808s] -- Added test 'cppcheck' to perform static code analysis on C / C++ code
[0.808s] -- Configured cppcheck include dirs: 
[0.808s] -- Configured cppcheck exclude dirs and/or files: 
[0.810s] -- Added test 'cpplint' to check C / C++ code against the Google style
[0.810s] -- Configured cpplint exclude dirs and/or files: 
[0.812s] -- Added test 'lint_cmake' to check CMake code style
[0.814s] -- Added test 'uncrustify' to check C / C++ code style
[0.814s] -- Configured uncrustify additional arguments: 
[0.815s] -- Added test 'xmllint' to check XML markup files
[0.821s] -- Configuring incomplete, errors occurred!
[0.821s] See also "/home/lorenzo/Two_Wheel/ros_foxy_ws/build/two_wheel_control/CMakeFiles/CMakeOutput.log".
[0.826s] Invoked command in '/home/lorenzo/Two_Wheel/ros_foxy_ws/build/two_wheel_control' returned '1': CMAKE_PREFIX_PATH=${CMAKE_PREFIX_PATH}:/opt/ros/foxy /usr/bin/cmake /home/lorenzo/Two_Wheel/ros_foxy_ws/src/two_wheel_control -DCMAKE_INSTALL_PREFIX=/home/lorenzo/Two_Wheel/ros_foxy_ws/install/two_wheel_control
